ARM GAS  C:\Users\MARCOD~1\AppData\Local\Temp\ccDKcZj1.s 			page 1


   1              		.syntax unified
   2              		.cpu cortex-m3
   3              		.fpu softvfp
   4              		.eabi_attribute 20, 1
   5              		.eabi_attribute 21, 1
   6              		.eabi_attribute 23, 3
   7              		.eabi_attribute 24, 1
   8              		.eabi_attribute 25, 1
   9              		.eabi_attribute 26, 1
  10              		.eabi_attribute 30, 1
  11              		.eabi_attribute 34, 1
  12              		.eabi_attribute 18, 4
  13              		.thumb
  14              		.syntax unified
  15              		.file	"InterruptUART.c"
  16              		.text
  17              	.Ltext0:
  18              		.cfi_sections	.debug_frame
  19              		.section	.text.Custom_ISR_RX,"ax",%progbits
  20              		.align	2
  21              		.global	Custom_ISR_RX
  22              		.thumb
  23              		.thumb_func
  24              		.type	Custom_ISR_RX, %function
  25              	Custom_ISR_RX:
  26              	.LFB64:
  27              		.file 1 "InterruptUART.c"
   1:InterruptUART.c **** /* ========================================
   2:InterruptUART.c ****  *
   3:InterruptUART.c ****  * Copyright YOUR COMPANY, THE YEAR
   4:InterruptUART.c ****  * All Rights Reserved
   5:InterruptUART.c ****  * UNPUBLISHED, LICENSED SOFTWARE.
   6:InterruptUART.c ****  *
   7:InterruptUART.c ****  * CONFIDENTIAL AND PROPRIETARY INFORMATION
   8:InterruptUART.c ****  * WHICH IS THE PROPERTY OF your company.
   9:InterruptUART.c ****  *
  10:InterruptUART.c ****  * ========================================
  11:InterruptUART.c **** */
  12:InterruptUART.c **** #include "InterruptRoutines.h"
  13:InterruptUART.c **** #include "InterruptUART.h"
  14:InterruptUART.c **** #include "VoltageControl.h"
  15:InterruptUART.c **** #include "Calibration.h"
  16:InterruptUART.c **** #include "project.h"
  17:InterruptUART.c **** 
  18:InterruptUART.c **** uint8 Flag_Hn = 0;
  19:InterruptUART.c **** 
  20:InterruptUART.c **** //When a data arrives to the UART set Flag_Hn high
  21:InterruptUART.c **** 
  22:InterruptUART.c **** CY_ISR(Custom_ISR_RX){
  28              		.loc 1 22 0
  29              		.cfi_startproc
  30              		@ args = 0, pretend = 0, frame = 0
  31              		@ frame_needed = 0, uses_anonymous_args = 0
  32              		@ link register save eliminated.
  23:InterruptUART.c ****     
  24:InterruptUART.c ****      Flag_Hn = 1;
  33              		.loc 1 24 0
ARM GAS  C:\Users\MARCOD~1\AppData\Local\Temp\ccDKcZj1.s 			page 2


  34 0000 0122     		movs	r2, #1
  35 0002 014B     		ldr	r3, .L2
  36 0004 1A70     		strb	r2, [r3]
  37 0006 7047     		bx	lr
  38              	.L3:
  39              		.align	2
  40              	.L2:
  41 0008 00000000 		.word	.LANCHOR0
  42              		.cfi_endproc
  43              	.LFE64:
  44              		.size	Custom_ISR_RX, .-Custom_ISR_RX
  45              		.comm	value,1,1
  46              		.comm	Flag_Measure,1,1
  47              		.comm	Value_mV,2,2
  48              		.comm	Flag_Limit,1,1
  49              		.comm	Flag_Period,1,1
  50              		.comm	BufferDataSend,10664,4
  51              		.global	Flag_Hn
  52              		.comm	Start_Measure,1,1
  53              		.comm	DataBuffer6,64,4
  54              		.comm	DataBuffer,4,4
  55              		.bss
  56              		.set	.LANCHOR0,. + 0
  57              		.type	Flag_Hn, %object
  58              		.size	Flag_Hn, 1
  59              	Flag_Hn:
  60 0000 00       		.space	1
  61              		.text
  62              	.Letext0:
  63              		.file 2 "c:\\program files (x86)\\cypress\\psoc creator\\4.4\\psoc creator\\import\\gnu\\arm\\5.4.
  64              		.file 3 "c:\\program files (x86)\\cypress\\psoc creator\\4.4\\psoc creator\\import\\gnu\\arm\\5.4.
  65              		.file 4 "Generated_Source\\PSoC5/cytypes.h"
  66              		.file 5 "InterruptRoutines.h"
  67              		.file 6 "VoltageControl.h"
  68              		.file 7 "Generated_Source\\PSoC5/core_cm3.h"
  69              		.section	.debug_info,"",%progbits
  70              	.Ldebug_info0:
  71 0000 C2010000 		.4byte	0x1c2
  72 0004 0400     		.2byte	0x4
  73 0006 00000000 		.4byte	.Ldebug_abbrev0
  74 000a 04       		.byte	0x4
  75 000b 01       		.uleb128 0x1
  76 000c E9000000 		.4byte	.LASF30
  77 0010 0C       		.byte	0xc
  78 0011 7A000000 		.4byte	.LASF31
  79 0015 09000000 		.4byte	.LASF32
  80 0019 00000000 		.4byte	.Ldebug_ranges0+0
  81 001d 00000000 		.4byte	0
  82 0021 00000000 		.4byte	.Ldebug_line0
  83 0025 02       		.uleb128 0x2
  84 0026 01       		.byte	0x1
  85 0027 06       		.byte	0x6
  86 0028 4E020000 		.4byte	.LASF0
  87 002c 02       		.uleb128 0x2
  88 002d 01       		.byte	0x1
  89 002e 08       		.byte	0x8
  90 002f DB000000 		.4byte	.LASF1
ARM GAS  C:\Users\MARCOD~1\AppData\Local\Temp\ccDKcZj1.s 			page 3


  91 0033 02       		.uleb128 0x2
  92 0034 02       		.byte	0x2
  93 0035 05       		.byte	0x5
  94 0036 1A020000 		.4byte	.LASF2
  95 003a 02       		.uleb128 0x2
  96 003b 02       		.byte	0x2
  97 003c 07       		.byte	0x7
  98 003d AF000000 		.4byte	.LASF3
  99 0041 03       		.uleb128 0x3
 100 0042 9C000000 		.4byte	.LASF9
 101 0046 02       		.byte	0x2
 102 0047 3F       		.byte	0x3f
 103 0048 4C000000 		.4byte	0x4c
 104 004c 02       		.uleb128 0x2
 105 004d 04       		.byte	0x4
 106 004e 05       		.byte	0x5
 107 004f A6000000 		.4byte	.LASF4
 108 0053 02       		.uleb128 0x2
 109 0054 04       		.byte	0x4
 110 0055 07       		.byte	0x7
 111 0056 77010000 		.4byte	.LASF5
 112 005a 02       		.uleb128 0x2
 113 005b 08       		.byte	0x8
 114 005c 05       		.byte	0x5
 115 005d E3010000 		.4byte	.LASF6
 116 0061 02       		.uleb128 0x2
 117 0062 08       		.byte	0x8
 118 0063 07       		.byte	0x7
 119 0064 BD010000 		.4byte	.LASF7
 120 0068 04       		.uleb128 0x4
 121 0069 04       		.byte	0x4
 122 006a 05       		.byte	0x5
 123 006b 696E7400 		.ascii	"int\000"
 124 006f 02       		.uleb128 0x2
 125 0070 04       		.byte	0x4
 126 0071 07       		.byte	0x7
 127 0072 B0010000 		.4byte	.LASF8
 128 0076 03       		.uleb128 0x3
 129 0077 C2000000 		.4byte	.LASF10
 130 007b 03       		.byte	0x3
 131 007c 2C       		.byte	0x2c
 132 007d 41000000 		.4byte	0x41
 133 0081 05       		.uleb128 0x5
 134 0082 24020000 		.4byte	.LASF11
 135 0086 04       		.byte	0x4
 136 0087 E901     		.2byte	0x1e9
 137 0089 2C000000 		.4byte	0x2c
 138 008d 05       		.uleb128 0x5
 139 008e A9010000 		.4byte	.LASF12
 140 0092 04       		.byte	0x4
 141 0093 EA01     		.2byte	0x1ea
 142 0095 3A000000 		.4byte	0x3a
 143 0099 05       		.uleb128 0x5
 144 009a D4010000 		.4byte	.LASF13
 145 009e 04       		.byte	0x4
 146 009f EE01     		.2byte	0x1ee
 147 00a1 4C000000 		.4byte	0x4c
ARM GAS  C:\Users\MARCOD~1\AppData\Local\Temp\ccDKcZj1.s 			page 4


 148 00a5 02       		.uleb128 0x2
 149 00a6 04       		.byte	0x4
 150 00a7 04       		.byte	0x4
 151 00a8 CA000000 		.4byte	.LASF14
 152 00ac 02       		.uleb128 0x2
 153 00ad 08       		.byte	0x8
 154 00ae 04       		.byte	0x4
 155 00af A2010000 		.4byte	.LASF15
 156 00b3 02       		.uleb128 0x2
 157 00b4 01       		.byte	0x1
 158 00b5 08       		.byte	0x8
 159 00b6 32020000 		.4byte	.LASF16
 160 00ba 02       		.uleb128 0x2
 161 00bb 08       		.byte	0x8
 162 00bc 04       		.byte	0x4
 163 00bd 42020000 		.4byte	.LASF17
 164 00c1 02       		.uleb128 0x2
 165 00c2 04       		.byte	0x4
 166 00c3 07       		.byte	0x7
 167 00c4 DA010000 		.4byte	.LASF18
 168 00c8 06       		.uleb128 0x6
 169 00c9 FE010000 		.4byte	.LASF33
 170 00cd 01       		.byte	0x1
 171 00ce 16       		.byte	0x16
 172 00cf 00000000 		.4byte	.LFB64
 173 00d3 0C000000 		.4byte	.LFE64-.LFB64
 174 00d7 01       		.uleb128 0x1
 175 00d8 9C       		.byte	0x9c
 176 00d9 07       		.uleb128 0x7
 177 00da 81000000 		.4byte	0x81
 178 00de E9000000 		.4byte	0xe9
 179 00e2 08       		.uleb128 0x8
 180 00e3 C1000000 		.4byte	0xc1
 181 00e7 03       		.byte	0x3
 182 00e8 00       		.byte	0
 183 00e9 09       		.uleb128 0x9
 184 00ea 37020000 		.4byte	.LASF19
 185 00ee 05       		.byte	0x5
 186 00ef 13       		.byte	0x13
 187 00f0 D9000000 		.4byte	0xd9
 188 00f4 05       		.uleb128 0x5
 189 00f5 03       		.byte	0x3
 190 00f6 00000000 		.4byte	DataBuffer
 191 00fa 07       		.uleb128 0x7
 192 00fb B3000000 		.4byte	0xb3
 193 00ff 0A010000 		.4byte	0x10a
 194 0103 08       		.uleb128 0x8
 195 0104 C1000000 		.4byte	0xc1
 196 0108 3F       		.byte	0x3f
 197 0109 00       		.byte	0
 198 010a 09       		.uleb128 0x9
 199 010b 89010000 		.4byte	.LASF20
 200 010f 05       		.byte	0x5
 201 0110 14       		.byte	0x14
 202 0111 FA000000 		.4byte	0xfa
 203 0115 05       		.uleb128 0x5
 204 0116 03       		.byte	0x3
ARM GAS  C:\Users\MARCOD~1\AppData\Local\Temp\ccDKcZj1.s 			page 5


 205 0117 00000000 		.4byte	DataBuffer6
 206 011b 09       		.uleb128 0x9
 207 011c 0C020000 		.4byte	.LASF21
 208 0120 05       		.byte	0x5
 209 0121 17       		.byte	0x17
 210 0122 81000000 		.4byte	0x81
 211 0126 05       		.uleb128 0x5
 212 0127 03       		.byte	0x3
 213 0128 00000000 		.4byte	Start_Measure
 214 012c 09       		.uleb128 0x9
 215 012d 2A020000 		.4byte	.LASF22
 216 0131 01       		.byte	0x1
 217 0132 12       		.byte	0x12
 218 0133 81000000 		.4byte	0x81
 219 0137 05       		.uleb128 0x5
 220 0138 03       		.byte	0x3
 221 0139 00000000 		.4byte	Flag_Hn
 222 013d 07       		.uleb128 0x7
 223 013e 99000000 		.4byte	0x99
 224 0142 4E010000 		.4byte	0x14e
 225 0146 0A       		.uleb128 0xa
 226 0147 C1000000 		.4byte	0xc1
 227 014b 690A     		.2byte	0xa69
 228 014d 00       		.byte	0
 229 014e 09       		.uleb128 0x9
 230 014f 5A020000 		.4byte	.LASF23
 231 0153 06       		.byte	0x6
 232 0154 1B       		.byte	0x1b
 233 0155 3D010000 		.4byte	0x13d
 234 0159 05       		.uleb128 0x5
 235 015a 03       		.byte	0x3
 236 015b 00000000 		.4byte	BufferDataSend
 237 015f 09       		.uleb128 0x9
 238 0160 8A000000 		.4byte	.LASF24
 239 0164 06       		.byte	0x6
 240 0165 1D       		.byte	0x1d
 241 0166 81000000 		.4byte	0x81
 242 016a 05       		.uleb128 0x5
 243 016b 03       		.byte	0x3
 244 016c 00000000 		.4byte	Flag_Period
 245 0170 09       		.uleb128 0x9
 246 0171 D0000000 		.4byte	.LASF25
 247 0175 06       		.byte	0x6
 248 0176 1E       		.byte	0x1e
 249 0177 81000000 		.4byte	0x81
 250 017b 05       		.uleb128 0x5
 251 017c 03       		.byte	0x3
 252 017d 00000000 		.4byte	Flag_Limit
 253 0181 09       		.uleb128 0x9
 254 0182 00000000 		.4byte	.LASF26
 255 0186 06       		.byte	0x6
 256 0187 1F       		.byte	0x1f
 257 0188 8D000000 		.4byte	0x8d
 258 018c 05       		.uleb128 0x5
 259 018d 03       		.byte	0x3
 260 018e 00000000 		.4byte	Value_mV
 261 0192 09       		.uleb128 0x9
ARM GAS  C:\Users\MARCOD~1\AppData\Local\Temp\ccDKcZj1.s 			page 6


 262 0193 F1010000 		.4byte	.LASF27
 263 0197 06       		.byte	0x6
 264 0198 20       		.byte	0x20
 265 0199 81000000 		.4byte	0x81
 266 019d 05       		.uleb128 0x5
 267 019e 03       		.byte	0x3
 268 019f 00000000 		.4byte	Flag_Measure
 269 01a3 09       		.uleb128 0x9
 270 01a4 96000000 		.4byte	.LASF28
 271 01a8 06       		.byte	0x6
 272 01a9 21       		.byte	0x21
 273 01aa 81000000 		.4byte	0x81
 274 01ae 05       		.uleb128 0x5
 275 01af 03       		.byte	0x3
 276 01b0 00000000 		.4byte	value
 277 01b4 0B       		.uleb128 0xb
 278 01b5 95010000 		.4byte	.LASF29
 279 01b9 07       		.byte	0x7
 280 01ba 1207     		.2byte	0x712
 281 01bc C0010000 		.4byte	0x1c0
 282 01c0 0C       		.uleb128 0xc
 283 01c1 76000000 		.4byte	0x76
 284 01c5 00       		.byte	0
 285              		.section	.debug_abbrev,"",%progbits
 286              	.Ldebug_abbrev0:
 287 0000 01       		.uleb128 0x1
 288 0001 11       		.uleb128 0x11
 289 0002 01       		.byte	0x1
 290 0003 25       		.uleb128 0x25
 291 0004 0E       		.uleb128 0xe
 292 0005 13       		.uleb128 0x13
 293 0006 0B       		.uleb128 0xb
 294 0007 03       		.uleb128 0x3
 295 0008 0E       		.uleb128 0xe
 296 0009 1B       		.uleb128 0x1b
 297 000a 0E       		.uleb128 0xe
 298 000b 55       		.uleb128 0x55
 299 000c 17       		.uleb128 0x17
 300 000d 11       		.uleb128 0x11
 301 000e 01       		.uleb128 0x1
 302 000f 10       		.uleb128 0x10
 303 0010 17       		.uleb128 0x17
 304 0011 00       		.byte	0
 305 0012 00       		.byte	0
 306 0013 02       		.uleb128 0x2
 307 0014 24       		.uleb128 0x24
 308 0015 00       		.byte	0
 309 0016 0B       		.uleb128 0xb
 310 0017 0B       		.uleb128 0xb
 311 0018 3E       		.uleb128 0x3e
 312 0019 0B       		.uleb128 0xb
 313 001a 03       		.uleb128 0x3
 314 001b 0E       		.uleb128 0xe
 315 001c 00       		.byte	0
 316 001d 00       		.byte	0
 317 001e 03       		.uleb128 0x3
 318 001f 16       		.uleb128 0x16
ARM GAS  C:\Users\MARCOD~1\AppData\Local\Temp\ccDKcZj1.s 			page 7


 319 0020 00       		.byte	0
 320 0021 03       		.uleb128 0x3
 321 0022 0E       		.uleb128 0xe
 322 0023 3A       		.uleb128 0x3a
 323 0024 0B       		.uleb128 0xb
 324 0025 3B       		.uleb128 0x3b
 325 0026 0B       		.uleb128 0xb
 326 0027 49       		.uleb128 0x49
 327 0028 13       		.uleb128 0x13
 328 0029 00       		.byte	0
 329 002a 00       		.byte	0
 330 002b 04       		.uleb128 0x4
 331 002c 24       		.uleb128 0x24
 332 002d 00       		.byte	0
 333 002e 0B       		.uleb128 0xb
 334 002f 0B       		.uleb128 0xb
 335 0030 3E       		.uleb128 0x3e
 336 0031 0B       		.uleb128 0xb
 337 0032 03       		.uleb128 0x3
 338 0033 08       		.uleb128 0x8
 339 0034 00       		.byte	0
 340 0035 00       		.byte	0
 341 0036 05       		.uleb128 0x5
 342 0037 16       		.uleb128 0x16
 343 0038 00       		.byte	0
 344 0039 03       		.uleb128 0x3
 345 003a 0E       		.uleb128 0xe
 346 003b 3A       		.uleb128 0x3a
 347 003c 0B       		.uleb128 0xb
 348 003d 3B       		.uleb128 0x3b
 349 003e 05       		.uleb128 0x5
 350 003f 49       		.uleb128 0x49
 351 0040 13       		.uleb128 0x13
 352 0041 00       		.byte	0
 353 0042 00       		.byte	0
 354 0043 06       		.uleb128 0x6
 355 0044 2E       		.uleb128 0x2e
 356 0045 00       		.byte	0
 357 0046 3F       		.uleb128 0x3f
 358 0047 19       		.uleb128 0x19
 359 0048 03       		.uleb128 0x3
 360 0049 0E       		.uleb128 0xe
 361 004a 3A       		.uleb128 0x3a
 362 004b 0B       		.uleb128 0xb
 363 004c 3B       		.uleb128 0x3b
 364 004d 0B       		.uleb128 0xb
 365 004e 27       		.uleb128 0x27
 366 004f 19       		.uleb128 0x19
 367 0050 11       		.uleb128 0x11
 368 0051 01       		.uleb128 0x1
 369 0052 12       		.uleb128 0x12
 370 0053 06       		.uleb128 0x6
 371 0054 40       		.uleb128 0x40
 372 0055 18       		.uleb128 0x18
 373 0056 9742     		.uleb128 0x2117
 374 0058 19       		.uleb128 0x19
 375 0059 00       		.byte	0
ARM GAS  C:\Users\MARCOD~1\AppData\Local\Temp\ccDKcZj1.s 			page 8


 376 005a 00       		.byte	0
 377 005b 07       		.uleb128 0x7
 378 005c 01       		.uleb128 0x1
 379 005d 01       		.byte	0x1
 380 005e 49       		.uleb128 0x49
 381 005f 13       		.uleb128 0x13
 382 0060 01       		.uleb128 0x1
 383 0061 13       		.uleb128 0x13
 384 0062 00       		.byte	0
 385 0063 00       		.byte	0
 386 0064 08       		.uleb128 0x8
 387 0065 21       		.uleb128 0x21
 388 0066 00       		.byte	0
 389 0067 49       		.uleb128 0x49
 390 0068 13       		.uleb128 0x13
 391 0069 2F       		.uleb128 0x2f
 392 006a 0B       		.uleb128 0xb
 393 006b 00       		.byte	0
 394 006c 00       		.byte	0
 395 006d 09       		.uleb128 0x9
 396 006e 34       		.uleb128 0x34
 397 006f 00       		.byte	0
 398 0070 03       		.uleb128 0x3
 399 0071 0E       		.uleb128 0xe
 400 0072 3A       		.uleb128 0x3a
 401 0073 0B       		.uleb128 0xb
 402 0074 3B       		.uleb128 0x3b
 403 0075 0B       		.uleb128 0xb
 404 0076 49       		.uleb128 0x49
 405 0077 13       		.uleb128 0x13
 406 0078 3F       		.uleb128 0x3f
 407 0079 19       		.uleb128 0x19
 408 007a 02       		.uleb128 0x2
 409 007b 18       		.uleb128 0x18
 410 007c 00       		.byte	0
 411 007d 00       		.byte	0
 412 007e 0A       		.uleb128 0xa
 413 007f 21       		.uleb128 0x21
 414 0080 00       		.byte	0
 415 0081 49       		.uleb128 0x49
 416 0082 13       		.uleb128 0x13
 417 0083 2F       		.uleb128 0x2f
 418 0084 05       		.uleb128 0x5
 419 0085 00       		.byte	0
 420 0086 00       		.byte	0
 421 0087 0B       		.uleb128 0xb
 422 0088 34       		.uleb128 0x34
 423 0089 00       		.byte	0
 424 008a 03       		.uleb128 0x3
 425 008b 0E       		.uleb128 0xe
 426 008c 3A       		.uleb128 0x3a
 427 008d 0B       		.uleb128 0xb
 428 008e 3B       		.uleb128 0x3b
 429 008f 05       		.uleb128 0x5
 430 0090 49       		.uleb128 0x49
 431 0091 13       		.uleb128 0x13
 432 0092 3F       		.uleb128 0x3f
ARM GAS  C:\Users\MARCOD~1\AppData\Local\Temp\ccDKcZj1.s 			page 9


 433 0093 19       		.uleb128 0x19
 434 0094 3C       		.uleb128 0x3c
 435 0095 19       		.uleb128 0x19
 436 0096 00       		.byte	0
 437 0097 00       		.byte	0
 438 0098 0C       		.uleb128 0xc
 439 0099 35       		.uleb128 0x35
 440 009a 00       		.byte	0
 441 009b 49       		.uleb128 0x49
 442 009c 13       		.uleb128 0x13
 443 009d 00       		.byte	0
 444 009e 00       		.byte	0
 445 009f 00       		.byte	0
 446              		.section	.debug_aranges,"",%progbits
 447 0000 1C000000 		.4byte	0x1c
 448 0004 0200     		.2byte	0x2
 449 0006 00000000 		.4byte	.Ldebug_info0
 450 000a 04       		.byte	0x4
 451 000b 00       		.byte	0
 452 000c 0000     		.2byte	0
 453 000e 0000     		.2byte	0
 454 0010 00000000 		.4byte	.LFB64
 455 0014 0C000000 		.4byte	.LFE64-.LFB64
 456 0018 00000000 		.4byte	0
 457 001c 00000000 		.4byte	0
 458              		.section	.debug_ranges,"",%progbits
 459              	.Ldebug_ranges0:
 460 0000 00000000 		.4byte	.LFB64
 461 0004 0C000000 		.4byte	.LFE64
 462 0008 00000000 		.4byte	0
 463 000c 00000000 		.4byte	0
 464              		.section	.debug_line,"",%progbits
 465              	.Ldebug_line0:
 466 0000 96010000 		.section	.debug_str,"MS",%progbits,1
 466      02008001 
 466      00000201 
 466      FB0E0D00 
 466      01010101 
 467              	.LASF26:
 468 0000 56616C75 		.ascii	"Value_mV\000"
 468      655F6D56 
 468      00
 469              	.LASF32:
 470 0009 5C5C4D61 		.ascii	"\\\\Mac\\Dropbox\\Tesi\\Codice\\Tesi_Capodieci_DelP"
 470      635C4472 
 470      6F70626F 
 470      785C5465 
 470      73695C43 
 471 0036 72657465 		.ascii	"rete\\Albumin_Measurement_Pot\\Albumin_Measurement_"
 471      5C416C62 
 471      756D696E 
 471      5F4D6561 
 471      73757265 
 472 0067 506F7465 		.ascii	"Potentiostat.cydsn\000"
 472      6E74696F 
 472      73746174 
 472      2E637964 
ARM GAS  C:\Users\MARCOD~1\AppData\Local\Temp\ccDKcZj1.s 			page 10


 472      736E00
 473              	.LASF31:
 474 007a 496E7465 		.ascii	"InterruptUART.c\000"
 474      72727570 
 474      74554152 
 474      542E6300 
 475              	.LASF24:
 476 008a 466C6167 		.ascii	"Flag_Period\000"
 476      5F506572 
 476      696F6400 
 477              	.LASF28:
 478 0096 76616C75 		.ascii	"value\000"
 478      6500
 479              	.LASF9:
 480 009c 5F5F696E 		.ascii	"__int32_t\000"
 480      7433325F 
 480      7400
 481              	.LASF4:
 482 00a6 6C6F6E67 		.ascii	"long int\000"
 482      20696E74 
 482      00
 483              	.LASF3:
 484 00af 73686F72 		.ascii	"short unsigned int\000"
 484      7420756E 
 484      7369676E 
 484      65642069 
 484      6E7400
 485              	.LASF10:
 486 00c2 696E7433 		.ascii	"int32_t\000"
 486      325F7400 
 487              	.LASF14:
 488 00ca 666C6F61 		.ascii	"float\000"
 488      7400
 489              	.LASF25:
 490 00d0 466C6167 		.ascii	"Flag_Limit\000"
 490      5F4C696D 
 490      697400
 491              	.LASF1:
 492 00db 756E7369 		.ascii	"unsigned char\000"
 492      676E6564 
 492      20636861 
 492      7200
 493              	.LASF30:
 494 00e9 474E5520 		.ascii	"GNU C11 5.4.1 20160609 (release) [ARM/embedded-5-br"
 494      43313120 
 494      352E342E 
 494      31203230 
 494      31363036 
 495 011c 616E6368 		.ascii	"anch revision 237715] -mcpu=cortex-m3 -mthumb -g -O"
 495      20726576 
 495      6973696F 
 495      6E203233 
 495      37373135 
 496 014f 67202D66 		.ascii	"g -ffunction-sections -ffat-lto-objects\000"
 496      66756E63 
 496      74696F6E 
 496      2D736563 
ARM GAS  C:\Users\MARCOD~1\AppData\Local\Temp\ccDKcZj1.s 			page 11


 496      74696F6E 
 497              	.LASF5:
 498 0177 6C6F6E67 		.ascii	"long unsigned int\000"
 498      20756E73 
 498      69676E65 
 498      6420696E 
 498      7400
 499              	.LASF20:
 500 0189 44617461 		.ascii	"DataBuffer6\000"
 500      42756666 
 500      65723600 
 501              	.LASF29:
 502 0195 49544D5F 		.ascii	"ITM_RxBuffer\000"
 502      52784275 
 502      66666572 
 502      00
 503              	.LASF15:
 504 01a2 646F7562 		.ascii	"double\000"
 504      6C6500
 505              	.LASF12:
 506 01a9 75696E74 		.ascii	"uint16\000"
 506      313600
 507              	.LASF8:
 508 01b0 756E7369 		.ascii	"unsigned int\000"
 508      676E6564 
 508      20696E74 
 508      00
 509              	.LASF7:
 510 01bd 6C6F6E67 		.ascii	"long long unsigned int\000"
 510      206C6F6E 
 510      6720756E 
 510      7369676E 
 510      65642069 
 511              	.LASF13:
 512 01d4 696E7433 		.ascii	"int32\000"
 512      3200
 513              	.LASF18:
 514 01da 73697A65 		.ascii	"sizetype\000"
 514      74797065 
 514      00
 515              	.LASF6:
 516 01e3 6C6F6E67 		.ascii	"long long int\000"
 516      206C6F6E 
 516      6720696E 
 516      7400
 517              	.LASF27:
 518 01f1 466C6167 		.ascii	"Flag_Measure\000"
 518      5F4D6561 
 518      73757265 
 518      00
 519              	.LASF33:
 520 01fe 43757374 		.ascii	"Custom_ISR_RX\000"
 520      6F6D5F49 
 520      53525F52 
 520      5800
 521              	.LASF21:
 522 020c 53746172 		.ascii	"Start_Measure\000"
ARM GAS  C:\Users\MARCOD~1\AppData\Local\Temp\ccDKcZj1.s 			page 12


 522      745F4D65 
 522      61737572 
 522      6500
 523              	.LASF2:
 524 021a 73686F72 		.ascii	"short int\000"
 524      7420696E 
 524      7400
 525              	.LASF11:
 526 0224 75696E74 		.ascii	"uint8\000"
 526      3800
 527              	.LASF22:
 528 022a 466C6167 		.ascii	"Flag_Hn\000"
 528      5F486E00 
 529              	.LASF16:
 530 0232 63686172 		.ascii	"char\000"
 530      00
 531              	.LASF19:
 532 0237 44617461 		.ascii	"DataBuffer\000"
 532      42756666 
 532      657200
 533              	.LASF17:
 534 0242 6C6F6E67 		.ascii	"long double\000"
 534      20646F75 
 534      626C6500 
 535              	.LASF0:
 536 024e 7369676E 		.ascii	"signed char\000"
 536      65642063 
 536      68617200 
 537              	.LASF23:
 538 025a 42756666 		.ascii	"BufferDataSend\000"
 538      65724461 
 538      74615365 
 538      6E6400
 539              		.ident	"GCC: (GNU Tools for ARM Embedded Processors) 5.4.1 20160609 (release) [ARM/embedded-5-bran
