--------------- Build Started: 04/06/2022 15:51:56 Project: Albumin_Measurement_Potentiostat, Configuration: ARM GCC 5.4-2016-q2-update Debug ---------------
The code generation step is up to date.
arm-none-eabi-gcc.exe -mcpu=cortex-m3 -mthumb -I. -IGenerated_Source\PSoC5 -Wa,-alh=.\CortexM3\ARM_GCC_541\Debug/main.lst -g -D DEBUG -D CY_CORE_ID=0 -Wall -ffunction-sections -ffat-lto-objects -Og -c main.c -o .\CortexM3\ARM_GCC_541\Debug\main.o
arm-none-eabi-gcc.exe -mcpu=cortex-m3 -mthumb -I. -IGenerated_Source\PSoC5 -Wa,-alh=.\CortexM3\ARM_GCC_541\Debug/Calibration.lst -g -D DEBUG -D CY_CORE_ID=0 -Wall -ffunction-sections -ffat-lto-objects -Og -c Calibration.c -o .\CortexM3\ARM_GCC_541\Debug\Calibration.o
arm-none-eabi-gcc.exe -mcpu=cortex-m3 -mthumb -I. -IGenerated_Source\PSoC5 -Wa,-alh=.\CortexM3\ARM_GCC_541\Debug/InterruptUART.lst -g -D DEBUG -D CY_CORE_ID=0 -Wall -ffunction-sections -ffat-lto-objects -Og -c InterruptUART.c -o .\CortexM3\ARM_GCC_541\Debug\InterruptUART.o
arm-none-eabi-gcc.exe -mcpu=cortex-m3 -mthumb -I. -IGenerated_Source\PSoC5 -Wa,-alh=.\CortexM3\ARM_GCC_541\Debug/Rx_Hn.lst -g -D DEBUG -D CY_CORE_ID=0 -Wall -ffunction-sections -ffat-lto-objects -Og -c Rx_Hn.c -o .\CortexM3\ARM_GCC_541\Debug\Rx_Hn.o
Rx_Hn.c: In function 'Rx_Handler':
Rx_Hn.c:179:1: warning: control reaches end of non-void function [-Wreturn-type]
 }
 ^
arm-none-eabi-gcc.exe -mcpu=cortex-m3 -mthumb -I. -IGenerated_Source\PSoC5 -Wa,-alh=.\CortexM3\ARM_GCC_541\Debug/R_TIA_Select.lst -g -D DEBUG -D CY_CORE_ID=0 -Wall -ffunction-sections -ffat-lto-objects -Og -c R_TIA_Select.c -o .\CortexM3\ARM_GCC_541\Debug\R_TIA_Select.o
R_TIA_Select.c: In function 'R_Tia':
R_TIA_Select.c:63:1: warning: control reaches end of non-void function [-Wreturn-type]
 }
 ^
arm-none-eabi-ar.exe -rs .\CortexM3\ARM_GCC_541\Debug\Albumin_Measurement_Potentiostat.a .\CortexM3\ARM_GCC_541\Debug\TIA.o .\CortexM3\ARM_GCC_541\Debug\TIA_PM.o .\CortexM3\ARM_GCC_541\Debug\ADC_DelSig.o .\CortexM3\ARM_GCC_541\Debug\ADC_DelSig_PM.o .\CortexM3\ARM_GCC_541\Debug\ADC_DelSig_INT.o .\CortexM3\ARM_GCC_541\Debug\IDAC_Calibration.o .\CortexM3\ARM_GCC_541\Debug\IDAC_Calibration_PM.o .\CortexM3\ARM_GCC_541\Debug\Ext_Cap_Pin.o .\CortexM3\ARM_GCC_541\Debug\Counter_Electrode.o .\CortexM3\ARM_GCC_541\Debug\Opamp.o .\CortexM3\ARM_GCC_541\Debug\Opamp_PM.o .\CortexM3\ARM_GCC_541\Debug\UART.o .\CortexM3\ARM_GCC_541\Debug\UART_PM.o .\CortexM3\ARM_GCC_541\Debug\UART_INT.o .\CortexM3\ARM_GCC_541\Debug\UART_BOOT.o .\CortexM3\ARM_GCC_541\Debug\isr_RX.o .\CortexM3\ARM_GCC_541\Debug\Pin_LED.o .\CortexM3\ARM_GCC_541\Debug\ADC_DelSig_Ext_CP_Clk.o .\CortexM3\ARM_GCC_541\Debug\ADC_DelSig_IRQ.o .\CortexM3\ARM_GCC_541\Debug\ADC_DelSig_theACLK.o .\CortexM3\ARM_GCC_541\Debug\UART_IntClock.o .\CortexM3\ARM_GCC_541\Debug\cy_em_eeprom.o .\CortexM3\ARM_GCC_541\Debug\CyDmac.o .\CortexM3\ARM_GCC_541\Debug\CyFlash.o .\CortexM3\ARM_GCC_541\Debug\CyLib.o .\CortexM3\ARM_GCC_541\Debug\cyPm.o .\CortexM3\ARM_GCC_541\Debug\CySpc.o .\CortexM3\ARM_GCC_541\Debug\cyutils.o .\CortexM3\ARM_GCC_541\Debug\Clock_PWM.o .\CortexM3\ARM_GCC_541\Debug\PWM_isr.o .\CortexM3\ARM_GCC_541\Debug\PWM_isr_PM.o .\CortexM3\ARM_GCC_541\Debug\isr_Crono.o .\CortexM3\ARM_GCC_541\Debug\isr_CV.o .\CortexM3\ARM_GCC_541\Debug\VDAC_VG.o .\CortexM3\ARM_GCC_541\Debug\VDAC_VG_PM.o .\CortexM3\ARM_GCC_541\Debug\Working_Electrode.o .\CortexM3\ARM_GCC_541\Debug\AMux_Cur.o .\CortexM3\ARM_GCC_541\Debug\DVDAC_SetV.o .\CortexM3\ARM_GCC_541\Debug\DVDAC_SetV_PM.o .\CortexM3\ARM_GCC_541\Debug\AMux_Electrodes.o .\CortexM3\ARM_GCC_541\Debug\Referenece_Electrode.o .\CortexM3\ARM_GCC_541\Debug\DVDAC_SetV_DMA_dma.o .\CortexM3\ARM_GCC_541\Debug\DVDAC_SetV_VDAC8.o .\CortexM3\ARM_GCC_541\Debug\DVDAC_SetV_VDAC8_PM.o .\CortexM3\ARM_GCC_541\Debug\DVDAC_SetV_IntClock.o .\CortexM3\ARM_GCC_541\Debug\CyBootAsmGnu.o
arm-none-eabi-ar.exe: creating .\CortexM3\ARM_GCC_541\Debug\Albumin_Measurement_Potentiostat.a
arm-none-eabi-gcc.exe -Wl,--start-group -o "C:\Users\Marco\Desktop\Tesi_Capodieci_DelPrete - Copia\Albumin_Measurement_Pot\Albumin_Measurement_Potentiostat.cydsn\CortexM3\ARM_GCC_541\Debug\Albumin_Measurement_Potentiostat.elf" .\CortexM3\ARM_GCC_541\Debug\main.o .\CortexM3\ARM_GCC_541\Debug\Calibration.o .\CortexM3\ARM_GCC_541\Debug\InterruptRoutines.o .\CortexM3\ARM_GCC_541\Debug\InterruptUART.o .\CortexM3\ARM_GCC_541\Debug\Rx_Hn.o .\CortexM3\ARM_GCC_541\Debug\VoltageControl.o .\CortexM3\ARM_GCC_541\Debug\Crono_Measurement.o .\CortexM3\ARM_GCC_541\Debug\MinMax.o .\CortexM3\ARM_GCC_541\Debug\R_TIA_Select.o .\CortexM3\ARM_GCC_541\Debug\cyfitter_cfg.o .\CortexM3\ARM_GCC_541\Debug\cymetadata.o .\CortexM3\ARM_GCC_541\Debug\Cm3Start.o .\CortexM3\ARM_GCC_541\Debug\Albumin_Measurement_Potentiostat.a "C:\Program Files (x86)\Cypress\PSoC Creator\4.2\PSoC Creator\psoc\content\cycomponentlibrary\CyComponentLibrary.cylib\CortexM3\ARM_GCC_541\Debug\CyComponentLibrary.a" -mcpu=cortex-m3 -mthumb -L Generated_Source\PSoC5 -Wl,-Map,.\CortexM3\ARM_GCC_541\Debug/Albumin_Measurement_Potentiostat.map -T Generated_Source\PSoC5\cm3gcc.ld -specs=nano.specs -Wl,--gc-sections -g -ffunction-sections -Og -ffat-lto-objects -Wl,--end-group
cyelftool.exe -C "C:\Users\Marco\Desktop\Tesi_Capodieci_DelPrete - Copia\Albumin_Measurement_Pot\Albumin_Measurement_Potentiostat.cydsn\CortexM3\ARM_GCC_541\Debug\Albumin_Measurement_Potentiostat.elf" --flash_row_size 256 --flash_size 262144 --flash_offset 0x00000000
No ELF section .cychecksum found, creating one
Application checksum calculated and stored in ELF section .cychecksum
Checksum calculated and stored in ELF section .cymeta
cyelftool.exe -S "C:\Users\Marco\Desktop\Tesi_Capodieci_DelPrete - Copia\Albumin_Measurement_Pot\Albumin_Measurement_Potentiostat.cydsn\CortexM3\ARM_GCC_541\Debug\Albumin_Measurement_Potentiostat.elf"
Flash used: 13470 of 262144 bytes (5,1%).
SRAM used: 13625 of 65536 bytes (20,8%). Stack: 2048 bytes. Heap: 128 bytes.
--------------- Build Succeeded: 04/06/2022 15:52:14 ---------------
