ARM GAS  C:\Users\MARCOD~1\AppData\Local\Temp\ccZKANXu.s 			page 1


   1              		.syntax unified
   2              		.cpu cortex-m3
   3              		.fpu softvfp
   4              		.eabi_attribute 20, 1
   5              		.eabi_attribute 21, 1
   6              		.eabi_attribute 23, 3
   7              		.eabi_attribute 24, 1
   8              		.eabi_attribute 25, 1
   9              		.eabi_attribute 26, 1
  10              		.eabi_attribute 30, 1
  11              		.eabi_attribute 34, 1
  12              		.eabi_attribute 18, 4
  13              		.thumb
  14              		.syntax unified
  15              		.file	"Crono_Measurement.c"
  16              		.text
  17              	.Ltext0:
  18              		.cfi_sections	.debug_frame
  19              		.section	.text.Custom_ISR_Crono,"ax",%progbits
  20              		.align	2
  21              		.global	Custom_ISR_Crono
  22              		.thumb
  23              		.thumb_func
  24              		.type	Custom_ISR_Crono, %function
  25              	Custom_ISR_Crono:
  26              	.LFB64:
  27              		.file 1 "Crono_Measurement.c"
   1:Crono_Measurement.c **** /* ========================================
   2:Crono_Measurement.c ****  *
   3:Crono_Measurement.c ****  * Copyright YOUR COMPANY, THE YEAR
   4:Crono_Measurement.c ****  * All Rights Reserved
   5:Crono_Measurement.c ****  * UNPUBLISHED, LICENSED SOFTWARE.
   6:Crono_Measurement.c ****  *
   7:Crono_Measurement.c ****  * CONFIDENTIAL AND PROPRIETARY INFORMATION
   8:Crono_Measurement.c ****  * WHICH IS THE PROPERTY OF your company.
   9:Crono_Measurement.c ****  *
  10:Crono_Measurement.c ****  * ========================================
  11:Crono_Measurement.c **** */
  12:Crono_Measurement.c **** #include "VoltageControl.h"
  13:Crono_Measurement.c **** #include "InterruptRoutines.h"
  14:Crono_Measurement.c **** #include "InterruptUART.h"
  15:Crono_Measurement.c **** #include "Rx_Hn.h"
  16:Crono_Measurement.c **** #include "project.h"
  17:Crono_Measurement.c **** #include "Crono_Measurement.h"
  18:Crono_Measurement.c **** 
  19:Crono_Measurement.c **** 
  20:Crono_Measurement.c **** uint8 Flag_Crono_M = 0;
  21:Crono_Measurement.c **** uint16 Flag_contasec = 0;
  22:Crono_Measurement.c **** 
  23:Crono_Measurement.c **** //Every 30 ms set Flag_Crono_M high 
  24:Crono_Measurement.c **** CY_ISR(Custom_ISR_Crono){
  28              		.loc 1 24 0
  29              		.cfi_startproc
  30              		@ args = 0, pretend = 0, frame = 0
  31              		@ frame_needed = 0, uses_anonymous_args = 0
  32 0000 08B5     		push	{r3, lr}
  33              		.cfi_def_cfa_offset 8
ARM GAS  C:\Users\MARCOD~1\AppData\Local\Temp\ccZKANXu.s 			page 2


  34              		.cfi_offset 3, -8
  35              		.cfi_offset 14, -4
  25:Crono_Measurement.c **** PWM_isr_ReadStatusRegister();
  36              		.loc 1 25 0
  37 0002 FFF7FEFF 		bl	PWM_isr_ReadStatusRegister
  38              	.LVL0:
  26:Crono_Measurement.c ****  if ((Start_Measure == 1) & (Flag_Crono == 1)){
  39              		.loc 1 26 0
  40 0006 064B     		ldr	r3, .L4
  41 0008 1A78     		ldrb	r2, [r3]	@ zero_extendqisi2
  42 000a 064B     		ldr	r3, .L4+4
  43 000c 1B78     		ldrb	r3, [r3]	@ zero_extendqisi2
  44 000e 012A     		cmp	r2, #1
  45 0010 08BF     		it	eq
  46 0012 012B     		cmpeq	r3, #1
  47 0014 02D1     		bne	.L1
  27:Crono_Measurement.c ****     Flag_Crono_M = 1;
  48              		.loc 1 27 0
  49 0016 0122     		movs	r2, #1
  50 0018 034B     		ldr	r3, .L4+8
  51 001a 1A70     		strb	r2, [r3]
  52              	.L1:
  53 001c 08BD     		pop	{r3, pc}
  54              	.L5:
  55 001e 00BF     		.align	2
  56              	.L4:
  57 0020 00000000 		.word	Start_Measure
  58 0024 00000000 		.word	Flag_Crono
  59 0028 00000000 		.word	.LANCHOR0
  60              		.cfi_endproc
  61              	.LFE64:
  62              		.size	Custom_ISR_Crono, .-Custom_ISR_Crono
  63              		.global	Flag_contasec
  64              		.global	Flag_Crono_M
  65              		.comm	Flag_Two_Period,1,1
  66              		.comm	Flag_One_Period,1,1
  67              		.comm	Flag_Fifty,1,1
  68              		.comm	Flag_Hundred,1,1
  69              		.comm	Flag_Programmed,1,1
  70              		.comm	Flag_DataCrono,1,1
  71              		.comm	Flag_Crono,1,1
  72              		.comm	Flag_CV,1,1
  73              		.comm	Pot_Range,2,2
  74              		.comm	Crono_Pot,2,2
  75              		.comm	Pos_Pot,2,2
  76              		.comm	Neg_Pot,2,2
  77              		.comm	Stop,1,1
  78              		.comm	Flag_SetV,1,1
  79              		.comm	StartCalibration,1,1
  80              		.comm	Received_Ar,4,4
  81              		.comm	Flag_Hn,1,1
  82              		.comm	Start_Measure,1,1
  83              		.comm	DataBuffer6,64,4
  84              		.comm	DataBuffer,4,4
  85              		.comm	value,1,1
  86              		.comm	Flag_Measure,1,1
  87              		.comm	Value_mV,2,2
ARM GAS  C:\Users\MARCOD~1\AppData\Local\Temp\ccZKANXu.s 			page 3


  88              		.comm	Flag_Limit,1,1
  89              		.comm	Flag_Period,1,1
  90              		.comm	BufferDataSend,10664,4
  91              		.bss
  92              		.align	1
  93              		.set	.LANCHOR0,. + 0
  94              		.type	Flag_Crono_M, %object
  95              		.size	Flag_Crono_M, 1
  96              	Flag_Crono_M:
  97 0000 00       		.space	1
  98 0001 00       		.space	1
  99              		.type	Flag_contasec, %object
 100              		.size	Flag_contasec, 2
 101              	Flag_contasec:
 102 0002 0000     		.space	2
 103              		.text
 104              	.Letext0:
 105              		.file 2 "c:\\program files (x86)\\cypress\\psoc creator\\4.4\\psoc creator\\import\\gnu\\arm\\5.4.
 106              		.file 3 "c:\\program files (x86)\\cypress\\psoc creator\\4.4\\psoc creator\\import\\gnu\\arm\\5.4.
 107              		.file 4 "Generated_Source\\PSoC5/cytypes.h"
 108              		.file 5 "VoltageControl.h"
 109              		.file 6 "InterruptRoutines.h"
 110              		.file 7 "InterruptUART.h"
 111              		.file 8 "Rx_Hn.h"
 112              		.file 9 "Generated_Source\\PSoC5/core_cm3.h"
 113              		.file 10 "Generated_Source\\PSoC5/PWM_isr.h"
 114              		.section	.debug_info,"",%progbits
 115              	.Ldebug_info0:
 116 0000 29030000 		.4byte	0x329
 117 0004 0400     		.2byte	0x4
 118 0006 00000000 		.4byte	.Ldebug_abbrev0
 119 000a 04       		.byte	0x4
 120 000b 01       		.uleb128 0x1
 121 000c 62010000 		.4byte	.LASF49
 122 0010 0C       		.byte	0xc
 123 0011 84020000 		.4byte	.LASF50
 124 0015 24000000 		.4byte	.LASF51
 125 0019 00000000 		.4byte	.Ldebug_ranges0+0
 126 001d 00000000 		.4byte	0
 127 0021 00000000 		.4byte	.Ldebug_line0
 128 0025 02       		.uleb128 0x2
 129 0026 01       		.byte	0x1
 130 0027 06       		.byte	0x6
 131 0028 3A030000 		.4byte	.LASF0
 132 002c 02       		.uleb128 0x2
 133 002d 01       		.byte	0x1
 134 002e 08       		.byte	0x8
 135 002f 54010000 		.4byte	.LASF1
 136 0033 02       		.uleb128 0x2
 137 0034 02       		.byte	0x2
 138 0035 05       		.byte	0x5
 139 0036 0D030000 		.4byte	.LASF2
 140 003a 02       		.uleb128 0x2
 141 003b 02       		.byte	0x2
 142 003c 07       		.byte	0x7
 143 003d FE000000 		.4byte	.LASF3
 144 0041 03       		.uleb128 0x3
ARM GAS  C:\Users\MARCOD~1\AppData\Local\Temp\ccZKANXu.s 			page 4


 145 0042 DD000000 		.4byte	.LASF9
 146 0046 02       		.byte	0x2
 147 0047 3F       		.byte	0x3f
 148 0048 4C000000 		.4byte	0x4c
 149 004c 02       		.uleb128 0x2
 150 004d 04       		.byte	0x4
 151 004e 05       		.byte	0x5
 152 004f F5000000 		.4byte	.LASF4
 153 0053 02       		.uleb128 0x2
 154 0054 04       		.byte	0x4
 155 0055 07       		.byte	0x7
 156 0056 F6010000 		.4byte	.LASF5
 157 005a 02       		.uleb128 0x2
 158 005b 08       		.byte	0x8
 159 005c 05       		.byte	0x5
 160 005d D2020000 		.4byte	.LASF6
 161 0061 02       		.uleb128 0x2
 162 0062 08       		.byte	0x8
 163 0063 07       		.byte	0x7
 164 0064 6D020000 		.4byte	.LASF7
 165 0068 04       		.uleb128 0x4
 166 0069 04       		.byte	0x4
 167 006a 05       		.byte	0x5
 168 006b 696E7400 		.ascii	"int\000"
 169 006f 02       		.uleb128 0x2
 170 0070 04       		.byte	0x4
 171 0071 07       		.byte	0x7
 172 0072 60020000 		.4byte	.LASF8
 173 0076 03       		.uleb128 0x3
 174 0077 26010000 		.4byte	.LASF10
 175 007b 03       		.byte	0x3
 176 007c 2C       		.byte	0x2c
 177 007d 41000000 		.4byte	0x41
 178 0081 05       		.uleb128 0x5
 179 0082 17030000 		.4byte	.LASF11
 180 0086 04       		.byte	0x4
 181 0087 E901     		.2byte	0x1e9
 182 0089 2C000000 		.4byte	0x2c
 183 008d 05       		.uleb128 0x5
 184 008e 59020000 		.4byte	.LASF12
 185 0092 04       		.byte	0x4
 186 0093 EA01     		.2byte	0x1ea
 187 0095 3A000000 		.4byte	0x3a
 188 0099 05       		.uleb128 0x5
 189 009a F0010000 		.4byte	.LASF13
 190 009e 04       		.byte	0x4
 191 009f ED01     		.2byte	0x1ed
 192 00a1 33000000 		.4byte	0x33
 193 00a5 05       		.uleb128 0x5
 194 00a6 C3020000 		.4byte	.LASF14
 195 00aa 04       		.byte	0x4
 196 00ab EE01     		.2byte	0x1ee
 197 00ad 4C000000 		.4byte	0x4c
 198 00b1 02       		.uleb128 0x2
 199 00b2 04       		.byte	0x4
 200 00b3 04       		.byte	0x4
 201 00b4 2E010000 		.4byte	.LASF15
ARM GAS  C:\Users\MARCOD~1\AppData\Local\Temp\ccZKANXu.s 			page 5


 202 00b8 02       		.uleb128 0x2
 203 00b9 08       		.byte	0x8
 204 00ba 04       		.byte	0x4
 205 00bb 2E020000 		.4byte	.LASF16
 206 00bf 02       		.uleb128 0x2
 207 00c0 01       		.byte	0x1
 208 00c1 08       		.byte	0x8
 209 00c2 F2020000 		.4byte	.LASF17
 210 00c6 02       		.uleb128 0x2
 211 00c7 08       		.byte	0x8
 212 00c8 04       		.byte	0x4
 213 00c9 3D020000 		.4byte	.LASF18
 214 00cd 02       		.uleb128 0x2
 215 00ce 04       		.byte	0x4
 216 00cf 07       		.byte	0x7
 217 00d0 C9020000 		.4byte	.LASF19
 218 00d4 06       		.uleb128 0x6
 219 00d5 46030000 		.4byte	.LASF52
 220 00d9 01       		.byte	0x1
 221 00da 18       		.byte	0x18
 222 00db 00000000 		.4byte	.LFB64
 223 00df 2C000000 		.4byte	.LFE64-.LFB64
 224 00e3 01       		.uleb128 0x1
 225 00e4 9C       		.byte	0x9c
 226 00e5 F3000000 		.4byte	0xf3
 227 00e9 07       		.uleb128 0x7
 228 00ea 06000000 		.4byte	.LVL0
 229 00ee 21030000 		.4byte	0x321
 230 00f2 00       		.byte	0
 231 00f3 08       		.uleb128 0x8
 232 00f4 A5000000 		.4byte	0xa5
 233 00f8 04010000 		.4byte	0x104
 234 00fc 09       		.uleb128 0x9
 235 00fd CD000000 		.4byte	0xcd
 236 0101 690A     		.2byte	0xa69
 237 0103 00       		.byte	0
 238 0104 0A       		.uleb128 0xa
 239 0105 57030000 		.4byte	.LASF20
 240 0109 05       		.byte	0x5
 241 010a 1B       		.byte	0x1b
 242 010b F3000000 		.4byte	0xf3
 243 010f 05       		.uleb128 0x5
 244 0110 03       		.byte	0x3
 245 0111 00000000 		.4byte	BufferDataSend
 246 0115 0A       		.uleb128 0xa
 247 0116 AD000000 		.4byte	.LASF21
 248 011a 05       		.byte	0x5
 249 011b 1D       		.byte	0x1d
 250 011c 81000000 		.4byte	0x81
 251 0120 05       		.uleb128 0x5
 252 0121 03       		.byte	0x3
 253 0122 00000000 		.4byte	Flag_Period
 254 0126 0A       		.uleb128 0xa
 255 0127 3F010000 		.4byte	.LASF22
 256 012b 05       		.byte	0x5
 257 012c 1E       		.byte	0x1e
 258 012d 81000000 		.4byte	0x81
ARM GAS  C:\Users\MARCOD~1\AppData\Local\Temp\ccZKANXu.s 			page 6


 259 0131 05       		.uleb128 0x5
 260 0132 03       		.byte	0x3
 261 0133 00000000 		.4byte	Flag_Limit
 262 0137 0A       		.uleb128 0xa
 263 0138 1B000000 		.4byte	.LASF23
 264 013c 05       		.byte	0x5
 265 013d 1F       		.byte	0x1f
 266 013e 8D000000 		.4byte	0x8d
 267 0142 05       		.uleb128 0x5
 268 0143 03       		.byte	0x3
 269 0144 00000000 		.4byte	Value_mV
 270 0148 0A       		.uleb128 0xa
 271 0149 E5020000 		.4byte	.LASF24
 272 014d 05       		.byte	0x5
 273 014e 20       		.byte	0x20
 274 014f 81000000 		.4byte	0x81
 275 0153 05       		.uleb128 0x5
 276 0154 03       		.byte	0x3
 277 0155 00000000 		.4byte	Flag_Measure
 278 0159 0A       		.uleb128 0xa
 279 015a D7000000 		.4byte	.LASF25
 280 015e 05       		.byte	0x5
 281 015f 21       		.byte	0x21
 282 0160 81000000 		.4byte	0x81
 283 0164 05       		.uleb128 0x5
 284 0165 03       		.byte	0x3
 285 0166 00000000 		.4byte	value
 286 016a 08       		.uleb128 0x8
 287 016b 81000000 		.4byte	0x81
 288 016f 7A010000 		.4byte	0x17a
 289 0173 0B       		.uleb128 0xb
 290 0174 CD000000 		.4byte	0xcd
 291 0178 03       		.byte	0x3
 292 0179 00       		.byte	0
 293 017a 0A       		.uleb128 0xa
 294 017b 25030000 		.4byte	.LASF26
 295 017f 06       		.byte	0x6
 296 0180 13       		.byte	0x13
 297 0181 6A010000 		.4byte	0x16a
 298 0185 05       		.uleb128 0x5
 299 0186 03       		.byte	0x3
 300 0187 00000000 		.4byte	DataBuffer
 301 018b 08       		.uleb128 0x8
 302 018c BF000000 		.4byte	0xbf
 303 0190 9B010000 		.4byte	0x19b
 304 0194 0B       		.uleb128 0xb
 305 0195 CD000000 		.4byte	0xcd
 306 0199 3F       		.byte	0x3f
 307 019a 00       		.byte	0
 308 019b 0A       		.uleb128 0xa
 309 019c 08020000 		.4byte	.LASF27
 310 01a0 06       		.byte	0x6
 311 01a1 14       		.byte	0x14
 312 01a2 8B010000 		.4byte	0x18b
 313 01a6 05       		.uleb128 0x5
 314 01a7 03       		.byte	0x3
 315 01a8 00000000 		.4byte	DataBuffer6
ARM GAS  C:\Users\MARCOD~1\AppData\Local\Temp\ccZKANXu.s 			page 7


 316 01ac 0A       		.uleb128 0xa
 317 01ad FF020000 		.4byte	.LASF28
 318 01b1 06       		.byte	0x6
 319 01b2 17       		.byte	0x17
 320 01b3 81000000 		.4byte	0x81
 321 01b7 05       		.uleb128 0x5
 322 01b8 03       		.byte	0x3
 323 01b9 00000000 		.4byte	Start_Measure
 324 01bd 0A       		.uleb128 0xa
 325 01be 1D030000 		.4byte	.LASF29
 326 01c2 07       		.byte	0x7
 327 01c3 14       		.byte	0x14
 328 01c4 81000000 		.4byte	0x81
 329 01c8 05       		.uleb128 0x5
 330 01c9 03       		.byte	0x3
 331 01ca 00000000 		.4byte	Flag_Hn
 332 01ce 08       		.uleb128 0x8
 333 01cf 8D000000 		.4byte	0x8d
 334 01d3 DE010000 		.4byte	0x1de
 335 01d7 0B       		.uleb128 0xb
 336 01d8 CD000000 		.4byte	0xcd
 337 01dc 01       		.byte	0x1
 338 01dd 00       		.byte	0
 339 01de 0A       		.uleb128 0xa
 340 01df B7020000 		.4byte	.LASF30
 341 01e3 08       		.byte	0x8
 342 01e4 12       		.byte	0x12
 343 01e5 CE010000 		.4byte	0x1ce
 344 01e9 05       		.uleb128 0x5
 345 01ea 03       		.byte	0x3
 346 01eb 00000000 		.4byte	Received_Ar
 347 01ef 0A       		.uleb128 0xa
 348 01f0 C6000000 		.4byte	.LASF31
 349 01f4 08       		.byte	0x8
 350 01f5 15       		.byte	0x15
 351 01f6 81000000 		.4byte	0x81
 352 01fa 05       		.uleb128 0x5
 353 01fb 03       		.byte	0x3
 354 01fc 00000000 		.4byte	StartCalibration
 355 0200 0A       		.uleb128 0xa
 356 0201 4A010000 		.4byte	.LASF32
 357 0205 08       		.byte	0x8
 358 0206 16       		.byte	0x16
 359 0207 81000000 		.4byte	0x81
 360 020b 05       		.uleb128 0x5
 361 020c 03       		.byte	0x3
 362 020d 00000000 		.4byte	Flag_SetV
 363 0211 0A       		.uleb128 0xa
 364 0212 E0020000 		.4byte	.LASF33
 365 0216 08       		.byte	0x8
 366 0217 17       		.byte	0x17
 367 0218 81000000 		.4byte	0x81
 368 021c 05       		.uleb128 0x5
 369 021d 03       		.byte	0x3
 370 021e 00000000 		.4byte	Stop
 371 0222 0A       		.uleb128 0xa
 372 0223 35020000 		.4byte	.LASF34
ARM GAS  C:\Users\MARCOD~1\AppData\Local\Temp\ccZKANXu.s 			page 8


 373 0227 08       		.byte	0x8
 374 0228 18       		.byte	0x18
 375 0229 99000000 		.4byte	0x99
 376 022d 05       		.uleb128 0x5
 377 022e 03       		.byte	0x3
 378 022f 00000000 		.4byte	Neg_Pot
 379 0233 0A       		.uleb128 0xa
 380 0234 F7020000 		.4byte	.LASF35
 381 0238 08       		.byte	0x8
 382 0239 19       		.byte	0x19
 383 023a 99000000 		.4byte	0x99
 384 023e 05       		.uleb128 0x5
 385 023f 03       		.byte	0x3
 386 0240 00000000 		.4byte	Pos_Pot
 387 0244 0A       		.uleb128 0xa
 388 0245 11010000 		.4byte	.LASF36
 389 0249 08       		.byte	0x8
 390 024a 1A       		.byte	0x1a
 391 024b 99000000 		.4byte	0x99
 392 024f 05       		.uleb128 0x5
 393 0250 03       		.byte	0x3
 394 0251 00000000 		.4byte	Crono_Pot
 395 0255 0A       		.uleb128 0xa
 396 0256 30030000 		.4byte	.LASF37
 397 025a 08       		.byte	0x8
 398 025b 1B       		.byte	0x1b
 399 025c 8D000000 		.4byte	0x8d
 400 0260 05       		.uleb128 0x5
 401 0261 03       		.byte	0x3
 402 0262 00000000 		.4byte	Pot_Range
 403 0266 0A       		.uleb128 0xa
 404 0267 A5000000 		.4byte	.LASF38
 405 026b 08       		.byte	0x8
 406 026c 1C       		.byte	0x1c
 407 026d 81000000 		.4byte	0x81
 408 0271 05       		.uleb128 0x5
 409 0272 03       		.byte	0x3
 410 0273 00000000 		.4byte	Flag_CV
 411 0277 0A       		.uleb128 0xa
 412 0278 34010000 		.4byte	.LASF39
 413 027c 08       		.byte	0x8
 414 027d 1D       		.byte	0x1d
 415 027e 81000000 		.4byte	0x81
 416 0282 05       		.uleb128 0x5
 417 0283 03       		.byte	0x3
 418 0284 00000000 		.4byte	Flag_Crono
 419 0288 0A       		.uleb128 0xa
 420 0289 A8020000 		.4byte	.LASF40
 421 028d 08       		.byte	0x8
 422 028e 1E       		.byte	0x1e
 423 028f 81000000 		.4byte	0x81
 424 0293 05       		.uleb128 0x5
 425 0294 03       		.byte	0x3
 426 0295 00000000 		.4byte	Flag_DataCrono
 427 0299 0A       		.uleb128 0xa
 428 029a 95000000 		.4byte	.LASF41
 429 029e 08       		.byte	0x8
ARM GAS  C:\Users\MARCOD~1\AppData\Local\Temp\ccZKANXu.s 			page 9


 430 029f 1F       		.byte	0x1f
 431 02a0 81000000 		.4byte	0x81
 432 02a4 05       		.uleb128 0x5
 433 02a5 03       		.byte	0x3
 434 02a6 00000000 		.4byte	Flag_Programmed
 435 02aa 0A       		.uleb128 0xa
 436 02ab 14020000 		.4byte	.LASF42
 437 02af 08       		.byte	0x8
 438 02b0 20       		.byte	0x20
 439 02b1 81000000 		.4byte	0x81
 440 02b5 05       		.uleb128 0x5
 441 02b6 03       		.byte	0x3
 442 02b7 00000000 		.4byte	Flag_Hundred
 443 02bb 0A       		.uleb128 0xa
 444 02bc 1B010000 		.4byte	.LASF43
 445 02c0 08       		.byte	0x8
 446 02c1 21       		.byte	0x21
 447 02c2 81000000 		.4byte	0x81
 448 02c6 05       		.uleb128 0x5
 449 02c7 03       		.byte	0x3
 450 02c8 00000000 		.4byte	Flag_Fifty
 451 02cc 0A       		.uleb128 0xa
 452 02cd 98020000 		.4byte	.LASF44
 453 02d1 08       		.byte	0x8
 454 02d2 22       		.byte	0x22
 455 02d3 81000000 		.4byte	0x81
 456 02d7 05       		.uleb128 0x5
 457 02d8 03       		.byte	0x3
 458 02d9 00000000 		.4byte	Flag_One_Period
 459 02dd 0A       		.uleb128 0xa
 460 02de 49020000 		.4byte	.LASF45
 461 02e2 08       		.byte	0x8
 462 02e3 23       		.byte	0x23
 463 02e4 81000000 		.4byte	0x81
 464 02e8 05       		.uleb128 0x5
 465 02e9 03       		.byte	0x3
 466 02ea 00000000 		.4byte	Flag_Two_Period
 467 02ee 0C       		.uleb128 0xc
 468 02ef 21020000 		.4byte	.LASF46
 469 02f3 09       		.byte	0x9
 470 02f4 1207     		.2byte	0x712
 471 02f6 FA020000 		.4byte	0x2fa
 472 02fa 0D       		.uleb128 0xd
 473 02fb 76000000 		.4byte	0x76
 474 02ff 0A       		.uleb128 0xa
 475 0300 B9000000 		.4byte	.LASF47
 476 0304 01       		.byte	0x1
 477 0305 14       		.byte	0x14
 478 0306 81000000 		.4byte	0x81
 479 030a 05       		.uleb128 0x5
 480 030b 03       		.byte	0x3
 481 030c 00000000 		.4byte	Flag_Crono_M
 482 0310 0A       		.uleb128 0xa
 483 0311 E7000000 		.4byte	.LASF48
 484 0315 01       		.byte	0x1
 485 0316 15       		.byte	0x15
 486 0317 8D000000 		.4byte	0x8d
ARM GAS  C:\Users\MARCOD~1\AppData\Local\Temp\ccZKANXu.s 			page 10


 487 031b 05       		.uleb128 0x5
 488 031c 03       		.byte	0x3
 489 031d 00000000 		.4byte	Flag_contasec
 490 0321 0E       		.uleb128 0xe
 491 0322 00000000 		.4byte	.LASF53
 492 0326 00000000 		.4byte	.LASF53
 493 032a 0A       		.byte	0xa
 494 032b 97       		.byte	0x97
 495 032c 00       		.byte	0
 496              		.section	.debug_abbrev,"",%progbits
 497              	.Ldebug_abbrev0:
 498 0000 01       		.uleb128 0x1
 499 0001 11       		.uleb128 0x11
 500 0002 01       		.byte	0x1
 501 0003 25       		.uleb128 0x25
 502 0004 0E       		.uleb128 0xe
 503 0005 13       		.uleb128 0x13
 504 0006 0B       		.uleb128 0xb
 505 0007 03       		.uleb128 0x3
 506 0008 0E       		.uleb128 0xe
 507 0009 1B       		.uleb128 0x1b
 508 000a 0E       		.uleb128 0xe
 509 000b 55       		.uleb128 0x55
 510 000c 17       		.uleb128 0x17
 511 000d 11       		.uleb128 0x11
 512 000e 01       		.uleb128 0x1
 513 000f 10       		.uleb128 0x10
 514 0010 17       		.uleb128 0x17
 515 0011 00       		.byte	0
 516 0012 00       		.byte	0
 517 0013 02       		.uleb128 0x2
 518 0014 24       		.uleb128 0x24
 519 0015 00       		.byte	0
 520 0016 0B       		.uleb128 0xb
 521 0017 0B       		.uleb128 0xb
 522 0018 3E       		.uleb128 0x3e
 523 0019 0B       		.uleb128 0xb
 524 001a 03       		.uleb128 0x3
 525 001b 0E       		.uleb128 0xe
 526 001c 00       		.byte	0
 527 001d 00       		.byte	0
 528 001e 03       		.uleb128 0x3
 529 001f 16       		.uleb128 0x16
 530 0020 00       		.byte	0
 531 0021 03       		.uleb128 0x3
 532 0022 0E       		.uleb128 0xe
 533 0023 3A       		.uleb128 0x3a
 534 0024 0B       		.uleb128 0xb
 535 0025 3B       		.uleb128 0x3b
 536 0026 0B       		.uleb128 0xb
 537 0027 49       		.uleb128 0x49
 538 0028 13       		.uleb128 0x13
 539 0029 00       		.byte	0
 540 002a 00       		.byte	0
 541 002b 04       		.uleb128 0x4
 542 002c 24       		.uleb128 0x24
 543 002d 00       		.byte	0
ARM GAS  C:\Users\MARCOD~1\AppData\Local\Temp\ccZKANXu.s 			page 11


 544 002e 0B       		.uleb128 0xb
 545 002f 0B       		.uleb128 0xb
 546 0030 3E       		.uleb128 0x3e
 547 0031 0B       		.uleb128 0xb
 548 0032 03       		.uleb128 0x3
 549 0033 08       		.uleb128 0x8
 550 0034 00       		.byte	0
 551 0035 00       		.byte	0
 552 0036 05       		.uleb128 0x5
 553 0037 16       		.uleb128 0x16
 554 0038 00       		.byte	0
 555 0039 03       		.uleb128 0x3
 556 003a 0E       		.uleb128 0xe
 557 003b 3A       		.uleb128 0x3a
 558 003c 0B       		.uleb128 0xb
 559 003d 3B       		.uleb128 0x3b
 560 003e 05       		.uleb128 0x5
 561 003f 49       		.uleb128 0x49
 562 0040 13       		.uleb128 0x13
 563 0041 00       		.byte	0
 564 0042 00       		.byte	0
 565 0043 06       		.uleb128 0x6
 566 0044 2E       		.uleb128 0x2e
 567 0045 01       		.byte	0x1
 568 0046 3F       		.uleb128 0x3f
 569 0047 19       		.uleb128 0x19
 570 0048 03       		.uleb128 0x3
 571 0049 0E       		.uleb128 0xe
 572 004a 3A       		.uleb128 0x3a
 573 004b 0B       		.uleb128 0xb
 574 004c 3B       		.uleb128 0x3b
 575 004d 0B       		.uleb128 0xb
 576 004e 27       		.uleb128 0x27
 577 004f 19       		.uleb128 0x19
 578 0050 11       		.uleb128 0x11
 579 0051 01       		.uleb128 0x1
 580 0052 12       		.uleb128 0x12
 581 0053 06       		.uleb128 0x6
 582 0054 40       		.uleb128 0x40
 583 0055 18       		.uleb128 0x18
 584 0056 9742     		.uleb128 0x2117
 585 0058 19       		.uleb128 0x19
 586 0059 01       		.uleb128 0x1
 587 005a 13       		.uleb128 0x13
 588 005b 00       		.byte	0
 589 005c 00       		.byte	0
 590 005d 07       		.uleb128 0x7
 591 005e 898201   		.uleb128 0x4109
 592 0061 00       		.byte	0
 593 0062 11       		.uleb128 0x11
 594 0063 01       		.uleb128 0x1
 595 0064 31       		.uleb128 0x31
 596 0065 13       		.uleb128 0x13
 597 0066 00       		.byte	0
 598 0067 00       		.byte	0
 599 0068 08       		.uleb128 0x8
 600 0069 01       		.uleb128 0x1
ARM GAS  C:\Users\MARCOD~1\AppData\Local\Temp\ccZKANXu.s 			page 12


 601 006a 01       		.byte	0x1
 602 006b 49       		.uleb128 0x49
 603 006c 13       		.uleb128 0x13
 604 006d 01       		.uleb128 0x1
 605 006e 13       		.uleb128 0x13
 606 006f 00       		.byte	0
 607 0070 00       		.byte	0
 608 0071 09       		.uleb128 0x9
 609 0072 21       		.uleb128 0x21
 610 0073 00       		.byte	0
 611 0074 49       		.uleb128 0x49
 612 0075 13       		.uleb128 0x13
 613 0076 2F       		.uleb128 0x2f
 614 0077 05       		.uleb128 0x5
 615 0078 00       		.byte	0
 616 0079 00       		.byte	0
 617 007a 0A       		.uleb128 0xa
 618 007b 34       		.uleb128 0x34
 619 007c 00       		.byte	0
 620 007d 03       		.uleb128 0x3
 621 007e 0E       		.uleb128 0xe
 622 007f 3A       		.uleb128 0x3a
 623 0080 0B       		.uleb128 0xb
 624 0081 3B       		.uleb128 0x3b
 625 0082 0B       		.uleb128 0xb
 626 0083 49       		.uleb128 0x49
 627 0084 13       		.uleb128 0x13
 628 0085 3F       		.uleb128 0x3f
 629 0086 19       		.uleb128 0x19
 630 0087 02       		.uleb128 0x2
 631 0088 18       		.uleb128 0x18
 632 0089 00       		.byte	0
 633 008a 00       		.byte	0
 634 008b 0B       		.uleb128 0xb
 635 008c 21       		.uleb128 0x21
 636 008d 00       		.byte	0
 637 008e 49       		.uleb128 0x49
 638 008f 13       		.uleb128 0x13
 639 0090 2F       		.uleb128 0x2f
 640 0091 0B       		.uleb128 0xb
 641 0092 00       		.byte	0
 642 0093 00       		.byte	0
 643 0094 0C       		.uleb128 0xc
 644 0095 34       		.uleb128 0x34
 645 0096 00       		.byte	0
 646 0097 03       		.uleb128 0x3
 647 0098 0E       		.uleb128 0xe
 648 0099 3A       		.uleb128 0x3a
 649 009a 0B       		.uleb128 0xb
 650 009b 3B       		.uleb128 0x3b
 651 009c 05       		.uleb128 0x5
 652 009d 49       		.uleb128 0x49
 653 009e 13       		.uleb128 0x13
 654 009f 3F       		.uleb128 0x3f
 655 00a0 19       		.uleb128 0x19
 656 00a1 3C       		.uleb128 0x3c
 657 00a2 19       		.uleb128 0x19
ARM GAS  C:\Users\MARCOD~1\AppData\Local\Temp\ccZKANXu.s 			page 13


 658 00a3 00       		.byte	0
 659 00a4 00       		.byte	0
 660 00a5 0D       		.uleb128 0xd
 661 00a6 35       		.uleb128 0x35
 662 00a7 00       		.byte	0
 663 00a8 49       		.uleb128 0x49
 664 00a9 13       		.uleb128 0x13
 665 00aa 00       		.byte	0
 666 00ab 00       		.byte	0
 667 00ac 0E       		.uleb128 0xe
 668 00ad 2E       		.uleb128 0x2e
 669 00ae 00       		.byte	0
 670 00af 3F       		.uleb128 0x3f
 671 00b0 19       		.uleb128 0x19
 672 00b1 3C       		.uleb128 0x3c
 673 00b2 19       		.uleb128 0x19
 674 00b3 6E       		.uleb128 0x6e
 675 00b4 0E       		.uleb128 0xe
 676 00b5 03       		.uleb128 0x3
 677 00b6 0E       		.uleb128 0xe
 678 00b7 3A       		.uleb128 0x3a
 679 00b8 0B       		.uleb128 0xb
 680 00b9 3B       		.uleb128 0x3b
 681 00ba 0B       		.uleb128 0xb
 682 00bb 00       		.byte	0
 683 00bc 00       		.byte	0
 684 00bd 00       		.byte	0
 685              		.section	.debug_aranges,"",%progbits
 686 0000 1C000000 		.4byte	0x1c
 687 0004 0200     		.2byte	0x2
 688 0006 00000000 		.4byte	.Ldebug_info0
 689 000a 04       		.byte	0x4
 690 000b 00       		.byte	0
 691 000c 0000     		.2byte	0
 692 000e 0000     		.2byte	0
 693 0010 00000000 		.4byte	.LFB64
 694 0014 2C000000 		.4byte	.LFE64-.LFB64
 695 0018 00000000 		.4byte	0
 696 001c 00000000 		.4byte	0
 697              		.section	.debug_ranges,"",%progbits
 698              	.Ldebug_ranges0:
 699 0000 00000000 		.4byte	.LFB64
 700 0004 2C000000 		.4byte	.LFE64
 701 0008 00000000 		.4byte	0
 702 000c 00000000 		.4byte	0
 703              		.section	.debug_line,"",%progbits
 704              	.Ldebug_line0:
 705 0000 C7010000 		.section	.debug_str,"MS",%progbits,1
 705      0200AF01 
 705      00000201 
 705      FB0E0D00 
 705      01010101 
 706              	.LASF53:
 707 0000 50574D5F 		.ascii	"PWM_isr_ReadStatusRegister\000"
 707      6973725F 
 707      52656164 
 707      53746174 
ARM GAS  C:\Users\MARCOD~1\AppData\Local\Temp\ccZKANXu.s 			page 14


 707      75735265 
 708              	.LASF23:
 709 001b 56616C75 		.ascii	"Value_mV\000"
 709      655F6D56 
 709      00
 710              	.LASF51:
 711 0024 5C5C4D61 		.ascii	"\\\\Mac\\Dropbox\\Tesi\\Codice\\Tesi_Capodieci_DelP"
 711      635C4472 
 711      6F70626F 
 711      785C5465 
 711      73695C43 
 712 0051 72657465 		.ascii	"rete\\Albumin_Measurement_Pot\\Albumin_Measurement_"
 712      5C416C62 
 712      756D696E 
 712      5F4D6561 
 712      73757265 
 713 0082 506F7465 		.ascii	"Potentiostat.cydsn\000"
 713      6E74696F 
 713      73746174 
 713      2E637964 
 713      736E00
 714              	.LASF41:
 715 0095 466C6167 		.ascii	"Flag_Programmed\000"
 715      5F50726F 
 715      6772616D 
 715      6D656400 
 716              	.LASF38:
 717 00a5 466C6167 		.ascii	"Flag_CV\000"
 717      5F435600 
 718              	.LASF21:
 719 00ad 466C6167 		.ascii	"Flag_Period\000"
 719      5F506572 
 719      696F6400 
 720              	.LASF47:
 721 00b9 466C6167 		.ascii	"Flag_Crono_M\000"
 721      5F43726F 
 721      6E6F5F4D 
 721      00
 722              	.LASF31:
 723 00c6 53746172 		.ascii	"StartCalibration\000"
 723      7443616C 
 723      69627261 
 723      74696F6E 
 723      00
 724              	.LASF25:
 725 00d7 76616C75 		.ascii	"value\000"
 725      6500
 726              	.LASF9:
 727 00dd 5F5F696E 		.ascii	"__int32_t\000"
 727      7433325F 
 727      7400
 728              	.LASF48:
 729 00e7 466C6167 		.ascii	"Flag_contasec\000"
 729      5F636F6E 
 729      74617365 
 729      6300
 730              	.LASF4:
ARM GAS  C:\Users\MARCOD~1\AppData\Local\Temp\ccZKANXu.s 			page 15


 731 00f5 6C6F6E67 		.ascii	"long int\000"
 731      20696E74 
 731      00
 732              	.LASF3:
 733 00fe 73686F72 		.ascii	"short unsigned int\000"
 733      7420756E 
 733      7369676E 
 733      65642069 
 733      6E7400
 734              	.LASF36:
 735 0111 43726F6E 		.ascii	"Crono_Pot\000"
 735      6F5F506F 
 735      7400
 736              	.LASF43:
 737 011b 466C6167 		.ascii	"Flag_Fifty\000"
 737      5F466966 
 737      747900
 738              	.LASF10:
 739 0126 696E7433 		.ascii	"int32_t\000"
 739      325F7400 
 740              	.LASF15:
 741 012e 666C6F61 		.ascii	"float\000"
 741      7400
 742              	.LASF39:
 743 0134 466C6167 		.ascii	"Flag_Crono\000"
 743      5F43726F 
 743      6E6F00
 744              	.LASF22:
 745 013f 466C6167 		.ascii	"Flag_Limit\000"
 745      5F4C696D 
 745      697400
 746              	.LASF32:
 747 014a 466C6167 		.ascii	"Flag_SetV\000"
 747      5F536574 
 747      5600
 748              	.LASF1:
 749 0154 756E7369 		.ascii	"unsigned char\000"
 749      676E6564 
 749      20636861 
 749      7200
 750              	.LASF49:
 751 0162 474E5520 		.ascii	"GNU C11 5.4.1 20160609 (release) [ARM/embedded-5-br"
 751      43313120 
 751      352E342E 
 751      31203230 
 751      31363036 
 752 0195 616E6368 		.ascii	"anch revision 237715] -mcpu=cortex-m3 -mthumb -g -O"
 752      20726576 
 752      6973696F 
 752      6E203233 
 752      37373135 
 753 01c8 67202D66 		.ascii	"g -ffunction-sections -ffat-lto-objects\000"
 753      66756E63 
 753      74696F6E 
 753      2D736563 
 753      74696F6E 
 754              	.LASF13:
ARM GAS  C:\Users\MARCOD~1\AppData\Local\Temp\ccZKANXu.s 			page 16


 755 01f0 696E7431 		.ascii	"int16\000"
 755      3600
 756              	.LASF5:
 757 01f6 6C6F6E67 		.ascii	"long unsigned int\000"
 757      20756E73 
 757      69676E65 
 757      6420696E 
 757      7400
 758              	.LASF27:
 759 0208 44617461 		.ascii	"DataBuffer6\000"
 759      42756666 
 759      65723600 
 760              	.LASF42:
 761 0214 466C6167 		.ascii	"Flag_Hundred\000"
 761      5F48756E 
 761      64726564 
 761      00
 762              	.LASF46:
 763 0221 49544D5F 		.ascii	"ITM_RxBuffer\000"
 763      52784275 
 763      66666572 
 763      00
 764              	.LASF16:
 765 022e 646F7562 		.ascii	"double\000"
 765      6C6500
 766              	.LASF34:
 767 0235 4E65675F 		.ascii	"Neg_Pot\000"
 767      506F7400 
 768              	.LASF18:
 769 023d 6C6F6E67 		.ascii	"long double\000"
 769      20646F75 
 769      626C6500 
 770              	.LASF45:
 771 0249 466C6167 		.ascii	"Flag_Two_Period\000"
 771      5F54776F 
 771      5F506572 
 771      696F6400 
 772              	.LASF12:
 773 0259 75696E74 		.ascii	"uint16\000"
 773      313600
 774              	.LASF8:
 775 0260 756E7369 		.ascii	"unsigned int\000"
 775      676E6564 
 775      20696E74 
 775      00
 776              	.LASF7:
 777 026d 6C6F6E67 		.ascii	"long long unsigned int\000"
 777      206C6F6E 
 777      6720756E 
 777      7369676E 
 777      65642069 
 778              	.LASF50:
 779 0284 43726F6E 		.ascii	"Crono_Measurement.c\000"
 779      6F5F4D65 
 779      61737572 
 779      656D656E 
 779      742E6300 
ARM GAS  C:\Users\MARCOD~1\AppData\Local\Temp\ccZKANXu.s 			page 17


 780              	.LASF44:
 781 0298 466C6167 		.ascii	"Flag_One_Period\000"
 781      5F4F6E65 
 781      5F506572 
 781      696F6400 
 782              	.LASF40:
 783 02a8 466C6167 		.ascii	"Flag_DataCrono\000"
 783      5F446174 
 783      6143726F 
 783      6E6F00
 784              	.LASF30:
 785 02b7 52656365 		.ascii	"Received_Ar\000"
 785      69766564 
 785      5F417200 
 786              	.LASF14:
 787 02c3 696E7433 		.ascii	"int32\000"
 787      3200
 788              	.LASF19:
 789 02c9 73697A65 		.ascii	"sizetype\000"
 789      74797065 
 789      00
 790              	.LASF6:
 791 02d2 6C6F6E67 		.ascii	"long long int\000"
 791      206C6F6E 
 791      6720696E 
 791      7400
 792              	.LASF33:
 793 02e0 53746F70 		.ascii	"Stop\000"
 793      00
 794              	.LASF24:
 795 02e5 466C6167 		.ascii	"Flag_Measure\000"
 795      5F4D6561 
 795      73757265 
 795      00
 796              	.LASF17:
 797 02f2 63686172 		.ascii	"char\000"
 797      00
 798              	.LASF35:
 799 02f7 506F735F 		.ascii	"Pos_Pot\000"
 799      506F7400 
 800              	.LASF28:
 801 02ff 53746172 		.ascii	"Start_Measure\000"
 801      745F4D65 
 801      61737572 
 801      6500
 802              	.LASF2:
 803 030d 73686F72 		.ascii	"short int\000"
 803      7420696E 
 803      7400
 804              	.LASF11:
 805 0317 75696E74 		.ascii	"uint8\000"
 805      3800
 806              	.LASF29:
 807 031d 466C6167 		.ascii	"Flag_Hn\000"
 807      5F486E00 
 808              	.LASF26:
 809 0325 44617461 		.ascii	"DataBuffer\000"
ARM GAS  C:\Users\MARCOD~1\AppData\Local\Temp\ccZKANXu.s 			page 18


 809      42756666 
 809      657200
 810              	.LASF37:
 811 0330 506F745F 		.ascii	"Pot_Range\000"
 811      52616E67 
 811      6500
 812              	.LASF0:
 813 033a 7369676E 		.ascii	"signed char\000"
 813      65642063 
 813      68617200 
 814              	.LASF52:
 815 0346 43757374 		.ascii	"Custom_ISR_Crono\000"
 815      6F6D5F49 
 815      53525F43 
 815      726F6E6F 
 815      00
 816              	.LASF20:
 817 0357 42756666 		.ascii	"BufferDataSend\000"
 817      65724461 
 817      74615365 
 817      6E6400
 818              		.ident	"GCC: (GNU Tools for ARM Embedded Processors) 5.4.1 20160609 (release) [ARM/embedded-5-bran
