ARM GAS  C:\Users\MARCOD~1\AppData\Local\Temp\ccPOSi2m.s 			page 1


   1              		.syntax unified
   2              		.cpu cortex-m3
   3              		.fpu softvfp
   4              		.eabi_attribute 20, 1
   5              		.eabi_attribute 21, 1
   6              		.eabi_attribute 23, 3
   7              		.eabi_attribute 24, 1
   8              		.eabi_attribute 25, 1
   9              		.eabi_attribute 26, 1
  10              		.eabi_attribute 30, 1
  11              		.eabi_attribute 34, 1
  12              		.eabi_attribute 18, 4
  13              		.thumb
  14              		.syntax unified
  15              		.file	"InterruptRoutines.c"
  16              		.text
  17              	.Ltext0:
  18              		.cfi_sections	.debug_frame
  19              		.section	.text.Measure_Function,"ax",%progbits
  20              		.align	2
  21              		.global	Measure_Function
  22              		.thumb
  23              		.thumb_func
  24              		.type	Measure_Function, %function
  25              	Measure_Function:
  26              	.LFB64:
  27              		.file 1 "InterruptRoutines.c"
   1:InterruptRoutines.c **** /* ========================================
   2:InterruptRoutines.c ****  *
   3:InterruptRoutines.c ****  * Copyright YOUR COMPANY, THE YEAR
   4:InterruptRoutines.c ****  * All Rights Reserved
   5:InterruptRoutines.c ****  * UNPUBLISHED, LICENSED SOFTWARE.
   6:InterruptRoutines.c ****  *
   7:InterruptRoutines.c ****  * CONFIDENTIAL AND PROPRIETARY INFORMATION
   8:InterruptRoutines.c ****  * WHICH IS THE PROPERTY OF your company.
   9:InterruptRoutines.c ****  *
  10:InterruptRoutines.c ****  * ========================================
  11:InterruptRoutines.c **** */
  12:InterruptRoutines.c **** #include "InterruptRoutines.h"
  13:InterruptRoutines.c **** #include "VoltageControl.h"
  14:InterruptRoutines.c **** #include "Rx_Hn.h" 
  15:InterruptRoutines.c **** #include "project.h"
  16:InterruptRoutines.c **** 
  17:InterruptRoutines.c **** int32 value_digit;
  18:InterruptRoutines.c **** int32 value_mv;
  19:InterruptRoutines.c **** uint8 SendBytesFlag = 0;
  20:InterruptRoutines.c **** 
  21:InterruptRoutines.c **** //Acquisition and return of mV values from ADC_DelSig
  22:InterruptRoutines.c **** 
  23:InterruptRoutines.c **** int32 Measure_Function(){
  28              		.loc 1 23 0
  29              		.cfi_startproc
  30              		@ args = 0, pretend = 0, frame = 0
  31              		@ frame_needed = 0, uses_anonymous_args = 0
  32 0000 08B5     		push	{r3, lr}
  33              		.cfi_def_cfa_offset 8
  34              		.cfi_offset 3, -8
ARM GAS  C:\Users\MARCOD~1\AppData\Local\Temp\ccPOSi2m.s 			page 2


  35              		.cfi_offset 14, -4
  24:InterruptRoutines.c ****     if (Start_Measure == 1){
  36              		.loc 1 24 0
  37 0002 104B     		ldr	r3, .L6
  38 0004 1B78     		ldrb	r3, [r3]	@ zero_extendqisi2
  39 0006 012B     		cmp	r3, #1
  40 0008 1BD1     		bne	.L2
  25:InterruptRoutines.c ****         CyDelay(5);
  41              		.loc 1 25 0
  42 000a 0520     		movs	r0, #5
  43 000c FFF7FEFF 		bl	CyDelay
  44              	.LVL0:
  26:InterruptRoutines.c ****         value_digit = ADC_DelSig_Read32();
  45              		.loc 1 26 0
  46 0010 FFF7FEFF 		bl	ADC_DelSig_Read32
  47              	.LVL1:
  48 0014 0C4B     		ldr	r3, .L6+4
  49 0016 1860     		str	r0, [r3]
  27:InterruptRoutines.c ****         if(value_digit < -65535)    value_digit = -65535;
  50              		.loc 1 27 0
  51 0018 10F5803F 		cmn	r0, #65536
  52 001c 01DC     		bgt	.L3
  53              		.loc 1 27 0 is_stmt 0 discriminator 1
  54 001e 0B4A     		ldr	r2, .L6+8
  55 0020 1A60     		str	r2, [r3]
  56              	.L3:
  28:InterruptRoutines.c ****         if(value_digit > 65535)     value_digit = 65535;
  57              		.loc 1 28 0 is_stmt 1
  58 0022 094B     		ldr	r3, .L6+4
  59 0024 1B68     		ldr	r3, [r3]
  60 0026 B3F5803F 		cmp	r3, #65536
  61 002a 03DB     		blt	.L4
  62              		.loc 1 28 0 is_stmt 0 discriminator 1
  63 002c 4FF6FF72 		movw	r2, #65535
  64 0030 054B     		ldr	r3, .L6+4
  65 0032 1A60     		str	r2, [r3]
  66              	.L4:
  29:InterruptRoutines.c ****         
  30:InterruptRoutines.c ****         value_mv = ADC_DelSig_CountsTo_mVolts(value_digit);
  67              		.loc 1 30 0 is_stmt 1
  68 0034 044B     		ldr	r3, .L6+4
  69 0036 1868     		ldr	r0, [r3]
  70 0038 FFF7FEFF 		bl	ADC_DelSig_CountsTo_mVolts
  71              	.LVL2:
  72 003c 044B     		ldr	r3, .L6+12
  73 003e 1860     		str	r0, [r3]
  31:InterruptRoutines.c ****         
  32:InterruptRoutines.c ****         return value_mv;
  74              		.loc 1 32 0
  75 0040 08BD     		pop	{r3, pc}
  76              	.L2:
  33:InterruptRoutines.c ****     }
  34:InterruptRoutines.c **** }
  77              		.loc 1 34 0
  78 0042 08BD     		pop	{r3, pc}
  79              	.L7:
  80              		.align	2
ARM GAS  C:\Users\MARCOD~1\AppData\Local\Temp\ccPOSi2m.s 			page 3


  81              	.L6:
  82 0044 00000000 		.word	Start_Measure
  83 0048 00000000 		.word	value_digit
  84 004c 0100FFFF 		.word	-65535
  85 0050 00000000 		.word	value_mv
  86              		.cfi_endproc
  87              	.LFE64:
  88              		.size	Measure_Function, .-Measure_Function
  89              		.global	SendBytesFlag
  90              		.comm	value_mv,4,4
  91              		.comm	value_digit,4,4
  92              		.comm	Flag_Two_Period,1,1
  93              		.comm	Flag_One_Period,1,1
  94              		.comm	Flag_Fifty,1,1
  95              		.comm	Flag_Hundred,1,1
  96              		.comm	Flag_Programmed,1,1
  97              		.comm	Flag_DataCrono,1,1
  98              		.comm	Flag_Crono,1,1
  99              		.comm	Flag_CV,1,1
 100              		.comm	Pot_Range,2,2
 101              		.comm	Crono_Pot,2,2
 102              		.comm	Pos_Pot,2,2
 103              		.comm	Neg_Pot,2,2
 104              		.comm	Stop,1,1
 105              		.comm	Flag_SetV,1,1
 106              		.comm	StartCalibration,1,1
 107              		.comm	Received_Ar,4,4
 108              		.comm	value,1,1
 109              		.comm	Flag_Measure,1,1
 110              		.comm	Value_mV,2,2
 111              		.comm	Flag_Limit,1,1
 112              		.comm	Flag_Period,1,1
 113              		.comm	BufferDataSend,10664,4
 114              		.comm	Start_Measure,1,1
 115              		.comm	DataBuffer6,64,4
 116              		.comm	DataBuffer,4,4
 117              		.bss
 118              		.type	SendBytesFlag, %object
 119              		.size	SendBytesFlag, 1
 120              	SendBytesFlag:
 121 0000 00       		.space	1
 122              		.text
 123              	.Letext0:
 124              		.file 2 "c:\\program files (x86)\\cypress\\psoc creator\\4.4\\psoc creator\\import\\gnu\\arm\\5.4.
 125              		.file 3 "c:\\program files (x86)\\cypress\\psoc creator\\4.4\\psoc creator\\import\\gnu\\arm\\5.4.
 126              		.file 4 "Generated_Source\\PSoC5/cytypes.h"
 127              		.file 5 "InterruptRoutines.h"
 128              		.file 6 "VoltageControl.h"
 129              		.file 7 "Rx_Hn.h"
 130              		.file 8 "Generated_Source\\PSoC5/core_cm3.h"
 131              		.file 9 "Generated_Source\\PSoC5/CyLib.h"
 132              		.file 10 "Generated_Source\\PSoC5/ADC_DelSig.h"
 133              		.section	.debug_info,"",%progbits
 134              	.Ldebug_info0:
 135 0000 5F030000 		.4byte	0x35f
 136 0004 0400     		.2byte	0x4
 137 0006 00000000 		.4byte	.Ldebug_abbrev0
ARM GAS  C:\Users\MARCOD~1\AppData\Local\Temp\ccPOSi2m.s 			page 4


 138 000a 04       		.byte	0x4
 139 000b 01       		.uleb128 0x1
 140 000c 2F010000 		.4byte	.LASF52
 141 0010 0C       		.byte	0xc
 142 0011 6C030000 		.4byte	.LASF53
 143 0015 17000000 		.4byte	.LASF54
 144 0019 00000000 		.4byte	.Ldebug_ranges0+0
 145 001d 00000000 		.4byte	0
 146 0021 00000000 		.4byte	.Ldebug_line0
 147 0025 02       		.uleb128 0x2
 148 0026 01       		.byte	0x1
 149 0027 06       		.byte	0x6
 150 0028 49030000 		.4byte	.LASF0
 151 002c 02       		.uleb128 0x2
 152 002d 01       		.byte	0x1
 153 002e 08       		.byte	0x8
 154 002f 21010000 		.4byte	.LASF1
 155 0033 02       		.uleb128 0x2
 156 0034 02       		.byte	0x2
 157 0035 05       		.byte	0x5
 158 0036 0C030000 		.4byte	.LASF2
 159 003a 02       		.uleb128 0x2
 160 003b 02       		.byte	0x2
 161 003c 07       		.byte	0x7
 162 003d CD000000 		.4byte	.LASF3
 163 0041 03       		.uleb128 0x3
 164 0042 C3000000 		.4byte	.LASF9
 165 0046 02       		.byte	0x2
 166 0047 3F       		.byte	0x3f
 167 0048 4C000000 		.4byte	0x4c
 168 004c 02       		.uleb128 0x2
 169 004d 04       		.byte	0x4
 170 004e 05       		.byte	0x5
 171 004f 2A030000 		.4byte	.LASF4
 172 0053 02       		.uleb128 0x2
 173 0054 04       		.byte	0x4
 174 0055 07       		.byte	0x7
 175 0056 C3010000 		.4byte	.LASF5
 176 005a 02       		.uleb128 0x2
 177 005b 08       		.byte	0x8
 178 005c 05       		.byte	0x5
 179 005d 1C030000 		.4byte	.LASF6
 180 0061 02       		.uleb128 0x2
 181 0062 08       		.byte	0x8
 182 0063 07       		.byte	0x7
 183 0064 3B020000 		.4byte	.LASF7
 184 0068 04       		.uleb128 0x4
 185 0069 04       		.byte	0x4
 186 006a 05       		.byte	0x5
 187 006b 696E7400 		.ascii	"int\000"
 188 006f 02       		.uleb128 0x2
 189 0070 04       		.byte	0x4
 190 0071 07       		.byte	0x7
 191 0072 2E020000 		.4byte	.LASF8
 192 0076 03       		.uleb128 0x3
 193 0077 F3000000 		.4byte	.LASF10
 194 007b 03       		.byte	0x3
ARM GAS  C:\Users\MARCOD~1\AppData\Local\Temp\ccPOSi2m.s 			page 5


 195 007c 2C       		.byte	0x2c
 196 007d 41000000 		.4byte	0x41
 197 0081 05       		.uleb128 0x5
 198 0082 16030000 		.4byte	.LASF11
 199 0086 04       		.byte	0x4
 200 0087 E901     		.2byte	0x1e9
 201 0089 2C000000 		.4byte	0x2c
 202 008d 05       		.uleb128 0x5
 203 008e 27020000 		.4byte	.LASF12
 204 0092 04       		.byte	0x4
 205 0093 EA01     		.2byte	0x1ea
 206 0095 3A000000 		.4byte	0x3a
 207 0099 05       		.uleb128 0x5
 208 009a BD010000 		.4byte	.LASF13
 209 009e 04       		.byte	0x4
 210 009f ED01     		.2byte	0x1ed
 211 00a1 33000000 		.4byte	0x33
 212 00a5 05       		.uleb128 0x5
 213 00a6 A8020000 		.4byte	.LASF14
 214 00aa 04       		.byte	0x4
 215 00ab EE01     		.2byte	0x1ee
 216 00ad 4C000000 		.4byte	0x4c
 217 00b1 02       		.uleb128 0x2
 218 00b2 04       		.byte	0x4
 219 00b3 04       		.byte	0x4
 220 00b4 FB000000 		.4byte	.LASF15
 221 00b8 02       		.uleb128 0x2
 222 00b9 08       		.byte	0x8
 223 00ba 04       		.byte	0x4
 224 00bb 0C020000 		.4byte	.LASF16
 225 00bf 02       		.uleb128 0x2
 226 00c0 01       		.byte	0x1
 227 00c1 08       		.byte	0x8
 228 00c2 E6020000 		.4byte	.LASF17
 229 00c6 02       		.uleb128 0x2
 230 00c7 08       		.byte	0x8
 231 00c8 04       		.byte	0x4
 232 00c9 1B020000 		.4byte	.LASF18
 233 00cd 02       		.uleb128 0x2
 234 00ce 04       		.byte	0x4
 235 00cf 07       		.byte	0x7
 236 00d0 AE020000 		.4byte	.LASF19
 237 00d4 06       		.uleb128 0x6
 238 00d5 EE010000 		.4byte	.LASF55
 239 00d9 01       		.byte	0x1
 240 00da 17       		.byte	0x17
 241 00db A5000000 		.4byte	0xa5
 242 00df 00000000 		.4byte	.LFB64
 243 00e3 54000000 		.4byte	.LFE64-.LFB64
 244 00e7 01       		.uleb128 0x1
 245 00e8 9C       		.byte	0x9c
 246 00e9 13010000 		.4byte	0x113
 247 00ed 07       		.uleb128 0x7
 248 00ee 10000000 		.4byte	.LVL0
 249 00f2 41030000 		.4byte	0x341
 250 00f6 00010000 		.4byte	0x100
 251 00fa 08       		.uleb128 0x8
ARM GAS  C:\Users\MARCOD~1\AppData\Local\Temp\ccPOSi2m.s 			page 6


 252 00fb 01       		.uleb128 0x1
 253 00fc 50       		.byte	0x50
 254 00fd 01       		.uleb128 0x1
 255 00fe 35       		.byte	0x35
 256 00ff 00       		.byte	0
 257 0100 09       		.uleb128 0x9
 258 0101 14000000 		.4byte	.LVL1
 259 0105 4C030000 		.4byte	0x34c
 260 0109 09       		.uleb128 0x9
 261 010a 3C000000 		.4byte	.LVL2
 262 010e 57030000 		.4byte	0x357
 263 0112 00       		.byte	0
 264 0113 0A       		.uleb128 0xa
 265 0114 81000000 		.4byte	0x81
 266 0118 23010000 		.4byte	0x123
 267 011c 0B       		.uleb128 0xb
 268 011d CD000000 		.4byte	0xcd
 269 0121 03       		.byte	0x3
 270 0122 00       		.byte	0
 271 0123 0C       		.uleb128 0xc
 272 0124 F3020000 		.4byte	.LASF20
 273 0128 05       		.byte	0x5
 274 0129 13       		.byte	0x13
 275 012a 13010000 		.4byte	0x113
 276 012e 05       		.uleb128 0x5
 277 012f 03       		.byte	0x3
 278 0130 00000000 		.4byte	DataBuffer
 279 0134 0A       		.uleb128 0xa
 280 0135 BF000000 		.4byte	0xbf
 281 0139 44010000 		.4byte	0x144
 282 013d 0B       		.uleb128 0xb
 283 013e CD000000 		.4byte	0xcd
 284 0142 3F       		.byte	0x3f
 285 0143 00       		.byte	0
 286 0144 0C       		.uleb128 0xc
 287 0145 D5010000 		.4byte	.LASF21
 288 0149 05       		.byte	0x5
 289 014a 14       		.byte	0x14
 290 014b 34010000 		.4byte	0x134
 291 014f 05       		.uleb128 0x5
 292 0150 03       		.byte	0x3
 293 0151 00000000 		.4byte	DataBuffer6
 294 0155 0C       		.uleb128 0xc
 295 0156 FE020000 		.4byte	.LASF22
 296 015a 05       		.byte	0x5
 297 015b 17       		.byte	0x17
 298 015c 81000000 		.4byte	0x81
 299 0160 05       		.uleb128 0x5
 300 0161 03       		.byte	0x3
 301 0162 00000000 		.4byte	Start_Measure
 302 0166 0A       		.uleb128 0xa
 303 0167 A5000000 		.4byte	0xa5
 304 016b 77010000 		.4byte	0x177
 305 016f 0D       		.uleb128 0xd
 306 0170 CD000000 		.4byte	0xcd
 307 0174 690A     		.2byte	0xa69
 308 0176 00       		.byte	0
ARM GAS  C:\Users\MARCOD~1\AppData\Local\Temp\ccPOSi2m.s 			page 7


 309 0177 0C       		.uleb128 0xc
 310 0178 55030000 		.4byte	.LASF23
 311 017c 06       		.byte	0x6
 312 017d 1B       		.byte	0x1b
 313 017e 66010000 		.4byte	0x166
 314 0182 05       		.uleb128 0x5
 315 0183 03       		.byte	0x3
 316 0184 00000000 		.4byte	BufferDataSend
 317 0188 0C       		.uleb128 0xc
 318 0189 A0000000 		.4byte	.LASF24
 319 018d 06       		.byte	0x6
 320 018e 1D       		.byte	0x1d
 321 018f 81000000 		.4byte	0x81
 322 0193 05       		.uleb128 0x5
 323 0194 03       		.byte	0x3
 324 0195 00000000 		.4byte	Flag_Period
 325 0199 0C       		.uleb128 0xc
 326 019a 0C010000 		.4byte	.LASF25
 327 019e 06       		.byte	0x6
 328 019f 1E       		.byte	0x1e
 329 01a0 81000000 		.4byte	0x81
 330 01a4 05       		.uleb128 0x5
 331 01a5 03       		.byte	0x3
 332 01a6 00000000 		.4byte	Flag_Limit
 333 01aa 0C       		.uleb128 0xc
 334 01ab 0E000000 		.4byte	.LASF26
 335 01af 06       		.byte	0x6
 336 01b0 1F       		.byte	0x1f
 337 01b1 8D000000 		.4byte	0x8d
 338 01b5 05       		.uleb128 0x5
 339 01b6 03       		.byte	0x3
 340 01b7 00000000 		.4byte	Value_mV
 341 01bb 0C       		.uleb128 0xc
 342 01bc D9020000 		.4byte	.LASF27
 343 01c0 06       		.byte	0x6
 344 01c1 20       		.byte	0x20
 345 01c2 81000000 		.4byte	0x81
 346 01c6 05       		.uleb128 0x5
 347 01c7 03       		.byte	0x3
 348 01c8 00000000 		.4byte	Flag_Measure
 349 01cc 0C       		.uleb128 0xc
 350 01cd BD000000 		.4byte	.LASF28
 351 01d1 06       		.byte	0x6
 352 01d2 21       		.byte	0x21
 353 01d3 81000000 		.4byte	0x81
 354 01d7 05       		.uleb128 0x5
 355 01d8 03       		.byte	0x3
 356 01d9 00000000 		.4byte	value
 357 01dd 0A       		.uleb128 0xa
 358 01de 8D000000 		.4byte	0x8d
 359 01e2 ED010000 		.4byte	0x1ed
 360 01e6 0B       		.uleb128 0xb
 361 01e7 CD000000 		.4byte	0xcd
 362 01eb 01       		.byte	0x1
 363 01ec 00       		.byte	0
 364 01ed 0C       		.uleb128 0xc
 365 01ee 9C020000 		.4byte	.LASF29
ARM GAS  C:\Users\MARCOD~1\AppData\Local\Temp\ccPOSi2m.s 			page 8


 366 01f2 07       		.byte	0x7
 367 01f3 12       		.byte	0x12
 368 01f4 DD010000 		.4byte	0x1dd
 369 01f8 05       		.uleb128 0x5
 370 01f9 03       		.byte	0x3
 371 01fa 00000000 		.4byte	Received_Ar
 372 01fe 0C       		.uleb128 0xc
 373 01ff AC000000 		.4byte	.LASF30
 374 0203 07       		.byte	0x7
 375 0204 15       		.byte	0x15
 376 0205 81000000 		.4byte	0x81
 377 0209 05       		.uleb128 0x5
 378 020a 03       		.byte	0x3
 379 020b 00000000 		.4byte	StartCalibration
 380 020f 0C       		.uleb128 0xc
 381 0210 17010000 		.4byte	.LASF31
 382 0214 07       		.byte	0x7
 383 0215 16       		.byte	0x16
 384 0216 81000000 		.4byte	0x81
 385 021a 05       		.uleb128 0x5
 386 021b 03       		.byte	0x3
 387 021c 00000000 		.4byte	Flag_SetV
 388 0220 0C       		.uleb128 0xc
 389 0221 D4020000 		.4byte	.LASF32
 390 0225 07       		.byte	0x7
 391 0226 17       		.byte	0x17
 392 0227 81000000 		.4byte	0x81
 393 022b 05       		.uleb128 0x5
 394 022c 03       		.byte	0x3
 395 022d 00000000 		.4byte	Stop
 396 0231 0C       		.uleb128 0xc
 397 0232 13020000 		.4byte	.LASF33
 398 0236 07       		.byte	0x7
 399 0237 18       		.byte	0x18
 400 0238 99000000 		.4byte	0x99
 401 023c 05       		.uleb128 0x5
 402 023d 03       		.byte	0x3
 403 023e 00000000 		.4byte	Neg_Pot
 404 0242 0C       		.uleb128 0xc
 405 0243 EB020000 		.4byte	.LASF34
 406 0247 07       		.byte	0x7
 407 0248 19       		.byte	0x19
 408 0249 99000000 		.4byte	0x99
 409 024d 05       		.uleb128 0x5
 410 024e 03       		.byte	0x3
 411 024f 00000000 		.4byte	Pos_Pot
 412 0253 0C       		.uleb128 0xc
 413 0254 E0000000 		.4byte	.LASF35
 414 0258 07       		.byte	0x7
 415 0259 1A       		.byte	0x1a
 416 025a 99000000 		.4byte	0x99
 417 025e 05       		.uleb128 0x5
 418 025f 03       		.byte	0x3
 419 0260 00000000 		.4byte	Crono_Pot
 420 0264 0C       		.uleb128 0xc
 421 0265 3F030000 		.4byte	.LASF36
 422 0269 07       		.byte	0x7
ARM GAS  C:\Users\MARCOD~1\AppData\Local\Temp\ccPOSi2m.s 			page 9


 423 026a 1B       		.byte	0x1b
 424 026b 8D000000 		.4byte	0x8d
 425 026f 05       		.uleb128 0x5
 426 0270 03       		.byte	0x3
 427 0271 00000000 		.4byte	Pot_Range
 428 0275 0C       		.uleb128 0xc
 429 0276 98000000 		.4byte	.LASF37
 430 027a 07       		.byte	0x7
 431 027b 1C       		.byte	0x1c
 432 027c 81000000 		.4byte	0x81
 433 0280 05       		.uleb128 0x5
 434 0281 03       		.byte	0x3
 435 0282 00000000 		.4byte	Flag_CV
 436 0286 0C       		.uleb128 0xc
 437 0287 01010000 		.4byte	.LASF38
 438 028b 07       		.byte	0x7
 439 028c 1D       		.byte	0x1d
 440 028d 81000000 		.4byte	0x81
 441 0291 05       		.uleb128 0x5
 442 0292 03       		.byte	0x3
 443 0293 00000000 		.4byte	Flag_Crono
 444 0297 0C       		.uleb128 0xc
 445 0298 8D020000 		.4byte	.LASF39
 446 029c 07       		.byte	0x7
 447 029d 1E       		.byte	0x1e
 448 029e 81000000 		.4byte	0x81
 449 02a2 05       		.uleb128 0x5
 450 02a3 03       		.byte	0x3
 451 02a4 00000000 		.4byte	Flag_DataCrono
 452 02a8 0C       		.uleb128 0xc
 453 02a9 88000000 		.4byte	.LASF40
 454 02ad 07       		.byte	0x7
 455 02ae 1F       		.byte	0x1f
 456 02af 81000000 		.4byte	0x81
 457 02b3 05       		.uleb128 0x5
 458 02b4 03       		.byte	0x3
 459 02b5 00000000 		.4byte	Flag_Programmed
 460 02b9 0C       		.uleb128 0xc
 461 02ba E1010000 		.4byte	.LASF41
 462 02be 07       		.byte	0x7
 463 02bf 20       		.byte	0x20
 464 02c0 81000000 		.4byte	0x81
 465 02c4 05       		.uleb128 0x5
 466 02c5 03       		.byte	0x3
 467 02c6 00000000 		.4byte	Flag_Hundred
 468 02ca 0C       		.uleb128 0xc
 469 02cb C9020000 		.4byte	.LASF42
 470 02cf 07       		.byte	0x7
 471 02d0 21       		.byte	0x21
 472 02d1 81000000 		.4byte	0x81
 473 02d5 05       		.uleb128 0x5
 474 02d6 03       		.byte	0x3
 475 02d7 00000000 		.4byte	Flag_Fifty
 476 02db 0C       		.uleb128 0xc
 477 02dc 62020000 		.4byte	.LASF43
 478 02e0 07       		.byte	0x7
 479 02e1 22       		.byte	0x22
ARM GAS  C:\Users\MARCOD~1\AppData\Local\Temp\ccPOSi2m.s 			page 10


 480 02e2 81000000 		.4byte	0x81
 481 02e6 05       		.uleb128 0x5
 482 02e7 03       		.byte	0x3
 483 02e8 00000000 		.4byte	Flag_One_Period
 484 02ec 0C       		.uleb128 0xc
 485 02ed 52020000 		.4byte	.LASF44
 486 02f1 07       		.byte	0x7
 487 02f2 23       		.byte	0x23
 488 02f3 81000000 		.4byte	0x81
 489 02f7 05       		.uleb128 0x5
 490 02f8 03       		.byte	0x3
 491 02f9 00000000 		.4byte	Flag_Two_Period
 492 02fd 0E       		.uleb128 0xe
 493 02fe FF010000 		.4byte	.LASF45
 494 0302 08       		.byte	0x8
 495 0303 1207     		.2byte	0x712
 496 0305 09030000 		.4byte	0x309
 497 0309 0F       		.uleb128 0xf
 498 030a 76000000 		.4byte	0x76
 499 030e 0C       		.uleb128 0xc
 500 030f 33030000 		.4byte	.LASF46
 501 0313 01       		.byte	0x1
 502 0314 11       		.byte	0x11
 503 0315 A5000000 		.4byte	0xa5
 504 0319 05       		.uleb128 0x5
 505 031a 03       		.byte	0x3
 506 031b 00000000 		.4byte	value_digit
 507 031f 0C       		.uleb128 0xc
 508 0320 EA000000 		.4byte	.LASF47
 509 0324 01       		.byte	0x1
 510 0325 12       		.byte	0x12
 511 0326 A5000000 		.4byte	0xa5
 512 032a 05       		.uleb128 0x5
 513 032b 03       		.byte	0x3
 514 032c 00000000 		.4byte	value_mv
 515 0330 0C       		.uleb128 0xc
 516 0331 00000000 		.4byte	.LASF48
 517 0335 01       		.byte	0x1
 518 0336 13       		.byte	0x13
 519 0337 81000000 		.4byte	0x81
 520 033b 05       		.uleb128 0x5
 521 033c 03       		.byte	0x3
 522 033d 00000000 		.4byte	SendBytesFlag
 523 0341 10       		.uleb128 0x10
 524 0342 64030000 		.4byte	.LASF49
 525 0346 64030000 		.4byte	.LASF49
 526 034a 09       		.byte	0x9
 527 034b 76       		.byte	0x76
 528 034c 10       		.uleb128 0x10
 529 034d B7020000 		.4byte	.LASF50
 530 0351 B7020000 		.4byte	.LASF50
 531 0355 0A       		.byte	0xa
 532 0356 56       		.byte	0x56
 533 0357 10       		.uleb128 0x10
 534 0358 72020000 		.4byte	.LASF51
 535 035c 72020000 		.4byte	.LASF51
 536 0360 0A       		.byte	0xa
ARM GAS  C:\Users\MARCOD~1\AppData\Local\Temp\ccPOSi2m.s 			page 11


 537 0361 47       		.byte	0x47
 538 0362 00       		.byte	0
 539              		.section	.debug_abbrev,"",%progbits
 540              	.Ldebug_abbrev0:
 541 0000 01       		.uleb128 0x1
 542 0001 11       		.uleb128 0x11
 543 0002 01       		.byte	0x1
 544 0003 25       		.uleb128 0x25
 545 0004 0E       		.uleb128 0xe
 546 0005 13       		.uleb128 0x13
 547 0006 0B       		.uleb128 0xb
 548 0007 03       		.uleb128 0x3
 549 0008 0E       		.uleb128 0xe
 550 0009 1B       		.uleb128 0x1b
 551 000a 0E       		.uleb128 0xe
 552 000b 55       		.uleb128 0x55
 553 000c 17       		.uleb128 0x17
 554 000d 11       		.uleb128 0x11
 555 000e 01       		.uleb128 0x1
 556 000f 10       		.uleb128 0x10
 557 0010 17       		.uleb128 0x17
 558 0011 00       		.byte	0
 559 0012 00       		.byte	0
 560 0013 02       		.uleb128 0x2
 561 0014 24       		.uleb128 0x24
 562 0015 00       		.byte	0
 563 0016 0B       		.uleb128 0xb
 564 0017 0B       		.uleb128 0xb
 565 0018 3E       		.uleb128 0x3e
 566 0019 0B       		.uleb128 0xb
 567 001a 03       		.uleb128 0x3
 568 001b 0E       		.uleb128 0xe
 569 001c 00       		.byte	0
 570 001d 00       		.byte	0
 571 001e 03       		.uleb128 0x3
 572 001f 16       		.uleb128 0x16
 573 0020 00       		.byte	0
 574 0021 03       		.uleb128 0x3
 575 0022 0E       		.uleb128 0xe
 576 0023 3A       		.uleb128 0x3a
 577 0024 0B       		.uleb128 0xb
 578 0025 3B       		.uleb128 0x3b
 579 0026 0B       		.uleb128 0xb
 580 0027 49       		.uleb128 0x49
 581 0028 13       		.uleb128 0x13
 582 0029 00       		.byte	0
 583 002a 00       		.byte	0
 584 002b 04       		.uleb128 0x4
 585 002c 24       		.uleb128 0x24
 586 002d 00       		.byte	0
 587 002e 0B       		.uleb128 0xb
 588 002f 0B       		.uleb128 0xb
 589 0030 3E       		.uleb128 0x3e
 590 0031 0B       		.uleb128 0xb
 591 0032 03       		.uleb128 0x3
 592 0033 08       		.uleb128 0x8
 593 0034 00       		.byte	0
ARM GAS  C:\Users\MARCOD~1\AppData\Local\Temp\ccPOSi2m.s 			page 12


 594 0035 00       		.byte	0
 595 0036 05       		.uleb128 0x5
 596 0037 16       		.uleb128 0x16
 597 0038 00       		.byte	0
 598 0039 03       		.uleb128 0x3
 599 003a 0E       		.uleb128 0xe
 600 003b 3A       		.uleb128 0x3a
 601 003c 0B       		.uleb128 0xb
 602 003d 3B       		.uleb128 0x3b
 603 003e 05       		.uleb128 0x5
 604 003f 49       		.uleb128 0x49
 605 0040 13       		.uleb128 0x13
 606 0041 00       		.byte	0
 607 0042 00       		.byte	0
 608 0043 06       		.uleb128 0x6
 609 0044 2E       		.uleb128 0x2e
 610 0045 01       		.byte	0x1
 611 0046 3F       		.uleb128 0x3f
 612 0047 19       		.uleb128 0x19
 613 0048 03       		.uleb128 0x3
 614 0049 0E       		.uleb128 0xe
 615 004a 3A       		.uleb128 0x3a
 616 004b 0B       		.uleb128 0xb
 617 004c 3B       		.uleb128 0x3b
 618 004d 0B       		.uleb128 0xb
 619 004e 49       		.uleb128 0x49
 620 004f 13       		.uleb128 0x13
 621 0050 11       		.uleb128 0x11
 622 0051 01       		.uleb128 0x1
 623 0052 12       		.uleb128 0x12
 624 0053 06       		.uleb128 0x6
 625 0054 40       		.uleb128 0x40
 626 0055 18       		.uleb128 0x18
 627 0056 9742     		.uleb128 0x2117
 628 0058 19       		.uleb128 0x19
 629 0059 01       		.uleb128 0x1
 630 005a 13       		.uleb128 0x13
 631 005b 00       		.byte	0
 632 005c 00       		.byte	0
 633 005d 07       		.uleb128 0x7
 634 005e 898201   		.uleb128 0x4109
 635 0061 01       		.byte	0x1
 636 0062 11       		.uleb128 0x11
 637 0063 01       		.uleb128 0x1
 638 0064 31       		.uleb128 0x31
 639 0065 13       		.uleb128 0x13
 640 0066 01       		.uleb128 0x1
 641 0067 13       		.uleb128 0x13
 642 0068 00       		.byte	0
 643 0069 00       		.byte	0
 644 006a 08       		.uleb128 0x8
 645 006b 8A8201   		.uleb128 0x410a
 646 006e 00       		.byte	0
 647 006f 02       		.uleb128 0x2
 648 0070 18       		.uleb128 0x18
 649 0071 9142     		.uleb128 0x2111
 650 0073 18       		.uleb128 0x18
ARM GAS  C:\Users\MARCOD~1\AppData\Local\Temp\ccPOSi2m.s 			page 13


 651 0074 00       		.byte	0
 652 0075 00       		.byte	0
 653 0076 09       		.uleb128 0x9
 654 0077 898201   		.uleb128 0x4109
 655 007a 00       		.byte	0
 656 007b 11       		.uleb128 0x11
 657 007c 01       		.uleb128 0x1
 658 007d 31       		.uleb128 0x31
 659 007e 13       		.uleb128 0x13
 660 007f 00       		.byte	0
 661 0080 00       		.byte	0
 662 0081 0A       		.uleb128 0xa
 663 0082 01       		.uleb128 0x1
 664 0083 01       		.byte	0x1
 665 0084 49       		.uleb128 0x49
 666 0085 13       		.uleb128 0x13
 667 0086 01       		.uleb128 0x1
 668 0087 13       		.uleb128 0x13
 669 0088 00       		.byte	0
 670 0089 00       		.byte	0
 671 008a 0B       		.uleb128 0xb
 672 008b 21       		.uleb128 0x21
 673 008c 00       		.byte	0
 674 008d 49       		.uleb128 0x49
 675 008e 13       		.uleb128 0x13
 676 008f 2F       		.uleb128 0x2f
 677 0090 0B       		.uleb128 0xb
 678 0091 00       		.byte	0
 679 0092 00       		.byte	0
 680 0093 0C       		.uleb128 0xc
 681 0094 34       		.uleb128 0x34
 682 0095 00       		.byte	0
 683 0096 03       		.uleb128 0x3
 684 0097 0E       		.uleb128 0xe
 685 0098 3A       		.uleb128 0x3a
 686 0099 0B       		.uleb128 0xb
 687 009a 3B       		.uleb128 0x3b
 688 009b 0B       		.uleb128 0xb
 689 009c 49       		.uleb128 0x49
 690 009d 13       		.uleb128 0x13
 691 009e 3F       		.uleb128 0x3f
 692 009f 19       		.uleb128 0x19
 693 00a0 02       		.uleb128 0x2
 694 00a1 18       		.uleb128 0x18
 695 00a2 00       		.byte	0
 696 00a3 00       		.byte	0
 697 00a4 0D       		.uleb128 0xd
 698 00a5 21       		.uleb128 0x21
 699 00a6 00       		.byte	0
 700 00a7 49       		.uleb128 0x49
 701 00a8 13       		.uleb128 0x13
 702 00a9 2F       		.uleb128 0x2f
 703 00aa 05       		.uleb128 0x5
 704 00ab 00       		.byte	0
 705 00ac 00       		.byte	0
 706 00ad 0E       		.uleb128 0xe
 707 00ae 34       		.uleb128 0x34
ARM GAS  C:\Users\MARCOD~1\AppData\Local\Temp\ccPOSi2m.s 			page 14


 708 00af 00       		.byte	0
 709 00b0 03       		.uleb128 0x3
 710 00b1 0E       		.uleb128 0xe
 711 00b2 3A       		.uleb128 0x3a
 712 00b3 0B       		.uleb128 0xb
 713 00b4 3B       		.uleb128 0x3b
 714 00b5 05       		.uleb128 0x5
 715 00b6 49       		.uleb128 0x49
 716 00b7 13       		.uleb128 0x13
 717 00b8 3F       		.uleb128 0x3f
 718 00b9 19       		.uleb128 0x19
 719 00ba 3C       		.uleb128 0x3c
 720 00bb 19       		.uleb128 0x19
 721 00bc 00       		.byte	0
 722 00bd 00       		.byte	0
 723 00be 0F       		.uleb128 0xf
 724 00bf 35       		.uleb128 0x35
 725 00c0 00       		.byte	0
 726 00c1 49       		.uleb128 0x49
 727 00c2 13       		.uleb128 0x13
 728 00c3 00       		.byte	0
 729 00c4 00       		.byte	0
 730 00c5 10       		.uleb128 0x10
 731 00c6 2E       		.uleb128 0x2e
 732 00c7 00       		.byte	0
 733 00c8 3F       		.uleb128 0x3f
 734 00c9 19       		.uleb128 0x19
 735 00ca 3C       		.uleb128 0x3c
 736 00cb 19       		.uleb128 0x19
 737 00cc 6E       		.uleb128 0x6e
 738 00cd 0E       		.uleb128 0xe
 739 00ce 03       		.uleb128 0x3
 740 00cf 0E       		.uleb128 0xe
 741 00d0 3A       		.uleb128 0x3a
 742 00d1 0B       		.uleb128 0xb
 743 00d2 3B       		.uleb128 0x3b
 744 00d3 0B       		.uleb128 0xb
 745 00d4 00       		.byte	0
 746 00d5 00       		.byte	0
 747 00d6 00       		.byte	0
 748              		.section	.debug_aranges,"",%progbits
 749 0000 1C000000 		.4byte	0x1c
 750 0004 0200     		.2byte	0x2
 751 0006 00000000 		.4byte	.Ldebug_info0
 752 000a 04       		.byte	0x4
 753 000b 00       		.byte	0
 754 000c 0000     		.2byte	0
 755 000e 0000     		.2byte	0
 756 0010 00000000 		.4byte	.LFB64
 757 0014 54000000 		.4byte	.LFE64-.LFB64
 758 0018 00000000 		.4byte	0
 759 001c 00000000 		.4byte	0
 760              		.section	.debug_ranges,"",%progbits
 761              	.Ldebug_ranges0:
 762 0000 00000000 		.4byte	.LFB64
 763 0004 54000000 		.4byte	.LFE64
 764 0008 00000000 		.4byte	0
ARM GAS  C:\Users\MARCOD~1\AppData\Local\Temp\ccPOSi2m.s 			page 15


 765 000c 00000000 		.4byte	0
 766              		.section	.debug_line,"",%progbits
 767              	.Ldebug_line0:
 768 0000 D5010000 		.section	.debug_str,"MS",%progbits,1
 768      0200AA01 
 768      00000201 
 768      FB0E0D00 
 768      01010101 
 769              	.LASF48:
 770 0000 53656E64 		.ascii	"SendBytesFlag\000"
 770      42797465 
 770      73466C61 
 770      6700
 771              	.LASF26:
 772 000e 56616C75 		.ascii	"Value_mV\000"
 772      655F6D56 
 772      00
 773              	.LASF54:
 774 0017 5C5C4D61 		.ascii	"\\\\Mac\\Dropbox\\Tesi\\Codice\\Tesi_Capodieci_DelP"
 774      635C4472 
 774      6F70626F 
 774      785C5465 
 774      73695C43 
 775 0044 72657465 		.ascii	"rete\\Albumin_Measurement_Pot\\Albumin_Measurement_"
 775      5C416C62 
 775      756D696E 
 775      5F4D6561 
 775      73757265 
 776 0075 506F7465 		.ascii	"Potentiostat.cydsn\000"
 776      6E74696F 
 776      73746174 
 776      2E637964 
 776      736E00
 777              	.LASF40:
 778 0088 466C6167 		.ascii	"Flag_Programmed\000"
 778      5F50726F 
 778      6772616D 
 778      6D656400 
 779              	.LASF37:
 780 0098 466C6167 		.ascii	"Flag_CV\000"
 780      5F435600 
 781              	.LASF24:
 782 00a0 466C6167 		.ascii	"Flag_Period\000"
 782      5F506572 
 782      696F6400 
 783              	.LASF30:
 784 00ac 53746172 		.ascii	"StartCalibration\000"
 784      7443616C 
 784      69627261 
 784      74696F6E 
 784      00
 785              	.LASF28:
 786 00bd 76616C75 		.ascii	"value\000"
 786      6500
 787              	.LASF9:
 788 00c3 5F5F696E 		.ascii	"__int32_t\000"
 788      7433325F 
ARM GAS  C:\Users\MARCOD~1\AppData\Local\Temp\ccPOSi2m.s 			page 16


 788      7400
 789              	.LASF3:
 790 00cd 73686F72 		.ascii	"short unsigned int\000"
 790      7420756E 
 790      7369676E 
 790      65642069 
 790      6E7400
 791              	.LASF35:
 792 00e0 43726F6E 		.ascii	"Crono_Pot\000"
 792      6F5F506F 
 792      7400
 793              	.LASF47:
 794 00ea 76616C75 		.ascii	"value_mv\000"
 794      655F6D76 
 794      00
 795              	.LASF10:
 796 00f3 696E7433 		.ascii	"int32_t\000"
 796      325F7400 
 797              	.LASF15:
 798 00fb 666C6F61 		.ascii	"float\000"
 798      7400
 799              	.LASF38:
 800 0101 466C6167 		.ascii	"Flag_Crono\000"
 800      5F43726F 
 800      6E6F00
 801              	.LASF25:
 802 010c 466C6167 		.ascii	"Flag_Limit\000"
 802      5F4C696D 
 802      697400
 803              	.LASF31:
 804 0117 466C6167 		.ascii	"Flag_SetV\000"
 804      5F536574 
 804      5600
 805              	.LASF1:
 806 0121 756E7369 		.ascii	"unsigned char\000"
 806      676E6564 
 806      20636861 
 806      7200
 807              	.LASF52:
 808 012f 474E5520 		.ascii	"GNU C11 5.4.1 20160609 (release) [ARM/embedded-5-br"
 808      43313120 
 808      352E342E 
 808      31203230 
 808      31363036 
 809 0162 616E6368 		.ascii	"anch revision 237715] -mcpu=cortex-m3 -mthumb -g -O"
 809      20726576 
 809      6973696F 
 809      6E203233 
 809      37373135 
 810 0195 67202D66 		.ascii	"g -ffunction-sections -ffat-lto-objects\000"
 810      66756E63 
 810      74696F6E 
 810      2D736563 
 810      74696F6E 
 811              	.LASF13:
 812 01bd 696E7431 		.ascii	"int16\000"
 812      3600
ARM GAS  C:\Users\MARCOD~1\AppData\Local\Temp\ccPOSi2m.s 			page 17


 813              	.LASF5:
 814 01c3 6C6F6E67 		.ascii	"long unsigned int\000"
 814      20756E73 
 814      69676E65 
 814      6420696E 
 814      7400
 815              	.LASF21:
 816 01d5 44617461 		.ascii	"DataBuffer6\000"
 816      42756666 
 816      65723600 
 817              	.LASF41:
 818 01e1 466C6167 		.ascii	"Flag_Hundred\000"
 818      5F48756E 
 818      64726564 
 818      00
 819              	.LASF55:
 820 01ee 4D656173 		.ascii	"Measure_Function\000"
 820      7572655F 
 820      46756E63 
 820      74696F6E 
 820      00
 821              	.LASF45:
 822 01ff 49544D5F 		.ascii	"ITM_RxBuffer\000"
 822      52784275 
 822      66666572 
 822      00
 823              	.LASF16:
 824 020c 646F7562 		.ascii	"double\000"
 824      6C6500
 825              	.LASF33:
 826 0213 4E65675F 		.ascii	"Neg_Pot\000"
 826      506F7400 
 827              	.LASF18:
 828 021b 6C6F6E67 		.ascii	"long double\000"
 828      20646F75 
 828      626C6500 
 829              	.LASF12:
 830 0227 75696E74 		.ascii	"uint16\000"
 830      313600
 831              	.LASF8:
 832 022e 756E7369 		.ascii	"unsigned int\000"
 832      676E6564 
 832      20696E74 
 832      00
 833              	.LASF7:
 834 023b 6C6F6E67 		.ascii	"long long unsigned int\000"
 834      206C6F6E 
 834      6720756E 
 834      7369676E 
 834      65642069 
 835              	.LASF44:
 836 0252 466C6167 		.ascii	"Flag_Two_Period\000"
 836      5F54776F 
 836      5F506572 
 836      696F6400 
 837              	.LASF43:
 838 0262 466C6167 		.ascii	"Flag_One_Period\000"
ARM GAS  C:\Users\MARCOD~1\AppData\Local\Temp\ccPOSi2m.s 			page 18


 838      5F4F6E65 
 838      5F506572 
 838      696F6400 
 839              	.LASF51:
 840 0272 4144435F 		.ascii	"ADC_DelSig_CountsTo_mVolts\000"
 840      44656C53 
 840      69675F43 
 840      6F756E74 
 840      73546F5F 
 841              	.LASF39:
 842 028d 466C6167 		.ascii	"Flag_DataCrono\000"
 842      5F446174 
 842      6143726F 
 842      6E6F00
 843              	.LASF29:
 844 029c 52656365 		.ascii	"Received_Ar\000"
 844      69766564 
 844      5F417200 
 845              	.LASF14:
 846 02a8 696E7433 		.ascii	"int32\000"
 846      3200
 847              	.LASF19:
 848 02ae 73697A65 		.ascii	"sizetype\000"
 848      74797065 
 848      00
 849              	.LASF50:
 850 02b7 4144435F 		.ascii	"ADC_DelSig_Read32\000"
 850      44656C53 
 850      69675F52 
 850      65616433 
 850      3200
 851              	.LASF42:
 852 02c9 466C6167 		.ascii	"Flag_Fifty\000"
 852      5F466966 
 852      747900
 853              	.LASF32:
 854 02d4 53746F70 		.ascii	"Stop\000"
 854      00
 855              	.LASF27:
 856 02d9 466C6167 		.ascii	"Flag_Measure\000"
 856      5F4D6561 
 856      73757265 
 856      00
 857              	.LASF17:
 858 02e6 63686172 		.ascii	"char\000"
 858      00
 859              	.LASF34:
 860 02eb 506F735F 		.ascii	"Pos_Pot\000"
 860      506F7400 
 861              	.LASF20:
 862 02f3 44617461 		.ascii	"DataBuffer\000"
 862      42756666 
 862      657200
 863              	.LASF22:
 864 02fe 53746172 		.ascii	"Start_Measure\000"
 864      745F4D65 
 864      61737572 
ARM GAS  C:\Users\MARCOD~1\AppData\Local\Temp\ccPOSi2m.s 			page 19


 864      6500
 865              	.LASF2:
 866 030c 73686F72 		.ascii	"short int\000"
 866      7420696E 
 866      7400
 867              	.LASF11:
 868 0316 75696E74 		.ascii	"uint8\000"
 868      3800
 869              	.LASF6:
 870 031c 6C6F6E67 		.ascii	"long long int\000"
 870      206C6F6E 
 870      6720696E 
 870      7400
 871              	.LASF4:
 872 032a 6C6F6E67 		.ascii	"long int\000"
 872      20696E74 
 872      00
 873              	.LASF46:
 874 0333 76616C75 		.ascii	"value_digit\000"
 874      655F6469 
 874      67697400 
 875              	.LASF36:
 876 033f 506F745F 		.ascii	"Pot_Range\000"
 876      52616E67 
 876      6500
 877              	.LASF0:
 878 0349 7369676E 		.ascii	"signed char\000"
 878      65642063 
 878      68617200 
 879              	.LASF23:
 880 0355 42756666 		.ascii	"BufferDataSend\000"
 880      65724461 
 880      74615365 
 880      6E6400
 881              	.LASF49:
 882 0364 43794465 		.ascii	"CyDelay\000"
 882      6C617900 
 883              	.LASF53:
 884 036c 496E7465 		.ascii	"InterruptRoutines.c\000"
 884      72727570 
 884      74526F75 
 884      74696E65 
 884      732E6300 
 885              		.ident	"GCC: (GNU Tools for ARM Embedded Processors) 5.4.1 20160609 (release) [ARM/embedded-5-bran
