ARM GAS  C:\Users\MARCOD~1\AppData\Local\Temp\ccJopsnT.s 			page 1


   1              		.syntax unified
   2              		.cpu cortex-m3
   3              		.fpu softvfp
   4              		.eabi_attribute 20, 1
   5              		.eabi_attribute 21, 1
   6              		.eabi_attribute 23, 3
   7              		.eabi_attribute 24, 1
   8              		.eabi_attribute 25, 1
   9              		.eabi_attribute 26, 1
  10              		.eabi_attribute 30, 1
  11              		.eabi_attribute 34, 1
  12              		.eabi_attribute 18, 4
  13              		.thumb
  14              		.syntax unified
  15              		.file	"MinMax.c"
  16              		.text
  17              	.Ltext0:
  18              		.cfi_sections	.debug_frame
  19              		.section	.text.Max_Function,"ax",%progbits
  20              		.align	2
  21              		.global	Max_Function
  22              		.thumb
  23              		.thumb_func
  24              		.type	Max_Function, %function
  25              	Max_Function:
  26              	.LFB64:
  27              		.file 1 "MinMax.c"
   1:MinMax.c      **** /* ========================================
   2:MinMax.c      ****  *
   3:MinMax.c      ****  * Copyright YOUR COMPANY, THE YEAR
   4:MinMax.c      ****  * All Rights Reserved
   5:MinMax.c      ****  * UNPUBLISHED, LICENSED SOFTWARE.
   6:MinMax.c      ****  *
   7:MinMax.c      ****  * CONFIDENTIAL AND PROPRIETARY INFORMATION
   8:MinMax.c      ****  * WHICH IS THE PROPERTY OF your company.
   9:MinMax.c      ****  *
  10:MinMax.c      ****  * ========================================
  11:MinMax.c      **** */
  12:MinMax.c      **** 
  13:MinMax.c      **** #include "MinMax.h"
  14:MinMax.c      **** #include "Rx_Hn.h"
  15:MinMax.c      **** #include "project.h"
  16:MinMax.c      **** 
  17:MinMax.c      **** int32 max = -5000;
  18:MinMax.c      **** int32 max_old = 0;
  19:MinMax.c      **** int32 min = 5000;
  20:MinMax.c      **** int32 min_old = 0;
  21:MinMax.c      **** int16 mV_index_Ox = 0;
  22:MinMax.c      **** int16 mV_index_Red = 0;
  23:MinMax.c      **** int16 peak_Ox = 0;
  24:MinMax.c      **** int16 peak_Red = 0;
  25:MinMax.c      **** 
  26:MinMax.c      **** /*
  27:MinMax.c      **** Function that finds the value of the potential
  28:MinMax.c      **** corresponding to the oxidative current peak
  29:MinMax.c      **** */
  30:MinMax.c      **** int16 Max_Function(int32 c_ox){
ARM GAS  C:\Users\MARCOD~1\AppData\Local\Temp\ccJopsnT.s 			page 2


  28              		.loc 1 30 0
  29              		.cfi_startproc
  30              		@ args = 0, pretend = 0, frame = 0
  31              		@ frame_needed = 0, uses_anonymous_args = 0
  32              		@ link register save eliminated.
  33              	.LVL0:
  31:MinMax.c      ****     max_old  = max;
  34              		.loc 1 31 0
  35 0000 0C4A     		ldr	r2, .L4
  36 0002 1368     		ldr	r3, [r2]
  37 0004 0C49     		ldr	r1, .L4+4
  38 0006 0B60     		str	r3, [r1]
  32:MinMax.c      ****     max = c_ox;
  39              		.loc 1 32 0
  40 0008 1060     		str	r0, [r2]
  33:MinMax.c      ****     
  34:MinMax.c      ****     if(c_ox > max_old){
  41              		.loc 1 34 0
  42 000a 8342     		cmp	r3, r0
  43 000c 08DA     		bge	.L2
  35:MinMax.c      ****         peak_Ox = -Neg_Pot + mV_index_Ox*3;
  44              		.loc 1 35 0
  45 000e 0A46     		mov	r2, r1
  46 0010 CB88     		ldrh	r3, [r1, #6]
  47 0012 03EB4303 		add	r3, r3, r3, lsl #1
  48 0016 0949     		ldr	r1, .L4+8
  49 0018 0988     		ldrh	r1, [r1]
  50 001a 5B1A     		subs	r3, r3, r1
  51 001c 9380     		strh	r3, [r2, #4]	@ movhi
  52 001e 01E0     		b	.L3
  53              	.L2:
  36:MinMax.c      ****     }
  37:MinMax.c      ****     else{
  38:MinMax.c      ****         max = max_old;
  54              		.loc 1 38 0
  55 0020 044A     		ldr	r2, .L4
  56 0022 1360     		str	r3, [r2]
  57              	.L3:
  39:MinMax.c      ****     }
  40:MinMax.c      ****     mV_index_Ox++;
  58              		.loc 1 40 0
  59 0024 044B     		ldr	r3, .L4+4
  60 0026 DA88     		ldrh	r2, [r3, #6]
  61 0028 0132     		adds	r2, r2, #1
  62 002a DA80     		strh	r2, [r3, #6]	@ movhi
  41:MinMax.c      ****     
  42:MinMax.c      ****     return peak_Ox;
  43:MinMax.c      **** }
  63              		.loc 1 43 0
  64 002c B3F90400 		ldrsh	r0, [r3, #4]
  65              	.LVL1:
  66 0030 7047     		bx	lr
  67              	.L5:
  68 0032 00BF     		.align	2
  69              	.L4:
  70 0034 00000000 		.word	.LANCHOR0
  71 0038 00000000 		.word	.LANCHOR1
ARM GAS  C:\Users\MARCOD~1\AppData\Local\Temp\ccJopsnT.s 			page 3


  72 003c 00000000 		.word	Neg_Pot
  73              		.cfi_endproc
  74              	.LFE64:
  75              		.size	Max_Function, .-Max_Function
  76              		.section	.text.Min_Function,"ax",%progbits
  77              		.align	2
  78              		.global	Min_Function
  79              		.thumb
  80              		.thumb_func
  81              		.type	Min_Function, %function
  82              	Min_Function:
  83              	.LFB65:
  44:MinMax.c      **** 
  45:MinMax.c      **** /*
  46:MinMax.c      **** Function that finds the value of the potential
  47:MinMax.c      **** corresponding to the reductive current peak
  48:MinMax.c      **** */
  49:MinMax.c      **** int16 Min_Function(int32 c_red){
  84              		.loc 1 49 0
  85              		.cfi_startproc
  86              		@ args = 0, pretend = 0, frame = 0
  87              		@ frame_needed = 0, uses_anonymous_args = 0
  88              		@ link register save eliminated.
  89              	.LVL2:
  50:MinMax.c      ****     min_old  = min;
  90              		.loc 1 50 0
  91 0000 0C4A     		ldr	r2, .L9
  92 0002 5368     		ldr	r3, [r2, #4]
  93 0004 0C49     		ldr	r1, .L9+4
  94 0006 8B60     		str	r3, [r1, #8]
  51:MinMax.c      ****     min = c_red;
  95              		.loc 1 51 0
  96 0008 5060     		str	r0, [r2, #4]
  52:MinMax.c      ****     if(c_red < min_old){
  97              		.loc 1 52 0
  98 000a 8342     		cmp	r3, r0
  99 000c 08DD     		ble	.L7
  53:MinMax.c      ****         peak_Red = -Pos_Pot - mV_index_Red*3;
 100              		.loc 1 53 0
 101 000e 0A46     		mov	r2, r1
 102 0010 CB89     		ldrh	r3, [r1, #14]
 103 0012 A3EB8303 		sub	r3, r3, r3, lsl #2
 104 0016 0949     		ldr	r1, .L9+8
 105 0018 0988     		ldrh	r1, [r1]
 106 001a 5B1A     		subs	r3, r3, r1
 107 001c 9381     		strh	r3, [r2, #12]	@ movhi
 108 001e 01E0     		b	.L8
 109              	.L7:
  54:MinMax.c      ****     }
  55:MinMax.c      ****     else{
  56:MinMax.c      ****         min = min_old;
 110              		.loc 1 56 0
 111 0020 044A     		ldr	r2, .L9
 112 0022 5360     		str	r3, [r2, #4]
 113              	.L8:
  57:MinMax.c      ****     }
  58:MinMax.c      ****     mV_index_Red++;
ARM GAS  C:\Users\MARCOD~1\AppData\Local\Temp\ccJopsnT.s 			page 4


 114              		.loc 1 58 0
 115 0024 044B     		ldr	r3, .L9+4
 116 0026 DA89     		ldrh	r2, [r3, #14]
 117 0028 0132     		adds	r2, r2, #1
 118 002a DA81     		strh	r2, [r3, #14]	@ movhi
  59:MinMax.c      ****        
  60:MinMax.c      ****     return peak_Red;
  61:MinMax.c      **** }
 119              		.loc 1 61 0
 120 002c B3F90C00 		ldrsh	r0, [r3, #12]
 121              	.LVL3:
 122 0030 7047     		bx	lr
 123              	.L10:
 124 0032 00BF     		.align	2
 125              	.L9:
 126 0034 00000000 		.word	.LANCHOR0
 127 0038 00000000 		.word	.LANCHOR1
 128 003c 00000000 		.word	Pos_Pot
 129              		.cfi_endproc
 130              	.LFE65:
 131              		.size	Min_Function, .-Min_Function
 132              		.comm	Flag_Two_Period,1,1
 133              		.comm	Flag_One_Period,1,1
 134              		.comm	Flag_Fifty,1,1
 135              		.comm	Flag_Hundred,1,1
 136              		.comm	Flag_Programmed,1,1
 137              		.comm	Flag_DataCrono,1,1
 138              		.comm	Flag_Crono,1,1
 139              		.comm	Flag_CV,1,1
 140              		.comm	Pot_Range,2,2
 141              		.comm	Crono_Pot,2,2
 142              		.comm	Pos_Pot,2,2
 143              		.comm	Neg_Pot,2,2
 144              		.comm	Stop,1,1
 145              		.comm	Flag_SetV,1,1
 146              		.comm	StartCalibration,1,1
 147              		.comm	Received_Ar,4,4
 148              		.global	peak_Red
 149              		.global	peak_Ox
 150              		.global	mV_index_Red
 151              		.global	mV_index_Ox
 152              		.global	min_old
 153              		.global	min
 154              		.global	max_old
 155              		.global	max
 156              		.data
 157              		.align	2
 158              		.set	.LANCHOR0,. + 0
 159              		.type	max, %object
 160              		.size	max, 4
 161              	max:
 162 0000 78ECFFFF 		.word	-5000
 163              		.type	min, %object
 164              		.size	min, 4
 165              	min:
 166 0004 88130000 		.word	5000
 167              		.bss
ARM GAS  C:\Users\MARCOD~1\AppData\Local\Temp\ccJopsnT.s 			page 5


 168              		.align	2
 169              		.set	.LANCHOR1,. + 0
 170              		.type	max_old, %object
 171              		.size	max_old, 4
 172              	max_old:
 173 0000 00000000 		.space	4
 174              		.type	peak_Ox, %object
 175              		.size	peak_Ox, 2
 176              	peak_Ox:
 177 0004 0000     		.space	2
 178              		.type	mV_index_Ox, %object
 179              		.size	mV_index_Ox, 2
 180              	mV_index_Ox:
 181 0006 0000     		.space	2
 182              		.type	min_old, %object
 183              		.size	min_old, 4
 184              	min_old:
 185 0008 00000000 		.space	4
 186              		.type	peak_Red, %object
 187              		.size	peak_Red, 2
 188              	peak_Red:
 189 000c 0000     		.space	2
 190              		.type	mV_index_Red, %object
 191              		.size	mV_index_Red, 2
 192              	mV_index_Red:
 193 000e 0000     		.space	2
 194              		.text
 195              	.Letext0:
 196              		.file 2 "c:\\program files (x86)\\cypress\\psoc creator\\4.4\\psoc creator\\import\\gnu\\arm\\5.4.
 197              		.file 3 "c:\\program files (x86)\\cypress\\psoc creator\\4.4\\psoc creator\\import\\gnu\\arm\\5.4.
 198              		.file 4 "Generated_Source\\PSoC5/cytypes.h"
 199              		.file 5 "Rx_Hn.h"
 200              		.file 6 "Generated_Source\\PSoC5/core_cm3.h"
 201              		.section	.debug_info,"",%progbits
 202              	.Ldebug_info0:
 203 0000 DC020000 		.4byte	0x2dc
 204 0004 0400     		.2byte	0x4
 205 0006 00000000 		.4byte	.Ldebug_abbrev0
 206 000a 04       		.byte	0x4
 207 000b 01       		.uleb128 0x1
 208 000c B1000000 		.4byte	.LASF47
 209 0010 0C       		.byte	0xc
 210 0011 FB020000 		.4byte	.LASF48
 211 0015 37020000 		.4byte	.LASF49
 212 0019 00000000 		.4byte	.Ldebug_ranges0+0
 213 001d 00000000 		.4byte	0
 214 0021 00000000 		.4byte	.Ldebug_line0
 215 0025 02       		.uleb128 0x2
 216 0026 01       		.byte	0x1
 217 0027 06       		.byte	0x6
 218 0028 00000000 		.4byte	.LASF0
 219 002c 02       		.uleb128 0x2
 220 002d 01       		.byte	0x1
 221 002e 08       		.byte	0x8
 222 002f A3000000 		.4byte	.LASF1
 223 0033 02       		.uleb128 0x2
 224 0034 02       		.byte	0x2
ARM GAS  C:\Users\MARCOD~1\AppData\Local\Temp\ccJopsnT.s 			page 6


 225 0035 05       		.byte	0x5
 226 0036 BE020000 		.4byte	.LASF2
 227 003a 02       		.uleb128 0x2
 228 003b 02       		.byte	0x2
 229 003c 07       		.byte	0x7
 230 003d 3C000000 		.4byte	.LASF3
 231 0041 03       		.uleb128 0x3
 232 0042 32000000 		.4byte	.LASF9
 233 0046 02       		.byte	0x2
 234 0047 3F       		.byte	0x3f
 235 0048 4C000000 		.4byte	0x4c
 236 004c 02       		.uleb128 0x2
 237 004d 04       		.byte	0x4
 238 004e 05       		.byte	0x5
 239 004f D6020000 		.4byte	.LASF4
 240 0053 02       		.uleb128 0x2
 241 0054 04       		.byte	0x4
 242 0055 07       		.byte	0x7
 243 0056 65010000 		.4byte	.LASF5
 244 005a 02       		.uleb128 0x2
 245 005b 08       		.byte	0x8
 246 005c 05       		.byte	0x5
 247 005d 0B020000 		.4byte	.LASF6
 248 0061 02       		.uleb128 0x2
 249 0062 08       		.byte	0x8
 250 0063 07       		.byte	0x7
 251 0064 9B010000 		.4byte	.LASF7
 252 0068 04       		.uleb128 0x4
 253 0069 04       		.byte	0x4
 254 006a 05       		.byte	0x5
 255 006b 696E7400 		.ascii	"int\000"
 256 006f 02       		.uleb128 0x2
 257 0070 04       		.byte	0x4
 258 0071 07       		.byte	0x7
 259 0072 8E010000 		.4byte	.LASF8
 260 0076 03       		.uleb128 0x3
 261 0077 73000000 		.4byte	.LASF10
 262 007b 03       		.byte	0x3
 263 007c 2C       		.byte	0x2c
 264 007d 41000000 		.4byte	0x41
 265 0081 05       		.uleb128 0x5
 266 0082 C8020000 		.4byte	.LASF11
 267 0086 04       		.byte	0x4
 268 0087 E901     		.2byte	0x1e9
 269 0089 2C000000 		.4byte	0x2c
 270 008d 05       		.uleb128 0x5
 271 008e 7F010000 		.4byte	.LASF12
 272 0092 04       		.byte	0x4
 273 0093 EA01     		.2byte	0x1ea
 274 0095 3A000000 		.4byte	0x3a
 275 0099 05       		.uleb128 0x5
 276 009a 3F010000 		.4byte	.LASF13
 277 009e 04       		.byte	0x4
 278 009f ED01     		.2byte	0x1ed
 279 00a1 33000000 		.4byte	0x33
 280 00a5 05       		.uleb128 0x5
 281 00a6 45010000 		.4byte	.LASF14
ARM GAS  C:\Users\MARCOD~1\AppData\Local\Temp\ccJopsnT.s 			page 7


 282 00aa 04       		.byte	0x4
 283 00ab EE01     		.2byte	0x1ee
 284 00ad 4C000000 		.4byte	0x4c
 285 00b1 02       		.uleb128 0x2
 286 00b2 04       		.byte	0x4
 287 00b3 04       		.byte	0x4
 288 00b4 7B000000 		.4byte	.LASF15
 289 00b8 02       		.uleb128 0x2
 290 00b9 08       		.byte	0x8
 291 00ba 04       		.byte	0x4
 292 00bb 61000000 		.4byte	.LASF16
 293 00bf 02       		.uleb128 0x2
 294 00c0 01       		.byte	0x1
 295 00c1 08       		.byte	0x8
 296 00c2 2A020000 		.4byte	.LASF17
 297 00c6 02       		.uleb128 0x2
 298 00c7 08       		.byte	0x8
 299 00c8 04       		.byte	0x4
 300 00c9 F6010000 		.4byte	.LASF18
 301 00cd 02       		.uleb128 0x2
 302 00ce 04       		.byte	0x4
 303 00cf 07       		.byte	0x7
 304 00d0 02020000 		.4byte	.LASF19
 305 00d4 06       		.uleb128 0x6
 306 00d5 0C000000 		.4byte	.LASF20
 307 00d9 01       		.byte	0x1
 308 00da 1E       		.byte	0x1e
 309 00db 99000000 		.4byte	0x99
 310 00df 00000000 		.4byte	.LFB64
 311 00e3 40000000 		.4byte	.LFE64-.LFB64
 312 00e7 01       		.uleb128 0x1
 313 00e8 9C       		.byte	0x9c
 314 00e9 FD000000 		.4byte	0xfd
 315 00ed 07       		.uleb128 0x7
 316 00ee F6020000 		.4byte	.LASF22
 317 00f2 01       		.byte	0x1
 318 00f3 1E       		.byte	0x1e
 319 00f4 A5000000 		.4byte	0xa5
 320 00f8 00000000 		.4byte	.LLST0
 321 00fc 00       		.byte	0
 322 00fd 06       		.uleb128 0x6
 323 00fe DF020000 		.4byte	.LASF21
 324 0102 01       		.byte	0x1
 325 0103 31       		.byte	0x31
 326 0104 99000000 		.4byte	0x99
 327 0108 00000000 		.4byte	.LFB65
 328 010c 40000000 		.4byte	.LFE65-.LFB65
 329 0110 01       		.uleb128 0x1
 330 0111 9C       		.byte	0x9c
 331 0112 26010000 		.4byte	0x126
 332 0116 07       		.uleb128 0x7
 333 0117 B8020000 		.4byte	.LASF23
 334 011b 01       		.byte	0x1
 335 011c 31       		.byte	0x31
 336 011d A5000000 		.4byte	0xa5
 337 0121 21000000 		.4byte	.LLST1
 338 0125 00       		.byte	0
ARM GAS  C:\Users\MARCOD~1\AppData\Local\Temp\ccJopsnT.s 			page 8


 339 0126 08       		.uleb128 0x8
 340 0127 6D617800 		.ascii	"max\000"
 341 012b 01       		.byte	0x1
 342 012c 11       		.byte	0x11
 343 012d A5000000 		.4byte	0xa5
 344 0131 05       		.uleb128 0x5
 345 0132 03       		.byte	0x3
 346 0133 00000000 		.4byte	max
 347 0137 09       		.uleb128 0x9
 348 0138 4F000000 		.4byte	.LASF24
 349 013c 01       		.byte	0x1
 350 013d 12       		.byte	0x12
 351 013e A5000000 		.4byte	0xa5
 352 0142 05       		.uleb128 0x5
 353 0143 03       		.byte	0x3
 354 0144 00000000 		.4byte	max_old
 355 0148 08       		.uleb128 0x8
 356 0149 6D696E00 		.ascii	"min\000"
 357 014d 01       		.byte	0x1
 358 014e 13       		.byte	0x13
 359 014f A5000000 		.4byte	0xa5
 360 0153 05       		.uleb128 0x5
 361 0154 03       		.byte	0x3
 362 0155 00000000 		.4byte	min
 363 0159 09       		.uleb128 0x9
 364 015a 86010000 		.4byte	.LASF25
 365 015e 01       		.byte	0x1
 366 015f 14       		.byte	0x14
 367 0160 A5000000 		.4byte	0xa5
 368 0164 05       		.uleb128 0x5
 369 0165 03       		.byte	0x3
 370 0166 00000000 		.4byte	min_old
 371 016a 09       		.uleb128 0x9
 372 016b 1E020000 		.4byte	.LASF26
 373 016f 01       		.byte	0x1
 374 0170 15       		.byte	0x15
 375 0171 99000000 		.4byte	0x99
 376 0175 05       		.uleb128 0x5
 377 0176 03       		.byte	0x3
 378 0177 00000000 		.4byte	mV_index_Ox
 379 017b 09       		.uleb128 0x9
 380 017c 96000000 		.4byte	.LASF27
 381 0180 01       		.byte	0x1
 382 0181 16       		.byte	0x16
 383 0182 99000000 		.4byte	0x99
 384 0186 05       		.uleb128 0x5
 385 0187 03       		.byte	0x3
 386 0188 00000000 		.4byte	mV_index_Red
 387 018c 09       		.uleb128 0x9
 388 018d CE020000 		.4byte	.LASF28
 389 0191 01       		.byte	0x1
 390 0192 17       		.byte	0x17
 391 0193 99000000 		.4byte	0x99
 392 0197 05       		.uleb128 0x5
 393 0198 03       		.byte	0x3
 394 0199 00000000 		.4byte	peak_Ox
 395 019d 09       		.uleb128 0x9
ARM GAS  C:\Users\MARCOD~1\AppData\Local\Temp\ccJopsnT.s 			page 9


 396 019e E1010000 		.4byte	.LASF29
 397 01a2 01       		.byte	0x1
 398 01a3 18       		.byte	0x18
 399 01a4 99000000 		.4byte	0x99
 400 01a8 05       		.uleb128 0x5
 401 01a9 03       		.byte	0x3
 402 01aa 00000000 		.4byte	peak_Red
 403 01ae 0A       		.uleb128 0xa
 404 01af 8D000000 		.4byte	0x8d
 405 01b3 BE010000 		.4byte	0x1be
 406 01b7 0B       		.uleb128 0xb
 407 01b8 CD000000 		.4byte	0xcd
 408 01bc 01       		.byte	0x1
 409 01bd 00       		.byte	0
 410 01be 09       		.uleb128 0x9
 411 01bf EA010000 		.4byte	.LASF30
 412 01c3 05       		.byte	0x5
 413 01c4 12       		.byte	0x12
 414 01c5 AE010000 		.4byte	0x1ae
 415 01c9 05       		.uleb128 0x5
 416 01ca 03       		.byte	0x3
 417 01cb 00000000 		.4byte	Received_Ar
 418 01cf 09       		.uleb128 0x9
 419 01d0 21000000 		.4byte	.LASF31
 420 01d4 05       		.byte	0x5
 421 01d5 15       		.byte	0x15
 422 01d6 81000000 		.4byte	0x81
 423 01da 05       		.uleb128 0x5
 424 01db 03       		.byte	0x3
 425 01dc 00000000 		.4byte	StartCalibration
 426 01e0 09       		.uleb128 0x9
 427 01e1 8C000000 		.4byte	.LASF32
 428 01e5 05       		.byte	0x5
 429 01e6 16       		.byte	0x16
 430 01e7 81000000 		.4byte	0x81
 431 01eb 05       		.uleb128 0x5
 432 01ec 03       		.byte	0x3
 433 01ed 00000000 		.4byte	Flag_SetV
 434 01f1 09       		.uleb128 0x9
 435 01f2 19020000 		.4byte	.LASF33
 436 01f6 05       		.byte	0x5
 437 01f7 17       		.byte	0x17
 438 01f8 81000000 		.4byte	0x81
 439 01fc 05       		.uleb128 0x5
 440 01fd 03       		.byte	0x3
 441 01fe 00000000 		.4byte	Stop
 442 0202 09       		.uleb128 0x9
 443 0203 77010000 		.4byte	.LASF34
 444 0207 05       		.byte	0x5
 445 0208 18       		.byte	0x18
 446 0209 99000000 		.4byte	0x99
 447 020d 05       		.uleb128 0x5
 448 020e 03       		.byte	0x3
 449 020f 00000000 		.4byte	Neg_Pot
 450 0213 09       		.uleb128 0x9
 451 0214 2F020000 		.4byte	.LASF35
 452 0218 05       		.byte	0x5
ARM GAS  C:\Users\MARCOD~1\AppData\Local\Temp\ccJopsnT.s 			page 10


 453 0219 19       		.byte	0x19
 454 021a 99000000 		.4byte	0x99
 455 021e 05       		.uleb128 0x5
 456 021f 03       		.byte	0x3
 457 0220 00000000 		.4byte	Pos_Pot
 458 0224 09       		.uleb128 0x9
 459 0225 57000000 		.4byte	.LASF36
 460 0229 05       		.byte	0x5
 461 022a 1A       		.byte	0x1a
 462 022b 99000000 		.4byte	0x99
 463 022f 05       		.uleb128 0x5
 464 0230 03       		.byte	0x3
 465 0231 00000000 		.4byte	Crono_Pot
 466 0235 09       		.uleb128 0x9
 467 0236 EC020000 		.4byte	.LASF37
 468 023a 05       		.byte	0x5
 469 023b 1B       		.byte	0x1b
 470 023c 8D000000 		.4byte	0x8d
 471 0240 05       		.uleb128 0x5
 472 0241 03       		.byte	0x3
 473 0242 00000000 		.4byte	Pot_Range
 474 0246 09       		.uleb128 0x9
 475 0247 19000000 		.4byte	.LASF38
 476 024b 05       		.byte	0x5
 477 024c 1C       		.byte	0x1c
 478 024d 81000000 		.4byte	0x81
 479 0251 05       		.uleb128 0x5
 480 0252 03       		.byte	0x3
 481 0253 00000000 		.4byte	Flag_CV
 482 0257 09       		.uleb128 0x9
 483 0258 81000000 		.4byte	.LASF39
 484 025c 05       		.byte	0x5
 485 025d 1D       		.byte	0x1d
 486 025e 81000000 		.4byte	0x81
 487 0262 05       		.uleb128 0x5
 488 0263 03       		.byte	0x3
 489 0264 00000000 		.4byte	Flag_Crono
 490 0268 09       		.uleb128 0x9
 491 0269 D2010000 		.4byte	.LASF40
 492 026d 05       		.byte	0x5
 493 026e 1E       		.byte	0x1e
 494 026f 81000000 		.4byte	0x81
 495 0273 05       		.uleb128 0x5
 496 0274 03       		.byte	0x3
 497 0275 00000000 		.4byte	Flag_DataCrono
 498 0279 09       		.uleb128 0x9
 499 027a A8020000 		.4byte	.LASF41
 500 027e 05       		.byte	0x5
 501 027f 1F       		.byte	0x1f
 502 0280 81000000 		.4byte	0x81
 503 0284 05       		.uleb128 0x5
 504 0285 03       		.byte	0x3
 505 0286 00000000 		.4byte	Flag_Programmed
 506 028a 09       		.uleb128 0x9
 507 028b 4B010000 		.4byte	.LASF42
 508 028f 05       		.byte	0x5
 509 0290 20       		.byte	0x20
ARM GAS  C:\Users\MARCOD~1\AppData\Local\Temp\ccJopsnT.s 			page 11


 510 0291 81000000 		.4byte	0x81
 511 0295 05       		.uleb128 0x5
 512 0296 03       		.byte	0x3
 513 0297 00000000 		.4byte	Flag_Hundred
 514 029b 09       		.uleb128 0x9
 515 029c 68000000 		.4byte	.LASF43
 516 02a0 05       		.byte	0x5
 517 02a1 21       		.byte	0x21
 518 02a2 81000000 		.4byte	0x81
 519 02a6 05       		.uleb128 0x5
 520 02a7 03       		.byte	0x3
 521 02a8 00000000 		.4byte	Flag_Fifty
 522 02ac 09       		.uleb128 0x9
 523 02ad C2010000 		.4byte	.LASF44
 524 02b1 05       		.byte	0x5
 525 02b2 22       		.byte	0x22
 526 02b3 81000000 		.4byte	0x81
 527 02b7 05       		.uleb128 0x5
 528 02b8 03       		.byte	0x3
 529 02b9 00000000 		.4byte	Flag_One_Period
 530 02bd 09       		.uleb128 0x9
 531 02be B2010000 		.4byte	.LASF45
 532 02c2 05       		.byte	0x5
 533 02c3 23       		.byte	0x23
 534 02c4 81000000 		.4byte	0x81
 535 02c8 05       		.uleb128 0x5
 536 02c9 03       		.byte	0x3
 537 02ca 00000000 		.4byte	Flag_Two_Period
 538 02ce 0C       		.uleb128 0xc
 539 02cf 58010000 		.4byte	.LASF46
 540 02d3 06       		.byte	0x6
 541 02d4 1207     		.2byte	0x712
 542 02d6 DA020000 		.4byte	0x2da
 543 02da 0D       		.uleb128 0xd
 544 02db 76000000 		.4byte	0x76
 545 02df 00       		.byte	0
 546              		.section	.debug_abbrev,"",%progbits
 547              	.Ldebug_abbrev0:
 548 0000 01       		.uleb128 0x1
 549 0001 11       		.uleb128 0x11
 550 0002 01       		.byte	0x1
 551 0003 25       		.uleb128 0x25
 552 0004 0E       		.uleb128 0xe
 553 0005 13       		.uleb128 0x13
 554 0006 0B       		.uleb128 0xb
 555 0007 03       		.uleb128 0x3
 556 0008 0E       		.uleb128 0xe
 557 0009 1B       		.uleb128 0x1b
 558 000a 0E       		.uleb128 0xe
 559 000b 55       		.uleb128 0x55
 560 000c 17       		.uleb128 0x17
 561 000d 11       		.uleb128 0x11
 562 000e 01       		.uleb128 0x1
 563 000f 10       		.uleb128 0x10
 564 0010 17       		.uleb128 0x17
 565 0011 00       		.byte	0
 566 0012 00       		.byte	0
ARM GAS  C:\Users\MARCOD~1\AppData\Local\Temp\ccJopsnT.s 			page 12


 567 0013 02       		.uleb128 0x2
 568 0014 24       		.uleb128 0x24
 569 0015 00       		.byte	0
 570 0016 0B       		.uleb128 0xb
 571 0017 0B       		.uleb128 0xb
 572 0018 3E       		.uleb128 0x3e
 573 0019 0B       		.uleb128 0xb
 574 001a 03       		.uleb128 0x3
 575 001b 0E       		.uleb128 0xe
 576 001c 00       		.byte	0
 577 001d 00       		.byte	0
 578 001e 03       		.uleb128 0x3
 579 001f 16       		.uleb128 0x16
 580 0020 00       		.byte	0
 581 0021 03       		.uleb128 0x3
 582 0022 0E       		.uleb128 0xe
 583 0023 3A       		.uleb128 0x3a
 584 0024 0B       		.uleb128 0xb
 585 0025 3B       		.uleb128 0x3b
 586 0026 0B       		.uleb128 0xb
 587 0027 49       		.uleb128 0x49
 588 0028 13       		.uleb128 0x13
 589 0029 00       		.byte	0
 590 002a 00       		.byte	0
 591 002b 04       		.uleb128 0x4
 592 002c 24       		.uleb128 0x24
 593 002d 00       		.byte	0
 594 002e 0B       		.uleb128 0xb
 595 002f 0B       		.uleb128 0xb
 596 0030 3E       		.uleb128 0x3e
 597 0031 0B       		.uleb128 0xb
 598 0032 03       		.uleb128 0x3
 599 0033 08       		.uleb128 0x8
 600 0034 00       		.byte	0
 601 0035 00       		.byte	0
 602 0036 05       		.uleb128 0x5
 603 0037 16       		.uleb128 0x16
 604 0038 00       		.byte	0
 605 0039 03       		.uleb128 0x3
 606 003a 0E       		.uleb128 0xe
 607 003b 3A       		.uleb128 0x3a
 608 003c 0B       		.uleb128 0xb
 609 003d 3B       		.uleb128 0x3b
 610 003e 05       		.uleb128 0x5
 611 003f 49       		.uleb128 0x49
 612 0040 13       		.uleb128 0x13
 613 0041 00       		.byte	0
 614 0042 00       		.byte	0
 615 0043 06       		.uleb128 0x6
 616 0044 2E       		.uleb128 0x2e
 617 0045 01       		.byte	0x1
 618 0046 3F       		.uleb128 0x3f
 619 0047 19       		.uleb128 0x19
 620 0048 03       		.uleb128 0x3
 621 0049 0E       		.uleb128 0xe
 622 004a 3A       		.uleb128 0x3a
 623 004b 0B       		.uleb128 0xb
ARM GAS  C:\Users\MARCOD~1\AppData\Local\Temp\ccJopsnT.s 			page 13


 624 004c 3B       		.uleb128 0x3b
 625 004d 0B       		.uleb128 0xb
 626 004e 27       		.uleb128 0x27
 627 004f 19       		.uleb128 0x19
 628 0050 49       		.uleb128 0x49
 629 0051 13       		.uleb128 0x13
 630 0052 11       		.uleb128 0x11
 631 0053 01       		.uleb128 0x1
 632 0054 12       		.uleb128 0x12
 633 0055 06       		.uleb128 0x6
 634 0056 40       		.uleb128 0x40
 635 0057 18       		.uleb128 0x18
 636 0058 9742     		.uleb128 0x2117
 637 005a 19       		.uleb128 0x19
 638 005b 01       		.uleb128 0x1
 639 005c 13       		.uleb128 0x13
 640 005d 00       		.byte	0
 641 005e 00       		.byte	0
 642 005f 07       		.uleb128 0x7
 643 0060 05       		.uleb128 0x5
 644 0061 00       		.byte	0
 645 0062 03       		.uleb128 0x3
 646 0063 0E       		.uleb128 0xe
 647 0064 3A       		.uleb128 0x3a
 648 0065 0B       		.uleb128 0xb
 649 0066 3B       		.uleb128 0x3b
 650 0067 0B       		.uleb128 0xb
 651 0068 49       		.uleb128 0x49
 652 0069 13       		.uleb128 0x13
 653 006a 02       		.uleb128 0x2
 654 006b 17       		.uleb128 0x17
 655 006c 00       		.byte	0
 656 006d 00       		.byte	0
 657 006e 08       		.uleb128 0x8
 658 006f 34       		.uleb128 0x34
 659 0070 00       		.byte	0
 660 0071 03       		.uleb128 0x3
 661 0072 08       		.uleb128 0x8
 662 0073 3A       		.uleb128 0x3a
 663 0074 0B       		.uleb128 0xb
 664 0075 3B       		.uleb128 0x3b
 665 0076 0B       		.uleb128 0xb
 666 0077 49       		.uleb128 0x49
 667 0078 13       		.uleb128 0x13
 668 0079 3F       		.uleb128 0x3f
 669 007a 19       		.uleb128 0x19
 670 007b 02       		.uleb128 0x2
 671 007c 18       		.uleb128 0x18
 672 007d 00       		.byte	0
 673 007e 00       		.byte	0
 674 007f 09       		.uleb128 0x9
 675 0080 34       		.uleb128 0x34
 676 0081 00       		.byte	0
 677 0082 03       		.uleb128 0x3
 678 0083 0E       		.uleb128 0xe
 679 0084 3A       		.uleb128 0x3a
 680 0085 0B       		.uleb128 0xb
ARM GAS  C:\Users\MARCOD~1\AppData\Local\Temp\ccJopsnT.s 			page 14


 681 0086 3B       		.uleb128 0x3b
 682 0087 0B       		.uleb128 0xb
 683 0088 49       		.uleb128 0x49
 684 0089 13       		.uleb128 0x13
 685 008a 3F       		.uleb128 0x3f
 686 008b 19       		.uleb128 0x19
 687 008c 02       		.uleb128 0x2
 688 008d 18       		.uleb128 0x18
 689 008e 00       		.byte	0
 690 008f 00       		.byte	0
 691 0090 0A       		.uleb128 0xa
 692 0091 01       		.uleb128 0x1
 693 0092 01       		.byte	0x1
 694 0093 49       		.uleb128 0x49
 695 0094 13       		.uleb128 0x13
 696 0095 01       		.uleb128 0x1
 697 0096 13       		.uleb128 0x13
 698 0097 00       		.byte	0
 699 0098 00       		.byte	0
 700 0099 0B       		.uleb128 0xb
 701 009a 21       		.uleb128 0x21
 702 009b 00       		.byte	0
 703 009c 49       		.uleb128 0x49
 704 009d 13       		.uleb128 0x13
 705 009e 2F       		.uleb128 0x2f
 706 009f 0B       		.uleb128 0xb
 707 00a0 00       		.byte	0
 708 00a1 00       		.byte	0
 709 00a2 0C       		.uleb128 0xc
 710 00a3 34       		.uleb128 0x34
 711 00a4 00       		.byte	0
 712 00a5 03       		.uleb128 0x3
 713 00a6 0E       		.uleb128 0xe
 714 00a7 3A       		.uleb128 0x3a
 715 00a8 0B       		.uleb128 0xb
 716 00a9 3B       		.uleb128 0x3b
 717 00aa 05       		.uleb128 0x5
 718 00ab 49       		.uleb128 0x49
 719 00ac 13       		.uleb128 0x13
 720 00ad 3F       		.uleb128 0x3f
 721 00ae 19       		.uleb128 0x19
 722 00af 3C       		.uleb128 0x3c
 723 00b0 19       		.uleb128 0x19
 724 00b1 00       		.byte	0
 725 00b2 00       		.byte	0
 726 00b3 0D       		.uleb128 0xd
 727 00b4 35       		.uleb128 0x35
 728 00b5 00       		.byte	0
 729 00b6 49       		.uleb128 0x49
 730 00b7 13       		.uleb128 0x13
 731 00b8 00       		.byte	0
 732 00b9 00       		.byte	0
 733 00ba 00       		.byte	0
 734              		.section	.debug_loc,"",%progbits
 735              	.Ldebug_loc0:
 736              	.LLST0:
 737 0000 00000000 		.4byte	.LVL0
ARM GAS  C:\Users\MARCOD~1\AppData\Local\Temp\ccJopsnT.s 			page 15


 738 0004 30000000 		.4byte	.LVL1
 739 0008 0100     		.2byte	0x1
 740 000a 50       		.byte	0x50
 741 000b 30000000 		.4byte	.LVL1
 742 000f 40000000 		.4byte	.LFE64
 743 0013 0400     		.2byte	0x4
 744 0015 F3       		.byte	0xf3
 745 0016 01       		.uleb128 0x1
 746 0017 50       		.byte	0x50
 747 0018 9F       		.byte	0x9f
 748 0019 00000000 		.4byte	0
 749 001d 00000000 		.4byte	0
 750              	.LLST1:
 751 0021 00000000 		.4byte	.LVL2
 752 0025 30000000 		.4byte	.LVL3
 753 0029 0100     		.2byte	0x1
 754 002b 50       		.byte	0x50
 755 002c 30000000 		.4byte	.LVL3
 756 0030 40000000 		.4byte	.LFE65
 757 0034 0400     		.2byte	0x4
 758 0036 F3       		.byte	0xf3
 759 0037 01       		.uleb128 0x1
 760 0038 50       		.byte	0x50
 761 0039 9F       		.byte	0x9f
 762 003a 00000000 		.4byte	0
 763 003e 00000000 		.4byte	0
 764              		.section	.debug_aranges,"",%progbits
 765 0000 24000000 		.4byte	0x24
 766 0004 0200     		.2byte	0x2
 767 0006 00000000 		.4byte	.Ldebug_info0
 768 000a 04       		.byte	0x4
 769 000b 00       		.byte	0
 770 000c 0000     		.2byte	0
 771 000e 0000     		.2byte	0
 772 0010 00000000 		.4byte	.LFB64
 773 0014 40000000 		.4byte	.LFE64-.LFB64
 774 0018 00000000 		.4byte	.LFB65
 775 001c 40000000 		.4byte	.LFE65-.LFB65
 776 0020 00000000 		.4byte	0
 777 0024 00000000 		.4byte	0
 778              		.section	.debug_ranges,"",%progbits
 779              	.Ldebug_ranges0:
 780 0000 00000000 		.4byte	.LFB64
 781 0004 40000000 		.4byte	.LFE64
 782 0008 00000000 		.4byte	.LFB65
 783 000c 40000000 		.4byte	.LFE65
 784 0010 00000000 		.4byte	0
 785 0014 00000000 		.4byte	0
 786              		.section	.debug_line,"",%progbits
 787              	.Ldebug_line0:
 788 0000 8B010000 		.section	.debug_str,"MS",%progbits,1
 788      02005901 
 788      00000201 
 788      FB0E0D00 
 788      01010101 
 789              	.LASF0:
 790 0000 7369676E 		.ascii	"signed char\000"
ARM GAS  C:\Users\MARCOD~1\AppData\Local\Temp\ccJopsnT.s 			page 16


 790      65642063 
 790      68617200 
 791              	.LASF20:
 792 000c 4D61785F 		.ascii	"Max_Function\000"
 792      46756E63 
 792      74696F6E 
 792      00
 793              	.LASF38:
 794 0019 466C6167 		.ascii	"Flag_CV\000"
 794      5F435600 
 795              	.LASF31:
 796 0021 53746172 		.ascii	"StartCalibration\000"
 796      7443616C 
 796      69627261 
 796      74696F6E 
 796      00
 797              	.LASF9:
 798 0032 5F5F696E 		.ascii	"__int32_t\000"
 798      7433325F 
 798      7400
 799              	.LASF3:
 800 003c 73686F72 		.ascii	"short unsigned int\000"
 800      7420756E 
 800      7369676E 
 800      65642069 
 800      6E7400
 801              	.LASF24:
 802 004f 6D61785F 		.ascii	"max_old\000"
 802      6F6C6400 
 803              	.LASF36:
 804 0057 43726F6E 		.ascii	"Crono_Pot\000"
 804      6F5F506F 
 804      7400
 805              	.LASF16:
 806 0061 646F7562 		.ascii	"double\000"
 806      6C6500
 807              	.LASF43:
 808 0068 466C6167 		.ascii	"Flag_Fifty\000"
 808      5F466966 
 808      747900
 809              	.LASF10:
 810 0073 696E7433 		.ascii	"int32_t\000"
 810      325F7400 
 811              	.LASF15:
 812 007b 666C6F61 		.ascii	"float\000"
 812      7400
 813              	.LASF39:
 814 0081 466C6167 		.ascii	"Flag_Crono\000"
 814      5F43726F 
 814      6E6F00
 815              	.LASF32:
 816 008c 466C6167 		.ascii	"Flag_SetV\000"
 816      5F536574 
 816      5600
 817              	.LASF27:
 818 0096 6D565F69 		.ascii	"mV_index_Red\000"
 818      6E646578 
ARM GAS  C:\Users\MARCOD~1\AppData\Local\Temp\ccJopsnT.s 			page 17


 818      5F526564 
 818      00
 819              	.LASF1:
 820 00a3 756E7369 		.ascii	"unsigned char\000"
 820      676E6564 
 820      20636861 
 820      7200
 821              	.LASF47:
 822 00b1 474E5520 		.ascii	"GNU C11 5.4.1 20160609 (release) [ARM/embedded-5-br"
 822      43313120 
 822      352E342E 
 822      31203230 
 822      31363036 
 823 00e4 616E6368 		.ascii	"anch revision 237715] -mcpu=cortex-m3 -mthumb -g -O"
 823      20726576 
 823      6973696F 
 823      6E203233 
 823      37373135 
 824 0117 67202D66 		.ascii	"g -ffunction-sections -ffat-lto-objects\000"
 824      66756E63 
 824      74696F6E 
 824      2D736563 
 824      74696F6E 
 825              	.LASF13:
 826 013f 696E7431 		.ascii	"int16\000"
 826      3600
 827              	.LASF14:
 828 0145 696E7433 		.ascii	"int32\000"
 828      3200
 829              	.LASF42:
 830 014b 466C6167 		.ascii	"Flag_Hundred\000"
 830      5F48756E 
 830      64726564 
 830      00
 831              	.LASF46:
 832 0158 49544D5F 		.ascii	"ITM_RxBuffer\000"
 832      52784275 
 832      66666572 
 832      00
 833              	.LASF5:
 834 0165 6C6F6E67 		.ascii	"long unsigned int\000"
 834      20756E73 
 834      69676E65 
 834      6420696E 
 834      7400
 835              	.LASF34:
 836 0177 4E65675F 		.ascii	"Neg_Pot\000"
 836      506F7400 
 837              	.LASF12:
 838 017f 75696E74 		.ascii	"uint16\000"
 838      313600
 839              	.LASF25:
 840 0186 6D696E5F 		.ascii	"min_old\000"
 840      6F6C6400 
 841              	.LASF8:
 842 018e 756E7369 		.ascii	"unsigned int\000"
 842      676E6564 
ARM GAS  C:\Users\MARCOD~1\AppData\Local\Temp\ccJopsnT.s 			page 18


 842      20696E74 
 842      00
 843              	.LASF7:
 844 019b 6C6F6E67 		.ascii	"long long unsigned int\000"
 844      206C6F6E 
 844      6720756E 
 844      7369676E 
 844      65642069 
 845              	.LASF45:
 846 01b2 466C6167 		.ascii	"Flag_Two_Period\000"
 846      5F54776F 
 846      5F506572 
 846      696F6400 
 847              	.LASF44:
 848 01c2 466C6167 		.ascii	"Flag_One_Period\000"
 848      5F4F6E65 
 848      5F506572 
 848      696F6400 
 849              	.LASF40:
 850 01d2 466C6167 		.ascii	"Flag_DataCrono\000"
 850      5F446174 
 850      6143726F 
 850      6E6F00
 851              	.LASF29:
 852 01e1 7065616B 		.ascii	"peak_Red\000"
 852      5F526564 
 852      00
 853              	.LASF30:
 854 01ea 52656365 		.ascii	"Received_Ar\000"
 854      69766564 
 854      5F417200 
 855              	.LASF18:
 856 01f6 6C6F6E67 		.ascii	"long double\000"
 856      20646F75 
 856      626C6500 
 857              	.LASF19:
 858 0202 73697A65 		.ascii	"sizetype\000"
 858      74797065 
 858      00
 859              	.LASF6:
 860 020b 6C6F6E67 		.ascii	"long long int\000"
 860      206C6F6E 
 860      6720696E 
 860      7400
 861              	.LASF33:
 862 0219 53746F70 		.ascii	"Stop\000"
 862      00
 863              	.LASF26:
 864 021e 6D565F69 		.ascii	"mV_index_Ox\000"
 864      6E646578 
 864      5F4F7800 
 865              	.LASF17:
 866 022a 63686172 		.ascii	"char\000"
 866      00
 867              	.LASF35:
 868 022f 506F735F 		.ascii	"Pos_Pot\000"
 868      506F7400 
ARM GAS  C:\Users\MARCOD~1\AppData\Local\Temp\ccJopsnT.s 			page 19


 869              	.LASF49:
 870 0237 5C5C4D61 		.ascii	"\\\\Mac\\Dropbox\\Tesi\\Codice\\Tesi_Capodieci_DelP"
 870      635C4472 
 870      6F70626F 
 870      785C5465 
 870      73695C43 
 871 0264 72657465 		.ascii	"rete\\Albumin_Measurement_Pot\\Albumin_Measurement_"
 871      5C416C62 
 871      756D696E 
 871      5F4D6561 
 871      73757265 
 872 0295 506F7465 		.ascii	"Potentiostat.cydsn\000"
 872      6E74696F 
 872      73746174 
 872      2E637964 
 872      736E00
 873              	.LASF41:
 874 02a8 466C6167 		.ascii	"Flag_Programmed\000"
 874      5F50726F 
 874      6772616D 
 874      6D656400 
 875              	.LASF23:
 876 02b8 635F7265 		.ascii	"c_red\000"
 876      6400
 877              	.LASF2:
 878 02be 73686F72 		.ascii	"short int\000"
 878      7420696E 
 878      7400
 879              	.LASF11:
 880 02c8 75696E74 		.ascii	"uint8\000"
 880      3800
 881              	.LASF28:
 882 02ce 7065616B 		.ascii	"peak_Ox\000"
 882      5F4F7800 
 883              	.LASF4:
 884 02d6 6C6F6E67 		.ascii	"long int\000"
 884      20696E74 
 884      00
 885              	.LASF21:
 886 02df 4D696E5F 		.ascii	"Min_Function\000"
 886      46756E63 
 886      74696F6E 
 886      00
 887              	.LASF37:
 888 02ec 506F745F 		.ascii	"Pot_Range\000"
 888      52616E67 
 888      6500
 889              	.LASF22:
 890 02f6 635F6F78 		.ascii	"c_ox\000"
 890      00
 891              	.LASF48:
 892 02fb 4D696E4D 		.ascii	"MinMax.c\000"
 892      61782E63 
 892      00
 893              		.ident	"GCC: (GNU Tools for ARM Embedded Processors) 5.4.1 20160609 (release) [ARM/embedded-5-bran
