ARM GAS  C:\Users\MARCOD~1\AppData\Local\Temp\ccezw6ur.s 			page 1


   1              		.syntax unified
   2              		.cpu cortex-m3
   3              		.fpu softvfp
   4              		.eabi_attribute 20, 1
   5              		.eabi_attribute 21, 1
   6              		.eabi_attribute 23, 3
   7              		.eabi_attribute 24, 1
   8              		.eabi_attribute 25, 1
   9              		.eabi_attribute 26, 1
  10              		.eabi_attribute 30, 1
  11              		.eabi_attribute 34, 1
  12              		.eabi_attribute 18, 4
  13              		.thumb
  14              		.syntax unified
  15              		.file	"Rx_Hn.c"
  16              		.text
  17              	.Ltext0:
  18              		.cfi_sections	.debug_frame
  19              		.section	.text.Rx_Handler,"ax",%progbits
  20              		.align	2
  21              		.global	Rx_Handler
  22              		.thumb
  23              		.thumb_func
  24              		.type	Rx_Handler, %function
  25              	Rx_Handler:
  26              	.LFB64:
  27              		.file 1 "Rx_Hn.c"
   1:Rx_Hn.c       **** /* ========================================
   2:Rx_Hn.c       ****  *
   3:Rx_Hn.c       ****  * Copyright YOUR COMPANY, THE YEAR
   4:Rx_Hn.c       ****  * All Rights Reserved
   5:Rx_Hn.c       ****  * UNPUBLISHED, LICENSED SOFTWARE.
   6:Rx_Hn.c       ****  *
   7:Rx_Hn.c       ****  * CONFIDENTIAL AND PROPRIETARY INFORMATION
   8:Rx_Hn.c       ****  * WHICH IS THE PROPERTY OF your company.
   9:Rx_Hn.c       ****  *
  10:Rx_Hn.c       ****  * ========================================
  11:Rx_Hn.c       **** */
  12:Rx_Hn.c       **** #include "InterruptUART.h"
  13:Rx_Hn.c       **** #include "InterruptRoutines.h"
  14:Rx_Hn.c       **** #include "Rx_Hn.h"
  15:Rx_Hn.c       **** #include "project.h"
  16:Rx_Hn.c       **** 
  17:Rx_Hn.c       **** #define POT_H 0xA0
  18:Rx_Hn.c       **** #define POT_T 0xC0
  19:Rx_Hn.c       **** #define CRONO_H 0x0D 
  20:Rx_Hn.c       **** #define CRONO_T 0xFE
  21:Rx_Hn.c       **** #define CRONO_HN 0x0E
  22:Rx_Hn.c       **** #define CRONO_TN 0xFD
  23:Rx_Hn.c       **** #define H_PER 0x0F
  24:Rx_Hn.c       **** #define T_PER 0xFB
  25:Rx_Hn.c       **** 
  26:Rx_Hn.c       **** #define IDLE 0
  27:Rx_Hn.c       **** #define HEADER 1
  28:Rx_Hn.c       **** #define DATA1 2
  29:Rx_Hn.c       **** #define DATA2 3
  30:Rx_Hn.c       **** #define TAIL 4
ARM GAS  C:\Users\MARCOD~1\AppData\Local\Temp\ccezw6ur.s 			page 2


  31:Rx_Hn.c       **** 
  32:Rx_Hn.c       **** uint8 data_received = 0;
  33:Rx_Hn.c       **** uint8 Flag_DataOK = 0;
  34:Rx_Hn.c       **** uint8 Flag_DataCrono = 0;
  35:Rx_Hn.c       **** uint8 Flag_SetV = 0;
  36:Rx_Hn.c       **** uint8 Flag_CV = 1;
  37:Rx_Hn.c       **** uint8 Flag_Crono = 0;
  38:Rx_Hn.c       **** uint8 Flag_Programmed = 0;
  39:Rx_Hn.c       **** uint8 Flag_One_Period = 0;
  40:Rx_Hn.c       **** uint8 Flag_Two_Period = 1;
  41:Rx_Hn.c       **** uint8 state = 0;
  42:Rx_Hn.c       **** uint8 buffer[4];
  43:Rx_Hn.c       **** uint16 DataValue = 0;
  44:Rx_Hn.c       **** uint8 StartCalibration = 0;
  45:Rx_Hn.c       **** uint8 Stop = 0;
  46:Rx_Hn.c       **** uint8 Flag_Hundred = 0;
  47:Rx_Hn.c       **** uint8 Flag_Fifty = 0;
  48:Rx_Hn.c       **** uint16 Period_Value = 0;
  49:Rx_Hn.c       **** 
  50:Rx_Hn.c       **** uint16* Rx_Handler(uint16 *Received_Ar){
  28              		.loc 1 50 0
  29              		.cfi_startproc
  30              		@ args = 0, pretend = 0, frame = 0
  31              		@ frame_needed = 0, uses_anonymous_args = 0
  32              	.LVL0:
  33 0000 70B5     		push	{r4, r5, r6, lr}
  34              		.cfi_def_cfa_offset 16
  35              		.cfi_offset 4, -16
  36              		.cfi_offset 5, -12
  37              		.cfi_offset 6, -8
  38              		.cfi_offset 14, -4
  39 0002 0446     		mov	r4, r0
  51:Rx_Hn.c       ****     
  52:Rx_Hn.c       ****         data_received = UART_ReadRxData(); //Read one byte at a time
  40              		.loc 1 52 0
  41 0004 FFF7FEFF 		bl	UART_ReadRxData
  42              	.LVL1:
  43 0008 764B     		ldr	r3, .L27
  44 000a 1870     		strb	r0, [r3]
  53:Rx_Hn.c       ****         state ++;
  45              		.loc 1 53 0
  46 000c 5A78     		ldrb	r2, [r3, #1]	@ zero_extendqisi2
  47 000e 0132     		adds	r2, r2, #1
  48 0010 5A70     		strb	r2, [r3, #1]
  54:Rx_Hn.c       ****         
  55:Rx_Hn.c       ****         if(data_received == 'v'){ //Start calibration 
  49              		.loc 1 55 0
  50 0012 7628     		cmp	r0, #118
  51 0014 04D1     		bne	.L2
  56:Rx_Hn.c       ****             state =IDLE;
  52              		.loc 1 56 0
  53 0016 0022     		movs	r2, #0
  54 0018 5A70     		strb	r2, [r3, #1]
  57:Rx_Hn.c       ****             StartCalibration = 1;
  55              		.loc 1 57 0
  56 001a 0122     		movs	r2, #1
  57 001c 9A70     		strb	r2, [r3, #2]
ARM GAS  C:\Users\MARCOD~1\AppData\Local\Temp\ccezw6ur.s 			page 3


  58 001e 50E0     		b	.L3
  59              	.L2:
  58:Rx_Hn.c       ****         }
  59:Rx_Hn.c       ****         else if(data_received == 'f'){ //Stop measurement 
  60              		.loc 1 59 0
  61 0020 6628     		cmp	r0, #102
  62 0022 05D1     		bne	.L4
  60:Rx_Hn.c       ****             state = IDLE;
  63              		.loc 1 60 0
  64 0024 6F4B     		ldr	r3, .L27
  65 0026 0022     		movs	r2, #0
  66 0028 5A70     		strb	r2, [r3, #1]
  61:Rx_Hn.c       ****             Stop = 1;
  67              		.loc 1 61 0
  68 002a 0122     		movs	r2, #1
  69 002c DA70     		strb	r2, [r3, #3]
  70 002e 48E0     		b	.L3
  71              	.L4:
  62:Rx_Hn.c       ****         }
  63:Rx_Hn.c       ****         else if(data_received == 'c'){ //Set cyclovoltammetry
  72              		.loc 1 63 0
  73 0030 6328     		cmp	r0, #99
  74 0032 07D1     		bne	.L5
  64:Rx_Hn.c       ****             state = IDLE;
  75              		.loc 1 64 0
  76 0034 6B4B     		ldr	r3, .L27
  77 0036 0022     		movs	r2, #0
  78 0038 5A70     		strb	r2, [r3, #1]
  65:Rx_Hn.c       ****             Flag_CV = 1;
  79              		.loc 1 65 0
  80 003a 0120     		movs	r0, #1
  81 003c 6A49     		ldr	r1, .L27+4
  82 003e 0870     		strb	r0, [r1]
  66:Rx_Hn.c       ****             Flag_Crono = 0;
  83              		.loc 1 66 0
  84 0040 1A71     		strb	r2, [r3, #4]
  85 0042 3EE0     		b	.L3
  86              	.L5:
  67:Rx_Hn.c       ****         }
  68:Rx_Hn.c       ****         else if(data_received == 'r'){ //Set chronoamperometry
  87              		.loc 1 68 0
  88 0044 7228     		cmp	r0, #114
  89 0046 0DD1     		bne	.L6
  69:Rx_Hn.c       ****             state = IDLE;
  90              		.loc 1 69 0
  91 0048 664E     		ldr	r6, .L27
  92 004a 0025     		movs	r5, #0
  93 004c 7570     		strb	r5, [r6, #1]
  70:Rx_Hn.c       ****             PWM_isr_Sleep();
  94              		.loc 1 70 0
  95 004e FFF7FEFF 		bl	PWM_isr_Sleep
  96              	.LVL2:
  71:Rx_Hn.c       ****             PWM_isr_WritePeriod(7199);
  97              		.loc 1 71 0
  98 0052 41F61F40 		movw	r0, #7199
  99 0056 FFF7FEFF 		bl	PWM_isr_WritePeriod
 100              	.LVL3:
ARM GAS  C:\Users\MARCOD~1\AppData\Local\Temp\ccezw6ur.s 			page 4


  72:Rx_Hn.c       ****             Flag_Crono = 1;
 101              		.loc 1 72 0
 102 005a 0123     		movs	r3, #1
 103 005c 3371     		strb	r3, [r6, #4]
  73:Rx_Hn.c       ****             Flag_CV = 0;
 104              		.loc 1 73 0
 105 005e 624B     		ldr	r3, .L27+4
 106 0060 1D70     		strb	r5, [r3]
 107 0062 2EE0     		b	.L3
 108              	.L6:
  74:Rx_Hn.c       ****         }
  75:Rx_Hn.c       ****         else if(data_received == 'p'){ //To verify if the PSoC is correctly programmed
 109              		.loc 1 75 0
 110 0064 7028     		cmp	r0, #112
 111 0066 05D1     		bne	.L7
  76:Rx_Hn.c       ****             state = IDLE;
 112              		.loc 1 76 0
 113 0068 5E4B     		ldr	r3, .L27
 114 006a 0022     		movs	r2, #0
 115 006c 5A70     		strb	r2, [r3, #1]
  77:Rx_Hn.c       ****             Flag_Programmed = 1;
 116              		.loc 1 77 0
 117 006e 0122     		movs	r2, #1
 118 0070 5A71     		strb	r2, [r3, #5]
 119 0072 26E0     		b	.L3
 120              	.L7:
  78:Rx_Hn.c       ****         }
  79:Rx_Hn.c       ****         else if(data_received == 'h'){ //Set PWM for a scan rate of 100mV/s
 121              		.loc 1 79 0
 122 0074 6828     		cmp	r0, #104
 123 0076 05D1     		bne	.L8
  80:Rx_Hn.c       ****             state = IDLE;
 124              		.loc 1 80 0
 125 0078 5A4B     		ldr	r3, .L27
 126 007a 0022     		movs	r2, #0
 127 007c 5A70     		strb	r2, [r3, #1]
  81:Rx_Hn.c       ****             Flag_Hundred = 1;
 128              		.loc 1 81 0
 129 007e 0122     		movs	r2, #1
 130 0080 9A71     		strb	r2, [r3, #6]
 131 0082 1EE0     		b	.L3
 132              	.L8:
  82:Rx_Hn.c       ****         }
  83:Rx_Hn.c       ****         else if(data_received == 's'){ //Set PWM for a scan rate of 50mV/s
 133              		.loc 1 83 0
 134 0084 7328     		cmp	r0, #115
 135 0086 05D1     		bne	.L9
  84:Rx_Hn.c       ****             state = IDLE;
 136              		.loc 1 84 0
 137 0088 564B     		ldr	r3, .L27
 138 008a 0022     		movs	r2, #0
 139 008c 5A70     		strb	r2, [r3, #1]
  85:Rx_Hn.c       ****             Flag_Fifty = 1;
 140              		.loc 1 85 0
 141 008e 0122     		movs	r2, #1
 142 0090 DA71     		strb	r2, [r3, #7]
 143 0092 16E0     		b	.L3
ARM GAS  C:\Users\MARCOD~1\AppData\Local\Temp\ccezw6ur.s 			page 5


 144              	.L9:
  86:Rx_Hn.c       ****         }
  87:Rx_Hn.c       ****         else if(data_received == 'w'){ //Set two-electrodes mode
 145              		.loc 1 87 0
 146 0094 7728     		cmp	r0, #119
 147 0096 09D1     		bne	.L10
  88:Rx_Hn.c       ****             state = IDLE;
 148              		.loc 1 88 0
 149 0098 0025     		movs	r5, #0
 150 009a 524B     		ldr	r3, .L27
 151 009c 5D70     		strb	r5, [r3, #1]
  89:Rx_Hn.c       ****             AMux_Electrodes_Select(0);
 152              		.loc 1 89 0
 153 009e 2846     		mov	r0, r5
 154 00a0 FFF7FEFF 		bl	AMux_Electrodes_Select
 155              	.LVL4:
  90:Rx_Hn.c       ****             Pin_LED_Write(0);
 156              		.loc 1 90 0
 157 00a4 2846     		mov	r0, r5
 158 00a6 FFF7FEFF 		bl	Pin_LED_Write
 159              	.LVL5:
 160 00aa 0AE0     		b	.L3
 161              	.L10:
  91:Rx_Hn.c       ****         }
  92:Rx_Hn.c       ****        else if(data_received == 'e'){ //Set three-electrodes mode
 162              		.loc 1 92 0
 163 00ac 6528     		cmp	r0, #101
 164 00ae 08D1     		bne	.L3
  93:Rx_Hn.c       ****             state = IDLE;
 165              		.loc 1 93 0
 166 00b0 0022     		movs	r2, #0
 167 00b2 4C4B     		ldr	r3, .L27
 168 00b4 5A70     		strb	r2, [r3, #1]
  94:Rx_Hn.c       ****             AMux_Electrodes_Select(1);
 169              		.loc 1 94 0
 170 00b6 0120     		movs	r0, #1
 171 00b8 FFF7FEFF 		bl	AMux_Electrodes_Select
 172              	.LVL6:
  95:Rx_Hn.c       ****             Pin_LED_Write(1);
 173              		.loc 1 95 0
 174 00bc 0120     		movs	r0, #1
 175 00be FFF7FEFF 		bl	Pin_LED_Write
 176              	.LVL7:
 177              	.L3:
  96:Rx_Hn.c       ****         } 
  97:Rx_Hn.c       ****         //Unpacking and input data recognition: potential for CV or chrono
  98:Rx_Hn.c       ****         switch(state){    
 178              		.loc 1 98 0
 179 00c2 484B     		ldr	r3, .L27
 180 00c4 5B78     		ldrb	r3, [r3, #1]	@ zero_extendqisi2
 181 00c6 5A1E     		subs	r2, r3, #1
 182 00c8 032A     		cmp	r2, #3
 183 00ca 00F28780 		bhi	.L11
 184 00ce DFE802F0 		tbb	[pc, r2]
 185              	.L13:
 186 00d2 02       		.byte	(.L12-.L13)/2
 187 00d3 1E       		.byte	(.L14-.L13)/2
ARM GAS  C:\Users\MARCOD~1\AppData\Local\Temp\ccezw6ur.s 			page 6


 188 00d4 24       		.byte	(.L15-.L13)/2
 189 00d5 2A       		.byte	(.L16-.L13)/2
 190              		.p2align 1
 191              	.L12:
  99:Rx_Hn.c       ****             case HEADER:
 100:Rx_Hn.c       ****                 if(data_received == POT_H){
 192              		.loc 1 100 0
 193 00d6 434A     		ldr	r2, .L27
 194 00d8 1278     		ldrb	r2, [r2]	@ zero_extendqisi2
 195 00da A02A     		cmp	r2, #160
 196 00dc 03D1     		bne	.L17
 101:Rx_Hn.c       ****                     buffer[state-1] = data_received;
 197              		.loc 1 101 0
 198 00de 013B     		subs	r3, r3, #1
 199 00e0 4249     		ldr	r1, .L27+8
 200 00e2 CA54     		strb	r2, [r1, r3]
 201 00e4 7AE0     		b	.L11
 202              	.L17:
 102:Rx_Hn.c       ****                 }
 103:Rx_Hn.c       ****                 else if(data_received == CRONO_H){
 203              		.loc 1 103 0
 204 00e6 0D2A     		cmp	r2, #13
 205 00e8 04D1     		bne	.L18
 104:Rx_Hn.c       ****                     buffer[state-1] = 1;
 206              		.loc 1 104 0
 207 00ea 013B     		subs	r3, r3, #1
 208 00ec 0121     		movs	r1, #1
 209 00ee 3F4A     		ldr	r2, .L27+8
 210 00f0 D154     		strb	r1, [r2, r3]
 211 00f2 73E0     		b	.L11
 212              	.L18:
 105:Rx_Hn.c       ****                 }
 106:Rx_Hn.c       ****                 else if(data_received == CRONO_HN){
 213              		.loc 1 106 0
 214 00f4 0E2A     		cmp	r2, #14
 215 00f6 04D1     		bne	.L19
 107:Rx_Hn.c       ****                     buffer[state-1] = 2;
 216              		.loc 1 107 0
 217 00f8 013B     		subs	r3, r3, #1
 218 00fa 0221     		movs	r1, #2
 219 00fc 3B4A     		ldr	r2, .L27+8
 220 00fe D154     		strb	r1, [r2, r3]
 221 0100 6CE0     		b	.L11
 222              	.L19:
 108:Rx_Hn.c       ****                 }
 109:Rx_Hn.c       ****                 else if(data_received == H_PER){
 223              		.loc 1 109 0
 224 0102 0F2A     		cmp	r2, #15
 225 0104 6AD1     		bne	.L11
 110:Rx_Hn.c       ****                     buffer[state-1] = data_received;
 226              		.loc 1 110 0
 227 0106 013B     		subs	r3, r3, #1
 228 0108 3849     		ldr	r1, .L27+8
 229 010a CA54     		strb	r2, [r1, r3]
 230 010c 66E0     		b	.L11
 231              	.L14:
 111:Rx_Hn.c       ****                 }
ARM GAS  C:\Users\MARCOD~1\AppData\Local\Temp\ccezw6ur.s 			page 7


 112:Rx_Hn.c       ****                 break;
 113:Rx_Hn.c       ****                 
 114:Rx_Hn.c       ****             case DATA1:
 115:Rx_Hn.c       ****                 buffer[state-1] = data_received;
 232              		.loc 1 115 0
 233 010e 013B     		subs	r3, r3, #1
 234 0110 344A     		ldr	r2, .L27
 235 0112 1178     		ldrb	r1, [r2]	@ zero_extendqisi2
 236 0114 354A     		ldr	r2, .L27+8
 237 0116 D154     		strb	r1, [r2, r3]
 116:Rx_Hn.c       ****                 break;
 238              		.loc 1 116 0
 239 0118 60E0     		b	.L11
 240              	.L15:
 117:Rx_Hn.c       ****             
 118:Rx_Hn.c       ****             case DATA2:
 119:Rx_Hn.c       ****                 buffer[state-1] = data_received;
 241              		.loc 1 119 0
 242 011a 013B     		subs	r3, r3, #1
 243 011c 314A     		ldr	r2, .L27
 244 011e 1178     		ldrb	r1, [r2]	@ zero_extendqisi2
 245 0120 324A     		ldr	r2, .L27+8
 246 0122 D154     		strb	r1, [r2, r3]
 120:Rx_Hn.c       ****                 break;
 247              		.loc 1 120 0
 248 0124 5AE0     		b	.L11
 249              	.L16:
 121:Rx_Hn.c       ****             
 122:Rx_Hn.c       ****             case TAIL:
 123:Rx_Hn.c       ****                 if(data_received == POT_T){
 250              		.loc 1 123 0
 251 0126 2F4A     		ldr	r2, .L27
 252 0128 1278     		ldrb	r2, [r2]	@ zero_extendqisi2
 253 012a C02A     		cmp	r2, #192
 254 012c 21D1     		bne	.L20
 124:Rx_Hn.c       ****                     buffer[state-1] = data_received;
 255              		.loc 1 124 0
 256 012e 013B     		subs	r3, r3, #1
 257 0130 2E49     		ldr	r1, .L27+8
 258 0132 CA54     		strb	r2, [r1, r3]
 125:Rx_Hn.c       ****                     state = IDLE;
 259              		.loc 1 125 0
 260 0134 2B4A     		ldr	r2, .L27
 261 0136 0023     		movs	r3, #0
 262 0138 5370     		strb	r3, [r2, #1]
 126:Rx_Hn.c       ****                     Flag_DataOK++;
 263              		.loc 1 126 0
 264 013a 137A     		ldrb	r3, [r2, #8]	@ zero_extendqisi2
 265 013c 0133     		adds	r3, r3, #1
 266 013e DBB2     		uxtb	r3, r3
 267 0140 1372     		strb	r3, [r2, #8]
 127:Rx_Hn.c       ****                     if(Flag_DataOK == 1){
 268              		.loc 1 127 0
 269 0142 012B     		cmp	r3, #1
 270 0144 05D1     		bne	.L21
 128:Rx_Hn.c       ****                         Received_Ar[0] = buffer[1] << 8 | buffer[2]; //Negative CV potential
 271              		.loc 1 128 0
ARM GAS  C:\Users\MARCOD~1\AppData\Local\Temp\ccezw6ur.s 			page 8


 272 0146 0A46     		mov	r2, r1
 273 0148 4978     		ldrb	r1, [r1, #1]	@ zero_extendqisi2
 274 014a 9378     		ldrb	r3, [r2, #2]	@ zero_extendqisi2
 275 014c 43EA0123 		orr	r3, r3, r1, lsl #8
 276 0150 2380     		strh	r3, [r4]	@ movhi
 277              	.L21:
 129:Rx_Hn.c       ****                     }
 130:Rx_Hn.c       ****                     if(Flag_DataOK == 2){
 278              		.loc 1 130 0
 279 0152 244B     		ldr	r3, .L27
 280 0154 1B7A     		ldrb	r3, [r3, #8]	@ zero_extendqisi2
 281 0156 022B     		cmp	r3, #2
 282 0158 40D1     		bne	.L11
 131:Rx_Hn.c       ****                     Flag_DataOK = 0;
 283              		.loc 1 131 0
 284 015a 224A     		ldr	r2, .L27
 285 015c 0023     		movs	r3, #0
 286 015e 1372     		strb	r3, [r2, #8]
 132:Rx_Hn.c       ****                     Received_Ar[1] = buffer[1] << 8 | buffer[2]; //Positive CV potential
 287              		.loc 1 132 0
 288 0160 2249     		ldr	r1, .L27+8
 289 0162 4878     		ldrb	r0, [r1, #1]	@ zero_extendqisi2
 290 0164 8B78     		ldrb	r3, [r1, #2]	@ zero_extendqisi2
 291 0166 43EA0023 		orr	r3, r3, r0, lsl #8
 292 016a 6380     		strh	r3, [r4, #2]	@ movhi
 133:Rx_Hn.c       ****                     Flag_SetV = 1;
 293              		.loc 1 133 0
 294 016c 0123     		movs	r3, #1
 295 016e 5372     		strb	r3, [r2, #9]
 134:Rx_Hn.c       ****                     return Received_Ar;
 296              		.loc 1 134 0
 297 0170 35E0     		b	.L22
 298              	.L20:
 135:Rx_Hn.c       ****                     }
 136:Rx_Hn.c       ****                 }
 137:Rx_Hn.c       ****                 else if((data_received == CRONO_T) | (data_received == CRONO_TN)){
 299              		.loc 1 137 0
 300 0172 D11C     		adds	r1, r2, #3
 301 0174 C9B2     		uxtb	r1, r1
 302 0176 0129     		cmp	r1, #1
 303 0178 13D8     		bhi	.L23
 138:Rx_Hn.c       ****                     buffer[state-1] = data_received;
 304              		.loc 1 138 0
 305 017a 013B     		subs	r3, r3, #1
 306 017c 1B49     		ldr	r1, .L27+8
 307 017e CA54     		strb	r2, [r1, r3]
 139:Rx_Hn.c       ****                     state = IDLE;
 308              		.loc 1 139 0
 309 0180 0022     		movs	r2, #0
 310 0182 184B     		ldr	r3, .L27
 311 0184 5A70     		strb	r2, [r3, #1]
 140:Rx_Hn.c       ****                     Received_Ar[0] = buffer[1] << 8 | buffer[2]; //Chrono potential
 312              		.loc 1 140 0
 313 0186 4A78     		ldrb	r2, [r1, #1]	@ zero_extendqisi2
 314 0188 8B78     		ldrb	r3, [r1, #2]	@ zero_extendqisi2
 315 018a 43EA0223 		orr	r3, r3, r2, lsl #8
 316 018e 2380     		strh	r3, [r4]	@ movhi
ARM GAS  C:\Users\MARCOD~1\AppData\Local\Temp\ccezw6ur.s 			page 9


 141:Rx_Hn.c       ****                     if(buffer[0] == 2){
 317              		.loc 1 141 0
 318 0190 0A78     		ldrb	r2, [r1]	@ zero_extendqisi2
 319 0192 022A     		cmp	r2, #2
 320 0194 01D1     		bne	.L24
 142:Rx_Hn.c       ****                         Received_Ar[0] = -Received_Ar[0];
 321              		.loc 1 142 0
 322 0196 5B42     		negs	r3, r3
 323 0198 2380     		strh	r3, [r4]	@ movhi
 324              	.L24:
 143:Rx_Hn.c       ****                     }
 144:Rx_Hn.c       ****                     Flag_DataCrono = 1;
 325              		.loc 1 144 0
 326 019a 0122     		movs	r2, #1
 327 019c 114B     		ldr	r3, .L27
 328 019e 9A72     		strb	r2, [r3, #10]
 145:Rx_Hn.c       ****                     return Received_Ar;
 329              		.loc 1 145 0
 330 01a0 1DE0     		b	.L22
 331              	.L23:
 146:Rx_Hn.c       ****                 }
 147:Rx_Hn.c       ****                 else if(data_received == T_PER){
 332              		.loc 1 147 0
 333 01a2 FB2A     		cmp	r2, #251
 334 01a4 1AD1     		bne	.L11
 148:Rx_Hn.c       ****                     buffer[state-1] = data_received;
 335              		.loc 1 148 0
 336 01a6 013B     		subs	r3, r3, #1
 337 01a8 1049     		ldr	r1, .L27+8
 338 01aa CA54     		strb	r2, [r1, r3]
 149:Rx_Hn.c       ****                     state = IDLE;
 339              		.loc 1 149 0
 340 01ac 0D4A     		ldr	r2, .L27
 341 01ae 0023     		movs	r3, #0
 342 01b0 5370     		strb	r3, [r2, #1]
 150:Rx_Hn.c       ****                     Period_Value = buffer[1] << 8 | buffer[2]; 
 343              		.loc 1 150 0
 344 01b2 4878     		ldrb	r0, [r1, #1]	@ zero_extendqisi2
 345 01b4 8B78     		ldrb	r3, [r1, #2]	@ zero_extendqisi2
 346 01b6 43EA0023 		orr	r3, r3, r0, lsl #8
 347 01ba 9381     		strh	r3, [r2, #12]	@ movhi
 151:Rx_Hn.c       ****                     if(Period_Value == 0){
 348              		.loc 1 151 0
 349 01bc 33B9     		cbnz	r3, .L25
 152:Rx_Hn.c       ****                         Flag_One_Period = 1;
 350              		.loc 1 152 0
 351 01be 0122     		movs	r2, #1
 352 01c0 084B     		ldr	r3, .L27
 353 01c2 9A73     		strb	r2, [r3, #14]
 153:Rx_Hn.c       ****                         Flag_Two_Period = 0;
 354              		.loc 1 153 0
 355 01c4 0022     		movs	r2, #0
 356 01c6 084B     		ldr	r3, .L27+4
 357 01c8 5A70     		strb	r2, [r3, #1]
 358 01ca 07E0     		b	.L11
 359              	.L25:
 154:Rx_Hn.c       ****                         
ARM GAS  C:\Users\MARCOD~1\AppData\Local\Temp\ccezw6ur.s 			page 10


 155:Rx_Hn.c       ****                     }
 156:Rx_Hn.c       ****                     else if(Period_Value == 1){
 360              		.loc 1 156 0
 361 01cc 012B     		cmp	r3, #1
 362 01ce 05D1     		bne	.L11
 157:Rx_Hn.c       ****                         Flag_Two_Period = 1;
 363              		.loc 1 157 0
 364 01d0 0122     		movs	r2, #1
 365 01d2 054B     		ldr	r3, .L27+4
 366 01d4 5A70     		strb	r2, [r3, #1]
 158:Rx_Hn.c       ****                         Flag_One_Period = 0;
 367              		.loc 1 158 0
 368 01d6 0022     		movs	r2, #0
 369 01d8 024B     		ldr	r3, .L27
 370 01da 9A73     		strb	r2, [r3, #14]
 371              	.L11:
 159:Rx_Hn.c       ****                         
 160:Rx_Hn.c       ****                     }
 161:Rx_Hn.c       ****                 }
 162:Rx_Hn.c       ****                 break; 
 163:Rx_Hn.c       ****         }
 164:Rx_Hn.c       **** }
 372              		.loc 1 164 0
 373 01dc 70BD     		pop	{r4, r5, r6, pc}
 374              	.LVL8:
 375              	.L22:
 376 01de 2046     		mov	r0, r4
 377 01e0 70BD     		pop	{r4, r5, r6, pc}
 378              	.LVL9:
 379              	.L28:
 380 01e2 00BF     		.align	2
 381              	.L27:
 382 01e4 00000000 		.word	.LANCHOR0
 383 01e8 00000000 		.word	.LANCHOR1
 384 01ec 00000000 		.word	buffer
 385              		.cfi_endproc
 386              	.LFE64:
 387              		.size	Rx_Handler, .-Rx_Handler
 388              		.global	Period_Value
 389              		.global	DataValue
 390              		.comm	buffer,4,4
 391              		.global	state
 392              		.global	Flag_DataOK
 393              		.global	data_received
 394              		.global	Flag_Two_Period
 395              		.global	Flag_One_Period
 396              		.global	Flag_Fifty
 397              		.global	Flag_Hundred
 398              		.global	Flag_Programmed
 399              		.global	Flag_DataCrono
 400              		.global	Flag_Crono
 401              		.global	Flag_CV
 402              		.comm	Pot_Range,2,2
 403              		.comm	Crono_Pot,2,2
 404              		.comm	Pos_Pot,2,2
 405              		.comm	Neg_Pot,2,2
 406              		.global	Stop
ARM GAS  C:\Users\MARCOD~1\AppData\Local\Temp\ccezw6ur.s 			page 11


 407              		.global	Flag_SetV
 408              		.global	StartCalibration
 409              		.comm	Received_Ar,4,4
 410              		.comm	Start_Measure,1,1
 411              		.comm	DataBuffer6,64,4
 412              		.comm	DataBuffer,4,4
 413              		.comm	Flag_Hn,1,1
 414              		.data
 415              		.set	.LANCHOR1,. + 0
 416              		.type	Flag_CV, %object
 417              		.size	Flag_CV, 1
 418              	Flag_CV:
 419 0000 01       		.byte	1
 420              		.type	Flag_Two_Period, %object
 421              		.size	Flag_Two_Period, 1
 422              	Flag_Two_Period:
 423 0001 01       		.byte	1
 424              		.bss
 425              		.align	1
 426              		.set	.LANCHOR0,. + 0
 427              		.type	data_received, %object
 428              		.size	data_received, 1
 429              	data_received:
 430 0000 00       		.space	1
 431              		.type	state, %object
 432              		.size	state, 1
 433              	state:
 434 0001 00       		.space	1
 435              		.type	StartCalibration, %object
 436              		.size	StartCalibration, 1
 437              	StartCalibration:
 438 0002 00       		.space	1
 439              		.type	Stop, %object
 440              		.size	Stop, 1
 441              	Stop:
 442 0003 00       		.space	1
 443              		.type	Flag_Crono, %object
 444              		.size	Flag_Crono, 1
 445              	Flag_Crono:
 446 0004 00       		.space	1
 447              		.type	Flag_Programmed, %object
 448              		.size	Flag_Programmed, 1
 449              	Flag_Programmed:
 450 0005 00       		.space	1
 451              		.type	Flag_Hundred, %object
 452              		.size	Flag_Hundred, 1
 453              	Flag_Hundred:
 454 0006 00       		.space	1
 455              		.type	Flag_Fifty, %object
 456              		.size	Flag_Fifty, 1
 457              	Flag_Fifty:
 458 0007 00       		.space	1
 459              		.type	Flag_DataOK, %object
 460              		.size	Flag_DataOK, 1
 461              	Flag_DataOK:
 462 0008 00       		.space	1
 463              		.type	Flag_SetV, %object
ARM GAS  C:\Users\MARCOD~1\AppData\Local\Temp\ccezw6ur.s 			page 12


 464              		.size	Flag_SetV, 1
 465              	Flag_SetV:
 466 0009 00       		.space	1
 467              		.type	Flag_DataCrono, %object
 468              		.size	Flag_DataCrono, 1
 469              	Flag_DataCrono:
 470 000a 00       		.space	1
 471 000b 00       		.space	1
 472              		.type	Period_Value, %object
 473              		.size	Period_Value, 2
 474              	Period_Value:
 475 000c 0000     		.space	2
 476              		.type	Flag_One_Period, %object
 477              		.size	Flag_One_Period, 1
 478              	Flag_One_Period:
 479 000e 00       		.space	1
 480 000f 00       		.space	1
 481              		.type	DataValue, %object
 482              		.size	DataValue, 2
 483              	DataValue:
 484 0010 0000     		.space	2
 485              		.text
 486              	.Letext0:
 487              		.file 2 "c:\\program files (x86)\\cypress\\psoc creator\\4.4\\psoc creator\\import\\gnu\\arm\\5.4.
 488              		.file 3 "c:\\program files (x86)\\cypress\\psoc creator\\4.4\\psoc creator\\import\\gnu\\arm\\5.4.
 489              		.file 4 "Generated_Source\\PSoC5/cytypes.h"
 490              		.file 5 "InterruptUART.h"
 491              		.file 6 "InterruptRoutines.h"
 492              		.file 7 "Rx_Hn.h"
 493              		.file 8 "Generated_Source\\PSoC5/core_cm3.h"
 494              		.file 9 "Generated_Source\\PSoC5/UART.h"
 495              		.file 10 "Generated_Source\\PSoC5/PWM_isr.h"
 496              		.file 11 "Generated_Source\\PSoC5/AMux_Electrodes.h"
 497              		.file 12 "Generated_Source\\PSoC5/Pin_LED.h"
 498              		.section	.debug_info,"",%progbits
 499              	.Ldebug_info0:
 500 0000 97030000 		.4byte	0x397
 501 0004 0400     		.2byte	0x4
 502 0006 00000000 		.4byte	.Ldebug_abbrev0
 503 000a 04       		.byte	0x4
 504 000b 01       		.uleb128 0x1
 505 000c 26010000 		.4byte	.LASF51
 506 0010 0C       		.byte	0xc
 507 0011 33030000 		.4byte	.LASF52
 508 0015 9D000000 		.4byte	.LASF53
 509 0019 00000000 		.4byte	.Ldebug_ranges0+0
 510 001d 00000000 		.4byte	0
 511 0021 00000000 		.4byte	.Ldebug_line0
 512 0025 02       		.uleb128 0x2
 513 0026 01       		.byte	0x1
 514 0027 06       		.byte	0x6
 515 0028 27030000 		.4byte	.LASF0
 516 002c 02       		.uleb128 0x2
 517 002d 01       		.byte	0x1
 518 002e 08       		.byte	0x8
 519 002f 18010000 		.4byte	.LASF1
 520 0033 02       		.uleb128 0x2
ARM GAS  C:\Users\MARCOD~1\AppData\Local\Temp\ccezw6ur.s 			page 13


 521 0034 02       		.byte	0x2
 522 0035 05       		.byte	0x5
 523 0036 E2020000 		.4byte	.LASF2
 524 003a 02       		.uleb128 0x2
 525 003b 02       		.byte	0x2
 526 003c 07       		.byte	0x7
 527 003d 52000000 		.4byte	.LASF3
 528 0041 03       		.uleb128 0x3
 529 0042 3F000000 		.4byte	.LASF9
 530 0046 02       		.byte	0x2
 531 0047 3F       		.byte	0x3f
 532 0048 4C000000 		.4byte	0x4c
 533 004c 02       		.uleb128 0x2
 534 004d 04       		.byte	0x4
 535 004e 05       		.byte	0x5
 536 004f 49000000 		.4byte	.LASF4
 537 0053 02       		.uleb128 0x2
 538 0054 04       		.byte	0x4
 539 0055 07       		.byte	0x7
 540 0056 BA010000 		.4byte	.LASF5
 541 005a 02       		.uleb128 0x2
 542 005b 08       		.byte	0x8
 543 005c 05       		.byte	0x5
 544 005d AC020000 		.4byte	.LASF6
 545 0061 02       		.uleb128 0x2
 546 0062 08       		.byte	0x8
 547 0063 07       		.byte	0x7
 548 0064 31020000 		.4byte	.LASF7
 549 0068 04       		.uleb128 0x4
 550 0069 04       		.byte	0x4
 551 006a 05       		.byte	0x5
 552 006b 696E7400 		.ascii	"int\000"
 553 006f 02       		.uleb128 0x2
 554 0070 04       		.byte	0x4
 555 0071 07       		.byte	0x7
 556 0072 08020000 		.4byte	.LASF8
 557 0076 03       		.uleb128 0x3
 558 0077 84000000 		.4byte	.LASF10
 559 007b 03       		.byte	0x3
 560 007c 2C       		.byte	0x2c
 561 007d 41000000 		.4byte	0x41
 562 0081 05       		.uleb128 0x5
 563 0082 F3020000 		.4byte	.LASF11
 564 0086 04       		.byte	0x4
 565 0087 E901     		.2byte	0x1e9
 566 0089 2C000000 		.4byte	0x2c
 567 008d 05       		.uleb128 0x5
 568 008e 01020000 		.4byte	.LASF12
 569 0092 04       		.byte	0x4
 570 0093 EA01     		.2byte	0x1ea
 571 0095 3A000000 		.4byte	0x3a
 572 0099 05       		.uleb128 0x5
 573 009a B4010000 		.4byte	.LASF13
 574 009e 04       		.byte	0x4
 575 009f ED01     		.2byte	0x1ed
 576 00a1 33000000 		.4byte	0x33
 577 00a5 02       		.uleb128 0x2
ARM GAS  C:\Users\MARCOD~1\AppData\Local\Temp\ccezw6ur.s 			page 14


 578 00a6 04       		.byte	0x4
 579 00a7 04       		.byte	0x4
 580 00a8 8C000000 		.4byte	.LASF14
 581 00ac 02       		.uleb128 0x2
 582 00ad 08       		.byte	0x8
 583 00ae 04       		.byte	0x4
 584 00af F2010000 		.4byte	.LASF15
 585 00b3 02       		.uleb128 0x2
 586 00b4 01       		.byte	0x1
 587 00b5 08       		.byte	0x8
 588 00b6 01030000 		.4byte	.LASF16
 589 00ba 02       		.uleb128 0x2
 590 00bb 08       		.byte	0x8
 591 00bc 04       		.byte	0x4
 592 00bd 97020000 		.4byte	.LASF17
 593 00c1 02       		.uleb128 0x2
 594 00c2 04       		.byte	0x4
 595 00c3 07       		.byte	0x7
 596 00c4 A3020000 		.4byte	.LASF18
 597 00c8 06       		.uleb128 0x6
 598 00c9 60030000 		.4byte	.LASF54
 599 00cd 01       		.byte	0x1
 600 00ce 32       		.byte	0x32
 601 00cf 62010000 		.4byte	0x162
 602 00d3 00000000 		.4byte	.LFB64
 603 00d7 F0010000 		.4byte	.LFE64-.LFB64
 604 00db 01       		.uleb128 0x1
 605 00dc 9C       		.byte	0x9c
 606 00dd 62010000 		.4byte	0x162
 607 00e1 07       		.uleb128 0x7
 608 00e2 8B020000 		.4byte	.LASF23
 609 00e6 01       		.byte	0x1
 610 00e7 32       		.byte	0x32
 611 00e8 62010000 		.4byte	0x162
 612 00ec 00000000 		.4byte	.LLST0
 613 00f0 08       		.uleb128 0x8
 614 00f1 08000000 		.4byte	.LVL1
 615 00f5 63030000 		.4byte	0x363
 616 00f9 08       		.uleb128 0x8
 617 00fa 52000000 		.4byte	.LVL2
 618 00fe 6E030000 		.4byte	0x36e
 619 0102 09       		.uleb128 0x9
 620 0103 5A000000 		.4byte	.LVL3
 621 0107 79030000 		.4byte	0x379
 622 010b 17010000 		.4byte	0x117
 623 010f 0A       		.uleb128 0xa
 624 0110 01       		.uleb128 0x1
 625 0111 50       		.byte	0x50
 626 0112 03       		.uleb128 0x3
 627 0113 0A       		.byte	0xa
 628 0114 1F1C     		.2byte	0x1c1f
 629 0116 00       		.byte	0
 630 0117 09       		.uleb128 0x9
 631 0118 A4000000 		.4byte	.LVL4
 632 011c 84030000 		.4byte	0x384
 633 0120 2B010000 		.4byte	0x12b
 634 0124 0A       		.uleb128 0xa
ARM GAS  C:\Users\MARCOD~1\AppData\Local\Temp\ccezw6ur.s 			page 15


 635 0125 01       		.uleb128 0x1
 636 0126 50       		.byte	0x50
 637 0127 02       		.uleb128 0x2
 638 0128 75       		.byte	0x75
 639 0129 00       		.sleb128 0
 640 012a 00       		.byte	0
 641 012b 09       		.uleb128 0x9
 642 012c AA000000 		.4byte	.LVL5
 643 0130 8F030000 		.4byte	0x38f
 644 0134 3F010000 		.4byte	0x13f
 645 0138 0A       		.uleb128 0xa
 646 0139 01       		.uleb128 0x1
 647 013a 50       		.byte	0x50
 648 013b 02       		.uleb128 0x2
 649 013c 75       		.byte	0x75
 650 013d 00       		.sleb128 0
 651 013e 00       		.byte	0
 652 013f 09       		.uleb128 0x9
 653 0140 BC000000 		.4byte	.LVL6
 654 0144 84030000 		.4byte	0x384
 655 0148 52010000 		.4byte	0x152
 656 014c 0A       		.uleb128 0xa
 657 014d 01       		.uleb128 0x1
 658 014e 50       		.byte	0x50
 659 014f 01       		.uleb128 0x1
 660 0150 31       		.byte	0x31
 661 0151 00       		.byte	0
 662 0152 0B       		.uleb128 0xb
 663 0153 C2000000 		.4byte	.LVL7
 664 0157 8F030000 		.4byte	0x38f
 665 015b 0A       		.uleb128 0xa
 666 015c 01       		.uleb128 0x1
 667 015d 50       		.byte	0x50
 668 015e 01       		.uleb128 0x1
 669 015f 31       		.byte	0x31
 670 0160 00       		.byte	0
 671 0161 00       		.byte	0
 672 0162 0C       		.uleb128 0xc
 673 0163 04       		.byte	0x4
 674 0164 8D000000 		.4byte	0x8d
 675 0168 0D       		.uleb128 0xd
 676 0169 F9020000 		.4byte	.LASF19
 677 016d 05       		.byte	0x5
 678 016e 14       		.byte	0x14
 679 016f 81000000 		.4byte	0x81
 680 0173 05       		.uleb128 0x5
 681 0174 03       		.byte	0x3
 682 0175 00000000 		.4byte	Flag_Hn
 683 0179 0E       		.uleb128 0xe
 684 017a 81000000 		.4byte	0x81
 685 017e 89010000 		.4byte	0x189
 686 0182 0F       		.uleb128 0xf
 687 0183 C1000000 		.4byte	0xc1
 688 0187 03       		.byte	0x3
 689 0188 00       		.byte	0
 690 0189 0D       		.uleb128 0xd
 691 018a 06030000 		.4byte	.LASF20
ARM GAS  C:\Users\MARCOD~1\AppData\Local\Temp\ccezw6ur.s 			page 16


 692 018e 06       		.byte	0x6
 693 018f 13       		.byte	0x13
 694 0190 79010000 		.4byte	0x179
 695 0194 05       		.uleb128 0x5
 696 0195 03       		.byte	0x3
 697 0196 00000000 		.4byte	DataBuffer
 698 019a 0E       		.uleb128 0xe
 699 019b B3000000 		.4byte	0xb3
 700 019f AA010000 		.4byte	0x1aa
 701 01a3 0F       		.uleb128 0xf
 702 01a4 C1000000 		.4byte	0xc1
 703 01a8 3F       		.byte	0x3f
 704 01a9 00       		.byte	0
 705 01aa 0D       		.uleb128 0xd
 706 01ab CC010000 		.4byte	.LASF21
 707 01af 06       		.byte	0x6
 708 01b0 14       		.byte	0x14
 709 01b1 9A010000 		.4byte	0x19a
 710 01b5 05       		.uleb128 0x5
 711 01b6 03       		.byte	0x3
 712 01b7 00000000 		.4byte	DataBuffer6
 713 01bb 0D       		.uleb128 0xd
 714 01bc D4020000 		.4byte	.LASF22
 715 01c0 06       		.byte	0x6
 716 01c1 17       		.byte	0x17
 717 01c2 81000000 		.4byte	0x81
 718 01c6 05       		.uleb128 0x5
 719 01c7 03       		.byte	0x3
 720 01c8 00000000 		.4byte	Start_Measure
 721 01cc 0E       		.uleb128 0xe
 722 01cd 8D000000 		.4byte	0x8d
 723 01d1 DC010000 		.4byte	0x1dc
 724 01d5 0F       		.uleb128 0xf
 725 01d6 C1000000 		.4byte	0xc1
 726 01da 01       		.byte	0x1
 727 01db 00       		.byte	0
 728 01dc 0D       		.uleb128 0xd
 729 01dd 8B020000 		.4byte	.LASF23
 730 01e1 07       		.byte	0x7
 731 01e2 12       		.byte	0x12
 732 01e3 CC010000 		.4byte	0x1cc
 733 01e7 05       		.uleb128 0x5
 734 01e8 03       		.byte	0x3
 735 01e9 00000000 		.4byte	Received_Ar
 736 01ed 0D       		.uleb128 0xd
 737 01ee 2E000000 		.4byte	.LASF24
 738 01f2 01       		.byte	0x1
 739 01f3 2C       		.byte	0x2c
 740 01f4 81000000 		.4byte	0x81
 741 01f8 05       		.uleb128 0x5
 742 01f9 03       		.byte	0x3
 743 01fa 00000000 		.4byte	StartCalibration
 744 01fe 0D       		.uleb128 0xd
 745 01ff 0E010000 		.4byte	.LASF25
 746 0203 01       		.byte	0x1
 747 0204 23       		.byte	0x23
 748 0205 81000000 		.4byte	0x81
ARM GAS  C:\Users\MARCOD~1\AppData\Local\Temp\ccezw6ur.s 			page 17


 749 0209 05       		.uleb128 0x5
 750 020a 03       		.byte	0x3
 751 020b 00000000 		.4byte	Flag_SetV
 752 020f 0D       		.uleb128 0xd
 753 0210 BA020000 		.4byte	.LASF26
 754 0214 01       		.byte	0x1
 755 0215 2D       		.byte	0x2d
 756 0216 81000000 		.4byte	0x81
 757 021a 05       		.uleb128 0x5
 758 021b 03       		.byte	0x3
 759 021c 00000000 		.4byte	Stop
 760 0220 0D       		.uleb128 0xd
 761 0221 F9010000 		.4byte	.LASF27
 762 0225 07       		.byte	0x7
 763 0226 18       		.byte	0x18
 764 0227 99000000 		.4byte	0x99
 765 022b 05       		.uleb128 0x5
 766 022c 03       		.byte	0x3
 767 022d 00000000 		.4byte	Neg_Pot
 768 0231 0D       		.uleb128 0xd
 769 0232 CC020000 		.4byte	.LASF28
 770 0236 07       		.byte	0x7
 771 0237 19       		.byte	0x19
 772 0238 99000000 		.4byte	0x99
 773 023c 05       		.uleb128 0x5
 774 023d 03       		.byte	0x3
 775 023e 00000000 		.4byte	Pos_Pot
 776 0242 0D       		.uleb128 0xd
 777 0243 65000000 		.4byte	.LASF29
 778 0247 07       		.byte	0x7
 779 0248 1A       		.byte	0x1a
 780 0249 99000000 		.4byte	0x99
 781 024d 05       		.uleb128 0x5
 782 024e 03       		.byte	0x3
 783 024f 00000000 		.4byte	Crono_Pot
 784 0253 0D       		.uleb128 0xd
 785 0254 11030000 		.4byte	.LASF30
 786 0258 07       		.byte	0x7
 787 0259 1B       		.byte	0x1b
 788 025a 8D000000 		.4byte	0x8d
 789 025e 05       		.uleb128 0x5
 790 025f 03       		.byte	0x3
 791 0260 00000000 		.4byte	Pot_Range
 792 0264 0D       		.uleb128 0xd
 793 0265 10000000 		.4byte	.LASF31
 794 0269 01       		.byte	0x1
 795 026a 24       		.byte	0x24
 796 026b 81000000 		.4byte	0x81
 797 026f 05       		.uleb128 0x5
 798 0270 03       		.byte	0x3
 799 0271 00000000 		.4byte	Flag_CV
 800 0275 0D       		.uleb128 0xd
 801 0276 92000000 		.4byte	.LASF32
 802 027a 01       		.byte	0x1
 803 027b 25       		.byte	0x25
 804 027c 81000000 		.4byte	0x81
 805 0280 05       		.uleb128 0x5
ARM GAS  C:\Users\MARCOD~1\AppData\Local\Temp\ccezw6ur.s 			page 18


 806 0281 03       		.byte	0x3
 807 0282 00000000 		.4byte	Flag_Crono
 808 0286 0D       		.uleb128 0xd
 809 0287 68020000 		.4byte	.LASF33
 810 028b 01       		.byte	0x1
 811 028c 22       		.byte	0x22
 812 028d 81000000 		.4byte	0x81
 813 0291 05       		.uleb128 0x5
 814 0292 03       		.byte	0x3
 815 0293 00000000 		.4byte	Flag_DataCrono
 816 0297 0D       		.uleb128 0xd
 817 0298 00000000 		.4byte	.LASF34
 818 029c 01       		.byte	0x1
 819 029d 26       		.byte	0x26
 820 029e 81000000 		.4byte	0x81
 821 02a2 05       		.uleb128 0x5
 822 02a3 03       		.byte	0x3
 823 02a4 00000000 		.4byte	Flag_Programmed
 824 02a8 0D       		.uleb128 0xd
 825 02a9 D8010000 		.4byte	.LASF35
 826 02ad 01       		.byte	0x1
 827 02ae 2E       		.byte	0x2e
 828 02af 81000000 		.4byte	0x81
 829 02b3 05       		.uleb128 0x5
 830 02b4 03       		.byte	0x3
 831 02b5 00000000 		.4byte	Flag_Hundred
 832 02b9 0D       		.uleb128 0xd
 833 02ba 79000000 		.4byte	.LASF36
 834 02be 01       		.byte	0x1
 835 02bf 2F       		.byte	0x2f
 836 02c0 81000000 		.4byte	0x81
 837 02c4 05       		.uleb128 0x5
 838 02c5 03       		.byte	0x3
 839 02c6 00000000 		.4byte	Flag_Fifty
 840 02ca 0D       		.uleb128 0xd
 841 02cb 58020000 		.4byte	.LASF37
 842 02cf 01       		.byte	0x1
 843 02d0 27       		.byte	0x27
 844 02d1 81000000 		.4byte	0x81
 845 02d5 05       		.uleb128 0x5
 846 02d6 03       		.byte	0x3
 847 02d7 00000000 		.4byte	Flag_One_Period
 848 02db 0D       		.uleb128 0xd
 849 02dc 48020000 		.4byte	.LASF38
 850 02e0 01       		.byte	0x1
 851 02e1 28       		.byte	0x28
 852 02e2 81000000 		.4byte	0x81
 853 02e6 05       		.uleb128 0x5
 854 02e7 03       		.byte	0x3
 855 02e8 00000000 		.4byte	Flag_Two_Period
 856 02ec 10       		.uleb128 0x10
 857 02ed E5010000 		.4byte	.LASF39
 858 02f1 08       		.byte	0x8
 859 02f2 1207     		.2byte	0x712
 860 02f4 F8020000 		.4byte	0x2f8
 861 02f8 11       		.uleb128 0x11
 862 02f9 76000000 		.4byte	0x76
ARM GAS  C:\Users\MARCOD~1\AppData\Local\Temp\ccezw6ur.s 			page 19


 863 02fd 0D       		.uleb128 0xd
 864 02fe 23020000 		.4byte	.LASF40
 865 0302 01       		.byte	0x1
 866 0303 20       		.byte	0x20
 867 0304 81000000 		.4byte	0x81
 868 0308 05       		.uleb128 0x5
 869 0309 03       		.byte	0x3
 870 030a 00000000 		.4byte	data_received
 871 030e 0D       		.uleb128 0xd
 872 030f 1B030000 		.4byte	.LASF41
 873 0313 01       		.byte	0x1
 874 0314 21       		.byte	0x21
 875 0315 81000000 		.4byte	0x81
 876 0319 05       		.uleb128 0x5
 877 031a 03       		.byte	0x3
 878 031b 00000000 		.4byte	Flag_DataOK
 879 031f 0D       		.uleb128 0xd
 880 0320 18000000 		.4byte	.LASF42
 881 0324 01       		.byte	0x1
 882 0325 29       		.byte	0x29
 883 0326 81000000 		.4byte	0x81
 884 032a 05       		.uleb128 0x5
 885 032b 03       		.byte	0x3
 886 032c 00000000 		.4byte	state
 887 0330 0D       		.uleb128 0xd
 888 0331 EC020000 		.4byte	.LASF43
 889 0335 01       		.byte	0x1
 890 0336 2A       		.byte	0x2a
 891 0337 79010000 		.4byte	0x179
 892 033b 05       		.uleb128 0x5
 893 033c 03       		.byte	0x3
 894 033d 00000000 		.4byte	buffer
 895 0341 0D       		.uleb128 0xd
 896 0342 6F000000 		.4byte	.LASF44
 897 0346 01       		.byte	0x1
 898 0347 2B       		.byte	0x2b
 899 0348 8D000000 		.4byte	0x8d
 900 034c 05       		.uleb128 0x5
 901 034d 03       		.byte	0x3
 902 034e 00000000 		.4byte	DataValue
 903 0352 0D       		.uleb128 0xd
 904 0353 BF020000 		.4byte	.LASF45
 905 0357 01       		.byte	0x1
 906 0358 30       		.byte	0x30
 907 0359 8D000000 		.4byte	0x8d
 908 035d 05       		.uleb128 0x5
 909 035e 03       		.byte	0x3
 910 035f 00000000 		.4byte	Period_Value
 911 0363 12       		.uleb128 0x12
 912 0364 1E000000 		.4byte	.LASF46
 913 0368 1E000000 		.4byte	.LASF46
 914 036c 09       		.byte	0x9
 915 036d 6F       		.byte	0x6f
 916 036e 12       		.uleb128 0x12
 917 036f 3B030000 		.4byte	.LASF47
 918 0373 3B030000 		.4byte	.LASF47
 919 0377 0A       		.byte	0xa
ARM GAS  C:\Users\MARCOD~1\AppData\Local\Temp\ccezw6ur.s 			page 20


 920 0378 DC       		.byte	0xdc
 921 0379 12       		.uleb128 0x12
 922 037a 77020000 		.4byte	.LASF48
 923 037e 77020000 		.4byte	.LASF48
 924 0382 0A       		.byte	0xa
 925 0383 BE       		.byte	0xbe
 926 0384 12       		.uleb128 0x12
 927 0385 49030000 		.4byte	.LASF49
 928 0389 49030000 		.4byte	.LASF49
 929 038d 0B       		.byte	0xb
 930 038e 57       		.byte	0x57
 931 038f 12       		.uleb128 0x12
 932 0390 15020000 		.4byte	.LASF50
 933 0394 15020000 		.4byte	.LASF50
 934 0398 0C       		.byte	0xc
 935 0399 26       		.byte	0x26
 936 039a 00       		.byte	0
 937              		.section	.debug_abbrev,"",%progbits
 938              	.Ldebug_abbrev0:
 939 0000 01       		.uleb128 0x1
 940 0001 11       		.uleb128 0x11
 941 0002 01       		.byte	0x1
 942 0003 25       		.uleb128 0x25
 943 0004 0E       		.uleb128 0xe
 944 0005 13       		.uleb128 0x13
 945 0006 0B       		.uleb128 0xb
 946 0007 03       		.uleb128 0x3
 947 0008 0E       		.uleb128 0xe
 948 0009 1B       		.uleb128 0x1b
 949 000a 0E       		.uleb128 0xe
 950 000b 55       		.uleb128 0x55
 951 000c 17       		.uleb128 0x17
 952 000d 11       		.uleb128 0x11
 953 000e 01       		.uleb128 0x1
 954 000f 10       		.uleb128 0x10
 955 0010 17       		.uleb128 0x17
 956 0011 00       		.byte	0
 957 0012 00       		.byte	0
 958 0013 02       		.uleb128 0x2
 959 0014 24       		.uleb128 0x24
 960 0015 00       		.byte	0
 961 0016 0B       		.uleb128 0xb
 962 0017 0B       		.uleb128 0xb
 963 0018 3E       		.uleb128 0x3e
 964 0019 0B       		.uleb128 0xb
 965 001a 03       		.uleb128 0x3
 966 001b 0E       		.uleb128 0xe
 967 001c 00       		.byte	0
 968 001d 00       		.byte	0
 969 001e 03       		.uleb128 0x3
 970 001f 16       		.uleb128 0x16
 971 0020 00       		.byte	0
 972 0021 03       		.uleb128 0x3
 973 0022 0E       		.uleb128 0xe
 974 0023 3A       		.uleb128 0x3a
 975 0024 0B       		.uleb128 0xb
 976 0025 3B       		.uleb128 0x3b
ARM GAS  C:\Users\MARCOD~1\AppData\Local\Temp\ccezw6ur.s 			page 21


 977 0026 0B       		.uleb128 0xb
 978 0027 49       		.uleb128 0x49
 979 0028 13       		.uleb128 0x13
 980 0029 00       		.byte	0
 981 002a 00       		.byte	0
 982 002b 04       		.uleb128 0x4
 983 002c 24       		.uleb128 0x24
 984 002d 00       		.byte	0
 985 002e 0B       		.uleb128 0xb
 986 002f 0B       		.uleb128 0xb
 987 0030 3E       		.uleb128 0x3e
 988 0031 0B       		.uleb128 0xb
 989 0032 03       		.uleb128 0x3
 990 0033 08       		.uleb128 0x8
 991 0034 00       		.byte	0
 992 0035 00       		.byte	0
 993 0036 05       		.uleb128 0x5
 994 0037 16       		.uleb128 0x16
 995 0038 00       		.byte	0
 996 0039 03       		.uleb128 0x3
 997 003a 0E       		.uleb128 0xe
 998 003b 3A       		.uleb128 0x3a
 999 003c 0B       		.uleb128 0xb
 1000 003d 3B       		.uleb128 0x3b
 1001 003e 05       		.uleb128 0x5
 1002 003f 49       		.uleb128 0x49
 1003 0040 13       		.uleb128 0x13
 1004 0041 00       		.byte	0
 1005 0042 00       		.byte	0
 1006 0043 06       		.uleb128 0x6
 1007 0044 2E       		.uleb128 0x2e
 1008 0045 01       		.byte	0x1
 1009 0046 3F       		.uleb128 0x3f
 1010 0047 19       		.uleb128 0x19
 1011 0048 03       		.uleb128 0x3
 1012 0049 0E       		.uleb128 0xe
 1013 004a 3A       		.uleb128 0x3a
 1014 004b 0B       		.uleb128 0xb
 1015 004c 3B       		.uleb128 0x3b
 1016 004d 0B       		.uleb128 0xb
 1017 004e 27       		.uleb128 0x27
 1018 004f 19       		.uleb128 0x19
 1019 0050 49       		.uleb128 0x49
 1020 0051 13       		.uleb128 0x13
 1021 0052 11       		.uleb128 0x11
 1022 0053 01       		.uleb128 0x1
 1023 0054 12       		.uleb128 0x12
 1024 0055 06       		.uleb128 0x6
 1025 0056 40       		.uleb128 0x40
 1026 0057 18       		.uleb128 0x18
 1027 0058 9742     		.uleb128 0x2117
 1028 005a 19       		.uleb128 0x19
 1029 005b 01       		.uleb128 0x1
 1030 005c 13       		.uleb128 0x13
 1031 005d 00       		.byte	0
 1032 005e 00       		.byte	0
 1033 005f 07       		.uleb128 0x7
ARM GAS  C:\Users\MARCOD~1\AppData\Local\Temp\ccezw6ur.s 			page 22


 1034 0060 05       		.uleb128 0x5
 1035 0061 00       		.byte	0
 1036 0062 03       		.uleb128 0x3
 1037 0063 0E       		.uleb128 0xe
 1038 0064 3A       		.uleb128 0x3a
 1039 0065 0B       		.uleb128 0xb
 1040 0066 3B       		.uleb128 0x3b
 1041 0067 0B       		.uleb128 0xb
 1042 0068 49       		.uleb128 0x49
 1043 0069 13       		.uleb128 0x13
 1044 006a 02       		.uleb128 0x2
 1045 006b 17       		.uleb128 0x17
 1046 006c 00       		.byte	0
 1047 006d 00       		.byte	0
 1048 006e 08       		.uleb128 0x8
 1049 006f 898201   		.uleb128 0x4109
 1050 0072 00       		.byte	0
 1051 0073 11       		.uleb128 0x11
 1052 0074 01       		.uleb128 0x1
 1053 0075 31       		.uleb128 0x31
 1054 0076 13       		.uleb128 0x13
 1055 0077 00       		.byte	0
 1056 0078 00       		.byte	0
 1057 0079 09       		.uleb128 0x9
 1058 007a 898201   		.uleb128 0x4109
 1059 007d 01       		.byte	0x1
 1060 007e 11       		.uleb128 0x11
 1061 007f 01       		.uleb128 0x1
 1062 0080 31       		.uleb128 0x31
 1063 0081 13       		.uleb128 0x13
 1064 0082 01       		.uleb128 0x1
 1065 0083 13       		.uleb128 0x13
 1066 0084 00       		.byte	0
 1067 0085 00       		.byte	0
 1068 0086 0A       		.uleb128 0xa
 1069 0087 8A8201   		.uleb128 0x410a
 1070 008a 00       		.byte	0
 1071 008b 02       		.uleb128 0x2
 1072 008c 18       		.uleb128 0x18
 1073 008d 9142     		.uleb128 0x2111
 1074 008f 18       		.uleb128 0x18
 1075 0090 00       		.byte	0
 1076 0091 00       		.byte	0
 1077 0092 0B       		.uleb128 0xb
 1078 0093 898201   		.uleb128 0x4109
 1079 0096 01       		.byte	0x1
 1080 0097 11       		.uleb128 0x11
 1081 0098 01       		.uleb128 0x1
 1082 0099 31       		.uleb128 0x31
 1083 009a 13       		.uleb128 0x13
 1084 009b 00       		.byte	0
 1085 009c 00       		.byte	0
 1086 009d 0C       		.uleb128 0xc
 1087 009e 0F       		.uleb128 0xf
 1088 009f 00       		.byte	0
 1089 00a0 0B       		.uleb128 0xb
 1090 00a1 0B       		.uleb128 0xb
ARM GAS  C:\Users\MARCOD~1\AppData\Local\Temp\ccezw6ur.s 			page 23


 1091 00a2 49       		.uleb128 0x49
 1092 00a3 13       		.uleb128 0x13
 1093 00a4 00       		.byte	0
 1094 00a5 00       		.byte	0
 1095 00a6 0D       		.uleb128 0xd
 1096 00a7 34       		.uleb128 0x34
 1097 00a8 00       		.byte	0
 1098 00a9 03       		.uleb128 0x3
 1099 00aa 0E       		.uleb128 0xe
 1100 00ab 3A       		.uleb128 0x3a
 1101 00ac 0B       		.uleb128 0xb
 1102 00ad 3B       		.uleb128 0x3b
 1103 00ae 0B       		.uleb128 0xb
 1104 00af 49       		.uleb128 0x49
 1105 00b0 13       		.uleb128 0x13
 1106 00b1 3F       		.uleb128 0x3f
 1107 00b2 19       		.uleb128 0x19
 1108 00b3 02       		.uleb128 0x2
 1109 00b4 18       		.uleb128 0x18
 1110 00b5 00       		.byte	0
 1111 00b6 00       		.byte	0
 1112 00b7 0E       		.uleb128 0xe
 1113 00b8 01       		.uleb128 0x1
 1114 00b9 01       		.byte	0x1
 1115 00ba 49       		.uleb128 0x49
 1116 00bb 13       		.uleb128 0x13
 1117 00bc 01       		.uleb128 0x1
 1118 00bd 13       		.uleb128 0x13
 1119 00be 00       		.byte	0
 1120 00bf 00       		.byte	0
 1121 00c0 0F       		.uleb128 0xf
 1122 00c1 21       		.uleb128 0x21
 1123 00c2 00       		.byte	0
 1124 00c3 49       		.uleb128 0x49
 1125 00c4 13       		.uleb128 0x13
 1126 00c5 2F       		.uleb128 0x2f
 1127 00c6 0B       		.uleb128 0xb
 1128 00c7 00       		.byte	0
 1129 00c8 00       		.byte	0
 1130 00c9 10       		.uleb128 0x10
 1131 00ca 34       		.uleb128 0x34
 1132 00cb 00       		.byte	0
 1133 00cc 03       		.uleb128 0x3
 1134 00cd 0E       		.uleb128 0xe
 1135 00ce 3A       		.uleb128 0x3a
 1136 00cf 0B       		.uleb128 0xb
 1137 00d0 3B       		.uleb128 0x3b
 1138 00d1 05       		.uleb128 0x5
 1139 00d2 49       		.uleb128 0x49
 1140 00d3 13       		.uleb128 0x13
 1141 00d4 3F       		.uleb128 0x3f
 1142 00d5 19       		.uleb128 0x19
 1143 00d6 3C       		.uleb128 0x3c
 1144 00d7 19       		.uleb128 0x19
 1145 00d8 00       		.byte	0
 1146 00d9 00       		.byte	0
 1147 00da 11       		.uleb128 0x11
ARM GAS  C:\Users\MARCOD~1\AppData\Local\Temp\ccezw6ur.s 			page 24


 1148 00db 35       		.uleb128 0x35
 1149 00dc 00       		.byte	0
 1150 00dd 49       		.uleb128 0x49
 1151 00de 13       		.uleb128 0x13
 1152 00df 00       		.byte	0
 1153 00e0 00       		.byte	0
 1154 00e1 12       		.uleb128 0x12
 1155 00e2 2E       		.uleb128 0x2e
 1156 00e3 00       		.byte	0
 1157 00e4 3F       		.uleb128 0x3f
 1158 00e5 19       		.uleb128 0x19
 1159 00e6 3C       		.uleb128 0x3c
 1160 00e7 19       		.uleb128 0x19
 1161 00e8 6E       		.uleb128 0x6e
 1162 00e9 0E       		.uleb128 0xe
 1163 00ea 03       		.uleb128 0x3
 1164 00eb 0E       		.uleb128 0xe
 1165 00ec 3A       		.uleb128 0x3a
 1166 00ed 0B       		.uleb128 0xb
 1167 00ee 3B       		.uleb128 0x3b
 1168 00ef 0B       		.uleb128 0xb
 1169 00f0 00       		.byte	0
 1170 00f1 00       		.byte	0
 1171 00f2 00       		.byte	0
 1172              		.section	.debug_loc,"",%progbits
 1173              	.Ldebug_loc0:
 1174              	.LLST0:
 1175 0000 00000000 		.4byte	.LVL0
 1176 0004 07000000 		.4byte	.LVL1-1
 1177 0008 0100     		.2byte	0x1
 1178 000a 50       		.byte	0x50
 1179 000b 07000000 		.4byte	.LVL1-1
 1180 000f E2010000 		.4byte	.LVL9
 1181 0013 0100     		.2byte	0x1
 1182 0015 54       		.byte	0x54
 1183 0016 E2010000 		.4byte	.LVL9
 1184 001a F0010000 		.4byte	.LFE64
 1185 001e 0100     		.2byte	0x1
 1186 0020 50       		.byte	0x50
 1187 0021 00000000 		.4byte	0
 1188 0025 00000000 		.4byte	0
 1189              		.section	.debug_aranges,"",%progbits
 1190 0000 1C000000 		.4byte	0x1c
 1191 0004 0200     		.2byte	0x2
 1192 0006 00000000 		.4byte	.Ldebug_info0
 1193 000a 04       		.byte	0x4
 1194 000b 00       		.byte	0
 1195 000c 0000     		.2byte	0
 1196 000e 0000     		.2byte	0
 1197 0010 00000000 		.4byte	.LFB64
 1198 0014 F0010000 		.4byte	.LFE64-.LFB64
 1199 0018 00000000 		.4byte	0
 1200 001c 00000000 		.4byte	0
 1201              		.section	.debug_ranges,"",%progbits
 1202              	.Ldebug_ranges0:
 1203 0000 00000000 		.4byte	.LFB64
 1204 0004 F0010000 		.4byte	.LFE64
ARM GAS  C:\Users\MARCOD~1\AppData\Local\Temp\ccezw6ur.s 			page 25


 1205 0008 00000000 		.4byte	0
 1206 000c 00000000 		.4byte	0
 1207              		.section	.debug_line,"",%progbits
 1208              	.Ldebug_line0:
 1209 0000 1E020000 		.section	.debug_str,"MS",%progbits,1
 1209      0200BB01 
 1209      00000201 
 1209      FB0E0D00 
 1209      01010101 
 1210              	.LASF34:
 1211 0000 466C6167 		.ascii	"Flag_Programmed\000"
 1211      5F50726F 
 1211      6772616D 
 1211      6D656400 
 1212              	.LASF31:
 1213 0010 466C6167 		.ascii	"Flag_CV\000"
 1213      5F435600 
 1214              	.LASF42:
 1215 0018 73746174 		.ascii	"state\000"
 1215      6500
 1216              	.LASF46:
 1217 001e 55415254 		.ascii	"UART_ReadRxData\000"
 1217      5F526561 
 1217      64527844 
 1217      61746100 
 1218              	.LASF24:
 1219 002e 53746172 		.ascii	"StartCalibration\000"
 1219      7443616C 
 1219      69627261 
 1219      74696F6E 
 1219      00
 1220              	.LASF9:
 1221 003f 5F5F696E 		.ascii	"__int32_t\000"
 1221      7433325F 
 1221      7400
 1222              	.LASF4:
 1223 0049 6C6F6E67 		.ascii	"long int\000"
 1223      20696E74 
 1223      00
 1224              	.LASF3:
 1225 0052 73686F72 		.ascii	"short unsigned int\000"
 1225      7420756E 
 1225      7369676E 
 1225      65642069 
 1225      6E7400
 1226              	.LASF29:
 1227 0065 43726F6E 		.ascii	"Crono_Pot\000"
 1227      6F5F506F 
 1227      7400
 1228              	.LASF44:
 1229 006f 44617461 		.ascii	"DataValue\000"
 1229      56616C75 
 1229      6500
 1230              	.LASF36:
 1231 0079 466C6167 		.ascii	"Flag_Fifty\000"
 1231      5F466966 
 1231      747900
ARM GAS  C:\Users\MARCOD~1\AppData\Local\Temp\ccezw6ur.s 			page 26


 1232              	.LASF10:
 1233 0084 696E7433 		.ascii	"int32_t\000"
 1233      325F7400 
 1234              	.LASF14:
 1235 008c 666C6F61 		.ascii	"float\000"
 1235      7400
 1236              	.LASF32:
 1237 0092 466C6167 		.ascii	"Flag_Crono\000"
 1237      5F43726F 
 1237      6E6F00
 1238              	.LASF53:
 1239 009d 5C5C4D61 		.ascii	"\\\\Mac\\Dropbox\\Tesi\\Codice\\Tesi_Capodieci_DelP"
 1239      635C4472 
 1239      6F70626F 
 1239      785C5465 
 1239      73695C43 
 1240 00ca 72657465 		.ascii	"rete\\Albumin_Measurement_Pot\\Albumin_Measurement_"
 1240      5C416C62 
 1240      756D696E 
 1240      5F4D6561 
 1240      73757265 
 1241 00fb 506F7465 		.ascii	"Potentiostat.cydsn\000"
 1241      6E74696F 
 1241      73746174 
 1241      2E637964 
 1241      736E00
 1242              	.LASF25:
 1243 010e 466C6167 		.ascii	"Flag_SetV\000"
 1243      5F536574 
 1243      5600
 1244              	.LASF1:
 1245 0118 756E7369 		.ascii	"unsigned char\000"
 1245      676E6564 
 1245      20636861 
 1245      7200
 1246              	.LASF51:
 1247 0126 474E5520 		.ascii	"GNU C11 5.4.1 20160609 (release) [ARM/embedded-5-br"
 1247      43313120 
 1247      352E342E 
 1247      31203230 
 1247      31363036 
 1248 0159 616E6368 		.ascii	"anch revision 237715] -mcpu=cortex-m3 -mthumb -g -O"
 1248      20726576 
 1248      6973696F 
 1248      6E203233 
 1248      37373135 
 1249 018c 67202D66 		.ascii	"g -ffunction-sections -ffat-lto-objects\000"
 1249      66756E63 
 1249      74696F6E 
 1249      2D736563 
 1249      74696F6E 
 1250              	.LASF13:
 1251 01b4 696E7431 		.ascii	"int16\000"
 1251      3600
 1252              	.LASF5:
 1253 01ba 6C6F6E67 		.ascii	"long unsigned int\000"
 1253      20756E73 
ARM GAS  C:\Users\MARCOD~1\AppData\Local\Temp\ccezw6ur.s 			page 27


 1253      69676E65 
 1253      6420696E 
 1253      7400
 1254              	.LASF21:
 1255 01cc 44617461 		.ascii	"DataBuffer6\000"
 1255      42756666 
 1255      65723600 
 1256              	.LASF35:
 1257 01d8 466C6167 		.ascii	"Flag_Hundred\000"
 1257      5F48756E 
 1257      64726564 
 1257      00
 1258              	.LASF39:
 1259 01e5 49544D5F 		.ascii	"ITM_RxBuffer\000"
 1259      52784275 
 1259      66666572 
 1259      00
 1260              	.LASF15:
 1261 01f2 646F7562 		.ascii	"double\000"
 1261      6C6500
 1262              	.LASF27:
 1263 01f9 4E65675F 		.ascii	"Neg_Pot\000"
 1263      506F7400 
 1264              	.LASF12:
 1265 0201 75696E74 		.ascii	"uint16\000"
 1265      313600
 1266              	.LASF8:
 1267 0208 756E7369 		.ascii	"unsigned int\000"
 1267      676E6564 
 1267      20696E74 
 1267      00
 1268              	.LASF50:
 1269 0215 50696E5F 		.ascii	"Pin_LED_Write\000"
 1269      4C45445F 
 1269      57726974 
 1269      6500
 1270              	.LASF40:
 1271 0223 64617461 		.ascii	"data_received\000"
 1271      5F726563 
 1271      65697665 
 1271      6400
 1272              	.LASF7:
 1273 0231 6C6F6E67 		.ascii	"long long unsigned int\000"
 1273      206C6F6E 
 1273      6720756E 
 1273      7369676E 
 1273      65642069 
 1274              	.LASF38:
 1275 0248 466C6167 		.ascii	"Flag_Two_Period\000"
 1275      5F54776F 
 1275      5F506572 
 1275      696F6400 
 1276              	.LASF37:
 1277 0258 466C6167 		.ascii	"Flag_One_Period\000"
 1277      5F4F6E65 
 1277      5F506572 
 1277      696F6400 
ARM GAS  C:\Users\MARCOD~1\AppData\Local\Temp\ccezw6ur.s 			page 28


 1278              	.LASF33:
 1279 0268 466C6167 		.ascii	"Flag_DataCrono\000"
 1279      5F446174 
 1279      6143726F 
 1279      6E6F00
 1280              	.LASF48:
 1281 0277 50574D5F 		.ascii	"PWM_isr_WritePeriod\000"
 1281      6973725F 
 1281      57726974 
 1281      65506572 
 1281      696F6400 
 1282              	.LASF23:
 1283 028b 52656365 		.ascii	"Received_Ar\000"
 1283      69766564 
 1283      5F417200 
 1284              	.LASF17:
 1285 0297 6C6F6E67 		.ascii	"long double\000"
 1285      20646F75 
 1285      626C6500 
 1286              	.LASF18:
 1287 02a3 73697A65 		.ascii	"sizetype\000"
 1287      74797065 
 1287      00
 1288              	.LASF6:
 1289 02ac 6C6F6E67 		.ascii	"long long int\000"
 1289      206C6F6E 
 1289      6720696E 
 1289      7400
 1290              	.LASF26:
 1291 02ba 53746F70 		.ascii	"Stop\000"
 1291      00
 1292              	.LASF45:
 1293 02bf 50657269 		.ascii	"Period_Value\000"
 1293      6F645F56 
 1293      616C7565 
 1293      00
 1294              	.LASF28:
 1295 02cc 506F735F 		.ascii	"Pos_Pot\000"
 1295      506F7400 
 1296              	.LASF22:
 1297 02d4 53746172 		.ascii	"Start_Measure\000"
 1297      745F4D65 
 1297      61737572 
 1297      6500
 1298              	.LASF2:
 1299 02e2 73686F72 		.ascii	"short int\000"
 1299      7420696E 
 1299      7400
 1300              	.LASF43:
 1301 02ec 62756666 		.ascii	"buffer\000"
 1301      657200
 1302              	.LASF11:
 1303 02f3 75696E74 		.ascii	"uint8\000"
 1303      3800
 1304              	.LASF19:
 1305 02f9 466C6167 		.ascii	"Flag_Hn\000"
 1305      5F486E00 
ARM GAS  C:\Users\MARCOD~1\AppData\Local\Temp\ccezw6ur.s 			page 29


 1306              	.LASF16:
 1307 0301 63686172 		.ascii	"char\000"
 1307      00
 1308              	.LASF20:
 1309 0306 44617461 		.ascii	"DataBuffer\000"
 1309      42756666 
 1309      657200
 1310              	.LASF30:
 1311 0311 506F745F 		.ascii	"Pot_Range\000"
 1311      52616E67 
 1311      6500
 1312              	.LASF41:
 1313 031b 466C6167 		.ascii	"Flag_DataOK\000"
 1313      5F446174 
 1313      614F4B00 
 1314              	.LASF0:
 1315 0327 7369676E 		.ascii	"signed char\000"
 1315      65642063 
 1315      68617200 
 1316              	.LASF52:
 1317 0333 52785F48 		.ascii	"Rx_Hn.c\000"
 1317      6E2E6300 
 1318              	.LASF47:
 1319 033b 50574D5F 		.ascii	"PWM_isr_Sleep\000"
 1319      6973725F 
 1319      536C6565 
 1319      7000
 1320              	.LASF49:
 1321 0349 414D7578 		.ascii	"AMux_Electrodes_Select\000"
 1321      5F456C65 
 1321      6374726F 
 1321      6465735F 
 1321      53656C65 
 1322              	.LASF54:
 1323 0360 52785F48 		.ascii	"Rx_Handler\000"
 1323      616E646C 
 1323      657200
 1324              		.ident	"GCC: (GNU Tools for ARM Embedded Processors) 5.4.1 20160609 (release) [ARM/embedded-5-bran
