ARM GAS  C:\Users\MARCOD~1\AppData\Local\Temp\ccAg2drb.s 			page 1


   1              		.syntax unified
   2              		.cpu cortex-m3
   3              		.fpu softvfp
   4              		.eabi_attribute 20, 1
   5              		.eabi_attribute 21, 1
   6              		.eabi_attribute 23, 3
   7              		.eabi_attribute 24, 1
   8              		.eabi_attribute 25, 1
   9              		.eabi_attribute 26, 1
  10              		.eabi_attribute 30, 1
  11              		.eabi_attribute 34, 1
  12              		.eabi_attribute 18, 4
  13              		.thumb
  14              		.syntax unified
  15              		.file	"VoltageControl.c"
  16              		.text
  17              	.Ltext0:
  18              		.cfi_sections	.debug_frame
  19              		.section	.text.Custom_ISR_CV,"ax",%progbits
  20              		.align	2
  21              		.global	Custom_ISR_CV
  22              		.thumb
  23              		.thumb_func
  24              		.type	Custom_ISR_CV, %function
  25              	Custom_ISR_CV:
  26              	.LFB64:
  27              		.file 1 "VoltageControl.c"
   1:VoltageControl.c **** /* ========================================
   2:VoltageControl.c ****  *
   3:VoltageControl.c ****  * Copyright YOUR COMPANY, THE YEAR
   4:VoltageControl.c ****  * All Rights Reserved
   5:VoltageControl.c ****  * UNPUBLISHED, LICENSED SOFTWARE.
   6:VoltageControl.c ****  *
   7:VoltageControl.c ****  * CONFIDENTIAL AND PROPRIETARY INFORMATION
   8:VoltageControl.c ****  * WHICH IS THE PROPERTY OF your company.
   9:VoltageControl.c ****  *
  10:VoltageControl.c ****  * ========================================
  11:VoltageControl.c **** */
  12:VoltageControl.c **** #include "VoltageControl.h"
  13:VoltageControl.c **** #include "InterruptRoutines.h"
  14:VoltageControl.c **** #include "InterruptUART.h"
  15:VoltageControl.c **** #include "Rx_Hn.h"
  16:VoltageControl.c **** #include "project.h"
  17:VoltageControl.c **** 
  18:VoltageControl.c **** 
  19:VoltageControl.c **** uint8 Flag_Limit = 0;
  20:VoltageControl.c **** uint16 Value_mV = 0;
  21:VoltageControl.c **** uint8 value = 0; 
  22:VoltageControl.c **** uint8 Flag_Period = 0;
  23:VoltageControl.c **** uint8 Flag_Measure = 0;
  24:VoltageControl.c **** 
  25:VoltageControl.c **** /*
  26:VoltageControl.c **** Function that creates the triangular shape of the applied potential. 
  27:VoltageControl.c **** Starting from the initil value set by the user, the virtual mass id added
  28:VoltageControl.c **** and then a step potential of 3 mV until the maximum value set, after
  29:VoltageControl.c **** which the direction of the potential is reversed. Two period are repeted.
  30:VoltageControl.c **** */
ARM GAS  C:\Users\MARCOD~1\AppData\Local\Temp\ccAg2drb.s 			page 2


  31:VoltageControl.c **** 
  32:VoltageControl.c **** CY_ISR(Custom_ISR_CV)
  33:VoltageControl.c **** {
  28              		.loc 1 33 0
  29              		.cfi_startproc
  30              		@ args = 0, pretend = 0, frame = 0
  31              		@ frame_needed = 0, uses_anonymous_args = 0
  34:VoltageControl.c **** 
  35:VoltageControl.c ****  if ((Start_Measure == 1) & (Flag_CV == 1))
  32              		.loc 1 35 0
  33 0000 204B     		ldr	r3, .L7
  34 0002 1A78     		ldrb	r2, [r3]	@ zero_extendqisi2
  35 0004 204B     		ldr	r3, .L7+4
  36 0006 1B78     		ldrb	r3, [r3]	@ zero_extendqisi2
  37 0008 012A     		cmp	r2, #1
  38 000a 08BF     		it	eq
  39 000c 012B     		cmpeq	r3, #1
  40 000e 37D1     		bne	.L6
  33:VoltageControl.c **** 
  41              		.loc 1 33 0
  42 0010 10B5     		push	{r4, lr}
  43              		.cfi_def_cfa_offset 8
  44              		.cfi_offset 4, -8
  45              		.cfi_offset 14, -4
  36:VoltageControl.c ****     {
  37:VoltageControl.c ****        if(value == 0){
  46              		.loc 1 37 0
  47 0012 1E4B     		ldr	r3, .L7+8
  48 0014 1B78     		ldrb	r3, [r3]	@ zero_extendqisi2
  49 0016 3BB9     		cbnz	r3, .L3
  38:VoltageControl.c ****             Value_mV = 2000 + Neg_Pot;
  50              		.loc 1 38 0
  51 0018 1C4A     		ldr	r2, .L7+8
  52 001a 1D4B     		ldr	r3, .L7+12
  53 001c 1B88     		ldrh	r3, [r3]
  54 001e 03F5FA63 		add	r3, r3, #2000
  55 0022 5380     		strh	r3, [r2, #2]	@ movhi
  39:VoltageControl.c ****             value = 1;
  56              		.loc 1 39 0
  57 0024 0123     		movs	r3, #1
  58 0026 1370     		strb	r3, [r2]
  59              	.L3:
  40:VoltageControl.c ****        }
  41:VoltageControl.c ****     
  42:VoltageControl.c ****        DVDAC_SetV_SetValue(Value_mV); 
  60              		.loc 1 42 0
  61 0028 184C     		ldr	r4, .L7+8
  62 002a 6088     		ldrh	r0, [r4, #2]
  63 002c FFF7FEFF 		bl	DVDAC_SetV_SetValue
  64              	.LVL0:
  43:VoltageControl.c ****        Flag_Measure = 1;
  65              		.loc 1 43 0
  66 0030 0123     		movs	r3, #1
  67 0032 2371     		strb	r3, [r4, #4]
  44:VoltageControl.c ****     
  45:VoltageControl.c ****        //sprintf(DataBuffer6, "%hd\r\n", Value_mV);
  46:VoltageControl.c ****        //UART_PutString(DataBuffer6);
ARM GAS  C:\Users\MARCOD~1\AppData\Local\Temp\ccAg2drb.s 			page 3


  47:VoltageControl.c ****    
  48:VoltageControl.c ****         if(Flag_Limit == 0){
  68              		.loc 1 48 0
  69 0034 6379     		ldrb	r3, [r4, #5]	@ zero_extendqisi2
  70 0036 63B9     		cbnz	r3, .L4
  49:VoltageControl.c ****             Value_mV -= 3;
  71              		.loc 1 49 0
  72 0038 6388     		ldrh	r3, [r4, #2]
  73 003a 033B     		subs	r3, r3, #3
  74 003c 9BB2     		uxth	r3, r3
  75 003e 6380     		strh	r3, [r4, #2]	@ movhi
  50:VoltageControl.c ****             if(Value_mV < (2000 + Pos_Pot)){
  76              		.loc 1 50 0
  77 0040 144A     		ldr	r2, .L7+16
  78 0042 B2F90020 		ldrsh	r2, [r2]
  79 0046 02F5FA62 		add	r2, r2, #2000
  80 004a 9342     		cmp	r3, r2
  81 004c 01DA     		bge	.L4
  51:VoltageControl.c ****                 Flag_Limit = 1;
  82              		.loc 1 51 0
  83 004e 0122     		movs	r2, #1
  84 0050 6271     		strb	r2, [r4, #5]
  85              	.L4:
  52:VoltageControl.c ****             }
  53:VoltageControl.c ****         }
  54:VoltageControl.c ****             
  55:VoltageControl.c ****         if(Flag_Limit == 1){
  86              		.loc 1 55 0
  87 0052 0E4B     		ldr	r3, .L7+8
  88 0054 5B79     		ldrb	r3, [r3, #5]	@ zero_extendqisi2
  89 0056 012B     		cmp	r3, #1
  90 0058 11D1     		bne	.L1
  56:VoltageControl.c ****             Value_mV = Value_mV + 3;
  91              		.loc 1 56 0
  92 005a 0C4A     		ldr	r2, .L7+8
  93 005c 5388     		ldrh	r3, [r2, #2]
  94 005e 0333     		adds	r3, r3, #3
  95 0060 9BB2     		uxth	r3, r3
  96 0062 5380     		strh	r3, [r2, #2]	@ movhi
  57:VoltageControl.c ****             if(Value_mV >= (2000 + Neg_Pot)){
  97              		.loc 1 57 0
  98 0064 0A4A     		ldr	r2, .L7+12
  99 0066 B2F90020 		ldrsh	r2, [r2]
 100 006a 02F5FA62 		add	r2, r2, #2000
 101 006e 9342     		cmp	r3, r2
 102 0070 05DB     		blt	.L1
  58:VoltageControl.c ****                 Flag_Limit = 0;
 103              		.loc 1 58 0
 104 0072 064B     		ldr	r3, .L7+8
 105 0074 0022     		movs	r2, #0
 106 0076 5A71     		strb	r2, [r3, #5]
  59:VoltageControl.c ****                 Flag_Period ++;
 107              		.loc 1 59 0
 108 0078 9A79     		ldrb	r2, [r3, #6]	@ zero_extendqisi2
 109 007a 0132     		adds	r2, r2, #1
 110 007c 9A71     		strb	r2, [r3, #6]
 111              	.L1:
ARM GAS  C:\Users\MARCOD~1\AppData\Local\Temp\ccAg2drb.s 			page 4


 112 007e 10BD     		pop	{r4, pc}
 113              	.L6:
 114              		.cfi_def_cfa_offset 0
 115              		.cfi_restore 4
 116              		.cfi_restore 14
 117 0080 7047     		bx	lr
 118              	.L8:
 119 0082 00BF     		.align	2
 120              	.L7:
 121 0084 00000000 		.word	Start_Measure
 122 0088 00000000 		.word	Flag_CV
 123 008c 00000000 		.word	.LANCHOR0
 124 0090 00000000 		.word	Neg_Pot
 125 0094 00000000 		.word	Pos_Pot
 126              		.cfi_endproc
 127              	.LFE64:
 128              		.size	Custom_ISR_CV, .-Custom_ISR_CV
 129              		.comm	Flag_Two_Period,1,1
 130              		.comm	Flag_One_Period,1,1
 131              		.comm	Flag_Fifty,1,1
 132              		.comm	Flag_Hundred,1,1
 133              		.comm	Flag_Programmed,1,1
 134              		.comm	Flag_DataCrono,1,1
 135              		.comm	Flag_Crono,1,1
 136              		.comm	Flag_CV,1,1
 137              		.comm	Pot_Range,2,2
 138              		.comm	Crono_Pot,2,2
 139              		.comm	Pos_Pot,2,2
 140              		.comm	Neg_Pot,2,2
 141              		.comm	Stop,1,1
 142              		.comm	Flag_SetV,1,1
 143              		.comm	StartCalibration,1,1
 144              		.comm	Received_Ar,4,4
 145              		.comm	Flag_Hn,1,1
 146              		.comm	Start_Measure,1,1
 147              		.comm	DataBuffer6,64,4
 148              		.comm	DataBuffer,4,4
 149              		.global	value
 150              		.global	Flag_Measure
 151              		.global	Value_mV
 152              		.global	Flag_Limit
 153              		.global	Flag_Period
 154              		.comm	BufferDataSend,10664,4
 155              		.bss
 156              		.align	1
 157              		.set	.LANCHOR0,. + 0
 158              		.type	value, %object
 159              		.size	value, 1
 160              	value:
 161 0000 00       		.space	1
 162 0001 00       		.space	1
 163              		.type	Value_mV, %object
 164              		.size	Value_mV, 2
 165              	Value_mV:
 166 0002 0000     		.space	2
 167              		.type	Flag_Measure, %object
 168              		.size	Flag_Measure, 1
ARM GAS  C:\Users\MARCOD~1\AppData\Local\Temp\ccAg2drb.s 			page 5


 169              	Flag_Measure:
 170 0004 00       		.space	1
 171              		.type	Flag_Limit, %object
 172              		.size	Flag_Limit, 1
 173              	Flag_Limit:
 174 0005 00       		.space	1
 175              		.type	Flag_Period, %object
 176              		.size	Flag_Period, 1
 177              	Flag_Period:
 178 0006 00       		.space	1
 179              		.text
 180              	.Letext0:
 181              		.file 2 "c:\\program files (x86)\\cypress\\psoc creator\\4.4\\psoc creator\\import\\gnu\\arm\\5.4.
 182              		.file 3 "c:\\program files (x86)\\cypress\\psoc creator\\4.4\\psoc creator\\import\\gnu\\arm\\5.4.
 183              		.file 4 "Generated_Source\\PSoC5/cytypes.h"
 184              		.file 5 "VoltageControl.h"
 185              		.file 6 "InterruptRoutines.h"
 186              		.file 7 "InterruptUART.h"
 187              		.file 8 "Rx_Hn.h"
 188              		.file 9 "Generated_Source\\PSoC5/core_cm3.h"
 189              		.file 10 "Generated_Source\\PSoC5/DVDAC_SetV.h"
 190              		.section	.debug_info,"",%progbits
 191              	.Ldebug_info0:
 192 0000 07030000 		.4byte	0x307
 193 0004 0400     		.2byte	0x4
 194 0006 00000000 		.4byte	.Ldebug_abbrev0
 195 000a 04       		.byte	0x4
 196 000b 01       		.uleb128 0x1
 197 000c 2C010000 		.4byte	.LASF47
 198 0010 0C       		.byte	0xc
 199 0011 9C020000 		.4byte	.LASF48
 200 0015 09000000 		.4byte	.LASF49
 201 0019 00000000 		.4byte	.Ldebug_ranges0+0
 202 001d 00000000 		.4byte	0
 203 0021 00000000 		.4byte	.Ldebug_line0
 204 0025 02       		.uleb128 0x2
 205 0026 01       		.byte	0x1
 206 0027 06       		.byte	0x6
 207 0028 23030000 		.4byte	.LASF0
 208 002c 02       		.uleb128 0x2
 209 002d 01       		.byte	0x1
 210 002e 08       		.byte	0x8
 211 002f 1E010000 		.4byte	.LASF1
 212 0033 02       		.uleb128 0x2
 213 0034 02       		.byte	0x2
 214 0035 05       		.byte	0x5
 215 0036 E8020000 		.4byte	.LASF2
 216 003a 02       		.uleb128 0x2
 217 003b 02       		.byte	0x2
 218 003c 07       		.byte	0x7
 219 003d C8000000 		.4byte	.LASF3
 220 0041 03       		.uleb128 0x3
 221 0042 B5000000 		.4byte	.LASF9
 222 0046 02       		.byte	0x2
 223 0047 3F       		.byte	0x3f
 224 0048 4C000000 		.4byte	0x4c
 225 004c 02       		.uleb128 0x2
ARM GAS  C:\Users\MARCOD~1\AppData\Local\Temp\ccAg2drb.s 			page 6


 226 004d 04       		.byte	0x4
 227 004e 05       		.byte	0x5
 228 004f BF000000 		.4byte	.LASF4
 229 0053 02       		.uleb128 0x2
 230 0054 04       		.byte	0x4
 231 0055 07       		.byte	0x7
 232 0056 C0010000 		.4byte	.LASF5
 233 005a 02       		.uleb128 0x2
 234 005b 08       		.byte	0x8
 235 005c 05       		.byte	0x5
 236 005d AD020000 		.4byte	.LASF6
 237 0061 02       		.uleb128 0x2
 238 0062 08       		.byte	0x8
 239 0063 07       		.byte	0x7
 240 0064 27020000 		.4byte	.LASF7
 241 0068 04       		.uleb128 0x4
 242 0069 04       		.byte	0x4
 243 006a 05       		.byte	0x5
 244 006b 696E7400 		.ascii	"int\000"
 245 006f 02       		.uleb128 0x2
 246 0070 04       		.byte	0x4
 247 0071 07       		.byte	0x7
 248 0072 1A020000 		.4byte	.LASF8
 249 0076 03       		.uleb128 0x3
 250 0077 F0000000 		.4byte	.LASF10
 251 007b 03       		.byte	0x3
 252 007c 2C       		.byte	0x2c
 253 007d 41000000 		.4byte	0x41
 254 0081 05       		.uleb128 0x5
 255 0082 00030000 		.4byte	.LASF11
 256 0086 04       		.byte	0x4
 257 0087 E901     		.2byte	0x1e9
 258 0089 2C000000 		.4byte	0x2c
 259 008d 05       		.uleb128 0x5
 260 008e 13020000 		.4byte	.LASF12
 261 0092 04       		.byte	0x4
 262 0093 EA01     		.2byte	0x1ea
 263 0095 3A000000 		.4byte	0x3a
 264 0099 05       		.uleb128 0x5
 265 009a BA010000 		.4byte	.LASF13
 266 009e 04       		.byte	0x4
 267 009f ED01     		.2byte	0x1ed
 268 00a1 33000000 		.4byte	0x33
 269 00a5 05       		.uleb128 0x5
 270 00a6 8D020000 		.4byte	.LASF14
 271 00aa 04       		.byte	0x4
 272 00ab EE01     		.2byte	0x1ee
 273 00ad 4C000000 		.4byte	0x4c
 274 00b1 02       		.uleb128 0x2
 275 00b2 04       		.byte	0x4
 276 00b3 04       		.byte	0x4
 277 00b4 F8000000 		.4byte	.LASF15
 278 00b8 02       		.uleb128 0x2
 279 00b9 08       		.byte	0x8
 280 00ba 04       		.byte	0x4
 281 00bb F8010000 		.4byte	.LASF16
 282 00bf 02       		.uleb128 0x2
ARM GAS  C:\Users\MARCOD~1\AppData\Local\Temp\ccAg2drb.s 			page 7


 283 00c0 01       		.byte	0x1
 284 00c1 08       		.byte	0x8
 285 00c2 CD020000 		.4byte	.LASF17
 286 00c6 02       		.uleb128 0x2
 287 00c7 08       		.byte	0x8
 288 00c8 04       		.byte	0x4
 289 00c9 07020000 		.4byte	.LASF18
 290 00cd 02       		.uleb128 0x2
 291 00ce 04       		.byte	0x4
 292 00cf 07       		.byte	0x7
 293 00d0 93020000 		.4byte	.LASF19
 294 00d4 06       		.uleb128 0x6
 295 00d5 F2020000 		.4byte	.LASF50
 296 00d9 01       		.byte	0x1
 297 00da 20       		.byte	0x20
 298 00db 00000000 		.4byte	.LFB64
 299 00df 98000000 		.4byte	.LFE64-.LFB64
 300 00e3 01       		.uleb128 0x1
 301 00e4 9C       		.byte	0x9c
 302 00e5 F3000000 		.4byte	0xf3
 303 00e9 07       		.uleb128 0x7
 304 00ea 30000000 		.4byte	.LVL0
 305 00ee FF020000 		.4byte	0x2ff
 306 00f2 00       		.byte	0
 307 00f3 08       		.uleb128 0x8
 308 00f4 A5000000 		.4byte	0xa5
 309 00f8 04010000 		.4byte	0x104
 310 00fc 09       		.uleb128 0x9
 311 00fd CD000000 		.4byte	0xcd
 312 0101 690A     		.2byte	0xa69
 313 0103 00       		.byte	0
 314 0104 0A       		.uleb128 0xa
 315 0105 2F030000 		.4byte	.LASF20
 316 0109 05       		.byte	0x5
 317 010a 1B       		.byte	0x1b
 318 010b F3000000 		.4byte	0xf3
 319 010f 05       		.uleb128 0x5
 320 0110 03       		.byte	0x3
 321 0111 00000000 		.4byte	BufferDataSend
 322 0115 0A       		.uleb128 0xa
 323 0116 92000000 		.4byte	.LASF21
 324 011a 01       		.byte	0x1
 325 011b 16       		.byte	0x16
 326 011c 81000000 		.4byte	0x81
 327 0120 05       		.uleb128 0x5
 328 0121 03       		.byte	0x3
 329 0122 00000000 		.4byte	Flag_Period
 330 0126 0A       		.uleb128 0xa
 331 0127 09010000 		.4byte	.LASF22
 332 012b 01       		.byte	0x1
 333 012c 13       		.byte	0x13
 334 012d 81000000 		.4byte	0x81
 335 0131 05       		.uleb128 0x5
 336 0132 03       		.byte	0x3
 337 0133 00000000 		.4byte	Flag_Limit
 338 0137 0A       		.uleb128 0xa
 339 0138 00000000 		.4byte	.LASF23
ARM GAS  C:\Users\MARCOD~1\AppData\Local\Temp\ccAg2drb.s 			page 8


 340 013c 01       		.byte	0x1
 341 013d 14       		.byte	0x14
 342 013e 8D000000 		.4byte	0x8d
 343 0142 05       		.uleb128 0x5
 344 0143 03       		.byte	0x3
 345 0144 00000000 		.4byte	Value_mV
 346 0148 0A       		.uleb128 0xa
 347 0149 C0020000 		.4byte	.LASF24
 348 014d 01       		.byte	0x1
 349 014e 17       		.byte	0x17
 350 014f 81000000 		.4byte	0x81
 351 0153 05       		.uleb128 0x5
 352 0154 03       		.byte	0x3
 353 0155 00000000 		.4byte	Flag_Measure
 354 0159 0A       		.uleb128 0xa
 355 015a AF000000 		.4byte	.LASF25
 356 015e 01       		.byte	0x1
 357 015f 15       		.byte	0x15
 358 0160 81000000 		.4byte	0x81
 359 0164 05       		.uleb128 0x5
 360 0165 03       		.byte	0x3
 361 0166 00000000 		.4byte	value
 362 016a 08       		.uleb128 0x8
 363 016b 81000000 		.4byte	0x81
 364 016f 7A010000 		.4byte	0x17a
 365 0173 0B       		.uleb128 0xb
 366 0174 CD000000 		.4byte	0xcd
 367 0178 03       		.byte	0x3
 368 0179 00       		.byte	0
 369 017a 0A       		.uleb128 0xa
 370 017b 0E030000 		.4byte	.LASF26
 371 017f 06       		.byte	0x6
 372 0180 13       		.byte	0x13
 373 0181 6A010000 		.4byte	0x16a
 374 0185 05       		.uleb128 0x5
 375 0186 03       		.byte	0x3
 376 0187 00000000 		.4byte	DataBuffer
 377 018b 08       		.uleb128 0x8
 378 018c BF000000 		.4byte	0xbf
 379 0190 9B010000 		.4byte	0x19b
 380 0194 0B       		.uleb128 0xb
 381 0195 CD000000 		.4byte	0xcd
 382 0199 3F       		.byte	0x3f
 383 019a 00       		.byte	0
 384 019b 0A       		.uleb128 0xa
 385 019c D2010000 		.4byte	.LASF27
 386 01a0 06       		.byte	0x6
 387 01a1 14       		.byte	0x14
 388 01a2 8B010000 		.4byte	0x18b
 389 01a6 05       		.uleb128 0x5
 390 01a7 03       		.byte	0x3
 391 01a8 00000000 		.4byte	DataBuffer6
 392 01ac 0A       		.uleb128 0xa
 393 01ad DA020000 		.4byte	.LASF28
 394 01b1 06       		.byte	0x6
 395 01b2 17       		.byte	0x17
 396 01b3 81000000 		.4byte	0x81
ARM GAS  C:\Users\MARCOD~1\AppData\Local\Temp\ccAg2drb.s 			page 9


 397 01b7 05       		.uleb128 0x5
 398 01b8 03       		.byte	0x3
 399 01b9 00000000 		.4byte	Start_Measure
 400 01bd 0A       		.uleb128 0xa
 401 01be 06030000 		.4byte	.LASF29
 402 01c2 07       		.byte	0x7
 403 01c3 14       		.byte	0x14
 404 01c4 81000000 		.4byte	0x81
 405 01c8 05       		.uleb128 0x5
 406 01c9 03       		.byte	0x3
 407 01ca 00000000 		.4byte	Flag_Hn
 408 01ce 08       		.uleb128 0x8
 409 01cf 8D000000 		.4byte	0x8d
 410 01d3 DE010000 		.4byte	0x1de
 411 01d7 0B       		.uleb128 0xb
 412 01d8 CD000000 		.4byte	0xcd
 413 01dc 01       		.byte	0x1
 414 01dd 00       		.byte	0
 415 01de 0A       		.uleb128 0xa
 416 01df 81020000 		.4byte	.LASF30
 417 01e3 08       		.byte	0x8
 418 01e4 12       		.byte	0x12
 419 01e5 CE010000 		.4byte	0x1ce
 420 01e9 05       		.uleb128 0x5
 421 01ea 03       		.byte	0x3
 422 01eb 00000000 		.4byte	Received_Ar
 423 01ef 0A       		.uleb128 0xa
 424 01f0 9E000000 		.4byte	.LASF31
 425 01f4 08       		.byte	0x8
 426 01f5 15       		.byte	0x15
 427 01f6 81000000 		.4byte	0x81
 428 01fa 05       		.uleb128 0x5
 429 01fb 03       		.byte	0x3
 430 01fc 00000000 		.4byte	StartCalibration
 431 0200 0A       		.uleb128 0xa
 432 0201 14010000 		.4byte	.LASF32
 433 0205 08       		.byte	0x8
 434 0206 16       		.byte	0x16
 435 0207 81000000 		.4byte	0x81
 436 020b 05       		.uleb128 0x5
 437 020c 03       		.byte	0x3
 438 020d 00000000 		.4byte	Flag_SetV
 439 0211 0A       		.uleb128 0xa
 440 0212 BB020000 		.4byte	.LASF33
 441 0216 08       		.byte	0x8
 442 0217 17       		.byte	0x17
 443 0218 81000000 		.4byte	0x81
 444 021c 05       		.uleb128 0x5
 445 021d 03       		.byte	0x3
 446 021e 00000000 		.4byte	Stop
 447 0222 0A       		.uleb128 0xa
 448 0223 FF010000 		.4byte	.LASF34
 449 0227 08       		.byte	0x8
 450 0228 18       		.byte	0x18
 451 0229 99000000 		.4byte	0x99
 452 022d 05       		.uleb128 0x5
 453 022e 03       		.byte	0x3
ARM GAS  C:\Users\MARCOD~1\AppData\Local\Temp\ccAg2drb.s 			page 10


 454 022f 00000000 		.4byte	Neg_Pot
 455 0233 0A       		.uleb128 0xa
 456 0234 D2020000 		.4byte	.LASF35
 457 0238 08       		.byte	0x8
 458 0239 19       		.byte	0x19
 459 023a 99000000 		.4byte	0x99
 460 023e 05       		.uleb128 0x5
 461 023f 03       		.byte	0x3
 462 0240 00000000 		.4byte	Pos_Pot
 463 0244 0A       		.uleb128 0xa
 464 0245 DB000000 		.4byte	.LASF36
 465 0249 08       		.byte	0x8
 466 024a 1A       		.byte	0x1a
 467 024b 99000000 		.4byte	0x99
 468 024f 05       		.uleb128 0x5
 469 0250 03       		.byte	0x3
 470 0251 00000000 		.4byte	Crono_Pot
 471 0255 0A       		.uleb128 0xa
 472 0256 19030000 		.4byte	.LASF37
 473 025a 08       		.byte	0x8
 474 025b 1B       		.byte	0x1b
 475 025c 8D000000 		.4byte	0x8d
 476 0260 05       		.uleb128 0x5
 477 0261 03       		.byte	0x3
 478 0262 00000000 		.4byte	Pot_Range
 479 0266 0A       		.uleb128 0xa
 480 0267 8A000000 		.4byte	.LASF38
 481 026b 08       		.byte	0x8
 482 026c 1C       		.byte	0x1c
 483 026d 81000000 		.4byte	0x81
 484 0271 05       		.uleb128 0x5
 485 0272 03       		.byte	0x3
 486 0273 00000000 		.4byte	Flag_CV
 487 0277 0A       		.uleb128 0xa
 488 0278 FE000000 		.4byte	.LASF39
 489 027c 08       		.byte	0x8
 490 027d 1D       		.byte	0x1d
 491 027e 81000000 		.4byte	0x81
 492 0282 05       		.uleb128 0x5
 493 0283 03       		.byte	0x3
 494 0284 00000000 		.4byte	Flag_Crono
 495 0288 0A       		.uleb128 0xa
 496 0289 72020000 		.4byte	.LASF40
 497 028d 08       		.byte	0x8
 498 028e 1E       		.byte	0x1e
 499 028f 81000000 		.4byte	0x81
 500 0293 05       		.uleb128 0x5
 501 0294 03       		.byte	0x3
 502 0295 00000000 		.4byte	Flag_DataCrono
 503 0299 0A       		.uleb128 0xa
 504 029a 7A000000 		.4byte	.LASF41
 505 029e 08       		.byte	0x8
 506 029f 1F       		.byte	0x1f
 507 02a0 81000000 		.4byte	0x81
 508 02a4 05       		.uleb128 0x5
 509 02a5 03       		.byte	0x3
 510 02a6 00000000 		.4byte	Flag_Programmed
ARM GAS  C:\Users\MARCOD~1\AppData\Local\Temp\ccAg2drb.s 			page 11


 511 02aa 0A       		.uleb128 0xa
 512 02ab DE010000 		.4byte	.LASF42
 513 02af 08       		.byte	0x8
 514 02b0 20       		.byte	0x20
 515 02b1 81000000 		.4byte	0x81
 516 02b5 05       		.uleb128 0x5
 517 02b6 03       		.byte	0x3
 518 02b7 00000000 		.4byte	Flag_Hundred
 519 02bb 0A       		.uleb128 0xa
 520 02bc E5000000 		.4byte	.LASF43
 521 02c0 08       		.byte	0x8
 522 02c1 21       		.byte	0x21
 523 02c2 81000000 		.4byte	0x81
 524 02c6 05       		.uleb128 0x5
 525 02c7 03       		.byte	0x3
 526 02c8 00000000 		.4byte	Flag_Fifty
 527 02cc 0A       		.uleb128 0xa
 528 02cd 62020000 		.4byte	.LASF44
 529 02d1 08       		.byte	0x8
 530 02d2 22       		.byte	0x22
 531 02d3 81000000 		.4byte	0x81
 532 02d7 05       		.uleb128 0x5
 533 02d8 03       		.byte	0x3
 534 02d9 00000000 		.4byte	Flag_One_Period
 535 02dd 0A       		.uleb128 0xa
 536 02de 52020000 		.4byte	.LASF45
 537 02e2 08       		.byte	0x8
 538 02e3 23       		.byte	0x23
 539 02e4 81000000 		.4byte	0x81
 540 02e8 05       		.uleb128 0x5
 541 02e9 03       		.byte	0x3
 542 02ea 00000000 		.4byte	Flag_Two_Period
 543 02ee 0C       		.uleb128 0xc
 544 02ef EB010000 		.4byte	.LASF46
 545 02f3 09       		.byte	0x9
 546 02f4 1207     		.2byte	0x712
 547 02f6 FA020000 		.4byte	0x2fa
 548 02fa 0D       		.uleb128 0xd
 549 02fb 76000000 		.4byte	0x76
 550 02ff 0E       		.uleb128 0xe
 551 0300 3E020000 		.4byte	.LASF51
 552 0304 3E020000 		.4byte	.LASF51
 553 0308 0A       		.byte	0xa
 554 0309 4A       		.byte	0x4a
 555 030a 00       		.byte	0
 556              		.section	.debug_abbrev,"",%progbits
 557              	.Ldebug_abbrev0:
 558 0000 01       		.uleb128 0x1
 559 0001 11       		.uleb128 0x11
 560 0002 01       		.byte	0x1
 561 0003 25       		.uleb128 0x25
 562 0004 0E       		.uleb128 0xe
 563 0005 13       		.uleb128 0x13
 564 0006 0B       		.uleb128 0xb
 565 0007 03       		.uleb128 0x3
 566 0008 0E       		.uleb128 0xe
 567 0009 1B       		.uleb128 0x1b
ARM GAS  C:\Users\MARCOD~1\AppData\Local\Temp\ccAg2drb.s 			page 12


 568 000a 0E       		.uleb128 0xe
 569 000b 55       		.uleb128 0x55
 570 000c 17       		.uleb128 0x17
 571 000d 11       		.uleb128 0x11
 572 000e 01       		.uleb128 0x1
 573 000f 10       		.uleb128 0x10
 574 0010 17       		.uleb128 0x17
 575 0011 00       		.byte	0
 576 0012 00       		.byte	0
 577 0013 02       		.uleb128 0x2
 578 0014 24       		.uleb128 0x24
 579 0015 00       		.byte	0
 580 0016 0B       		.uleb128 0xb
 581 0017 0B       		.uleb128 0xb
 582 0018 3E       		.uleb128 0x3e
 583 0019 0B       		.uleb128 0xb
 584 001a 03       		.uleb128 0x3
 585 001b 0E       		.uleb128 0xe
 586 001c 00       		.byte	0
 587 001d 00       		.byte	0
 588 001e 03       		.uleb128 0x3
 589 001f 16       		.uleb128 0x16
 590 0020 00       		.byte	0
 591 0021 03       		.uleb128 0x3
 592 0022 0E       		.uleb128 0xe
 593 0023 3A       		.uleb128 0x3a
 594 0024 0B       		.uleb128 0xb
 595 0025 3B       		.uleb128 0x3b
 596 0026 0B       		.uleb128 0xb
 597 0027 49       		.uleb128 0x49
 598 0028 13       		.uleb128 0x13
 599 0029 00       		.byte	0
 600 002a 00       		.byte	0
 601 002b 04       		.uleb128 0x4
 602 002c 24       		.uleb128 0x24
 603 002d 00       		.byte	0
 604 002e 0B       		.uleb128 0xb
 605 002f 0B       		.uleb128 0xb
 606 0030 3E       		.uleb128 0x3e
 607 0031 0B       		.uleb128 0xb
 608 0032 03       		.uleb128 0x3
 609 0033 08       		.uleb128 0x8
 610 0034 00       		.byte	0
 611 0035 00       		.byte	0
 612 0036 05       		.uleb128 0x5
 613 0037 16       		.uleb128 0x16
 614 0038 00       		.byte	0
 615 0039 03       		.uleb128 0x3
 616 003a 0E       		.uleb128 0xe
 617 003b 3A       		.uleb128 0x3a
 618 003c 0B       		.uleb128 0xb
 619 003d 3B       		.uleb128 0x3b
 620 003e 05       		.uleb128 0x5
 621 003f 49       		.uleb128 0x49
 622 0040 13       		.uleb128 0x13
 623 0041 00       		.byte	0
 624 0042 00       		.byte	0
ARM GAS  C:\Users\MARCOD~1\AppData\Local\Temp\ccAg2drb.s 			page 13


 625 0043 06       		.uleb128 0x6
 626 0044 2E       		.uleb128 0x2e
 627 0045 01       		.byte	0x1
 628 0046 3F       		.uleb128 0x3f
 629 0047 19       		.uleb128 0x19
 630 0048 03       		.uleb128 0x3
 631 0049 0E       		.uleb128 0xe
 632 004a 3A       		.uleb128 0x3a
 633 004b 0B       		.uleb128 0xb
 634 004c 3B       		.uleb128 0x3b
 635 004d 0B       		.uleb128 0xb
 636 004e 27       		.uleb128 0x27
 637 004f 19       		.uleb128 0x19
 638 0050 11       		.uleb128 0x11
 639 0051 01       		.uleb128 0x1
 640 0052 12       		.uleb128 0x12
 641 0053 06       		.uleb128 0x6
 642 0054 40       		.uleb128 0x40
 643 0055 18       		.uleb128 0x18
 644 0056 9742     		.uleb128 0x2117
 645 0058 19       		.uleb128 0x19
 646 0059 01       		.uleb128 0x1
 647 005a 13       		.uleb128 0x13
 648 005b 00       		.byte	0
 649 005c 00       		.byte	0
 650 005d 07       		.uleb128 0x7
 651 005e 898201   		.uleb128 0x4109
 652 0061 00       		.byte	0
 653 0062 11       		.uleb128 0x11
 654 0063 01       		.uleb128 0x1
 655 0064 31       		.uleb128 0x31
 656 0065 13       		.uleb128 0x13
 657 0066 00       		.byte	0
 658 0067 00       		.byte	0
 659 0068 08       		.uleb128 0x8
 660 0069 01       		.uleb128 0x1
 661 006a 01       		.byte	0x1
 662 006b 49       		.uleb128 0x49
 663 006c 13       		.uleb128 0x13
 664 006d 01       		.uleb128 0x1
 665 006e 13       		.uleb128 0x13
 666 006f 00       		.byte	0
 667 0070 00       		.byte	0
 668 0071 09       		.uleb128 0x9
 669 0072 21       		.uleb128 0x21
 670 0073 00       		.byte	0
 671 0074 49       		.uleb128 0x49
 672 0075 13       		.uleb128 0x13
 673 0076 2F       		.uleb128 0x2f
 674 0077 05       		.uleb128 0x5
 675 0078 00       		.byte	0
 676 0079 00       		.byte	0
 677 007a 0A       		.uleb128 0xa
 678 007b 34       		.uleb128 0x34
 679 007c 00       		.byte	0
 680 007d 03       		.uleb128 0x3
 681 007e 0E       		.uleb128 0xe
ARM GAS  C:\Users\MARCOD~1\AppData\Local\Temp\ccAg2drb.s 			page 14


 682 007f 3A       		.uleb128 0x3a
 683 0080 0B       		.uleb128 0xb
 684 0081 3B       		.uleb128 0x3b
 685 0082 0B       		.uleb128 0xb
 686 0083 49       		.uleb128 0x49
 687 0084 13       		.uleb128 0x13
 688 0085 3F       		.uleb128 0x3f
 689 0086 19       		.uleb128 0x19
 690 0087 02       		.uleb128 0x2
 691 0088 18       		.uleb128 0x18
 692 0089 00       		.byte	0
 693 008a 00       		.byte	0
 694 008b 0B       		.uleb128 0xb
 695 008c 21       		.uleb128 0x21
 696 008d 00       		.byte	0
 697 008e 49       		.uleb128 0x49
 698 008f 13       		.uleb128 0x13
 699 0090 2F       		.uleb128 0x2f
 700 0091 0B       		.uleb128 0xb
 701 0092 00       		.byte	0
 702 0093 00       		.byte	0
 703 0094 0C       		.uleb128 0xc
 704 0095 34       		.uleb128 0x34
 705 0096 00       		.byte	0
 706 0097 03       		.uleb128 0x3
 707 0098 0E       		.uleb128 0xe
 708 0099 3A       		.uleb128 0x3a
 709 009a 0B       		.uleb128 0xb
 710 009b 3B       		.uleb128 0x3b
 711 009c 05       		.uleb128 0x5
 712 009d 49       		.uleb128 0x49
 713 009e 13       		.uleb128 0x13
 714 009f 3F       		.uleb128 0x3f
 715 00a0 19       		.uleb128 0x19
 716 00a1 3C       		.uleb128 0x3c
 717 00a2 19       		.uleb128 0x19
 718 00a3 00       		.byte	0
 719 00a4 00       		.byte	0
 720 00a5 0D       		.uleb128 0xd
 721 00a6 35       		.uleb128 0x35
 722 00a7 00       		.byte	0
 723 00a8 49       		.uleb128 0x49
 724 00a9 13       		.uleb128 0x13
 725 00aa 00       		.byte	0
 726 00ab 00       		.byte	0
 727 00ac 0E       		.uleb128 0xe
 728 00ad 2E       		.uleb128 0x2e
 729 00ae 00       		.byte	0
 730 00af 3F       		.uleb128 0x3f
 731 00b0 19       		.uleb128 0x19
 732 00b1 3C       		.uleb128 0x3c
 733 00b2 19       		.uleb128 0x19
 734 00b3 6E       		.uleb128 0x6e
 735 00b4 0E       		.uleb128 0xe
 736 00b5 03       		.uleb128 0x3
 737 00b6 0E       		.uleb128 0xe
 738 00b7 3A       		.uleb128 0x3a
ARM GAS  C:\Users\MARCOD~1\AppData\Local\Temp\ccAg2drb.s 			page 15


 739 00b8 0B       		.uleb128 0xb
 740 00b9 3B       		.uleb128 0x3b
 741 00ba 0B       		.uleb128 0xb
 742 00bb 00       		.byte	0
 743 00bc 00       		.byte	0
 744 00bd 00       		.byte	0
 745              		.section	.debug_aranges,"",%progbits
 746 0000 1C000000 		.4byte	0x1c
 747 0004 0200     		.2byte	0x2
 748 0006 00000000 		.4byte	.Ldebug_info0
 749 000a 04       		.byte	0x4
 750 000b 00       		.byte	0
 751 000c 0000     		.2byte	0
 752 000e 0000     		.2byte	0
 753 0010 00000000 		.4byte	.LFB64
 754 0014 98000000 		.4byte	.LFE64-.LFB64
 755 0018 00000000 		.4byte	0
 756 001c 00000000 		.4byte	0
 757              		.section	.debug_ranges,"",%progbits
 758              	.Ldebug_ranges0:
 759 0000 00000000 		.4byte	.LFB64
 760 0004 98000000 		.4byte	.LFE64
 761 0008 00000000 		.4byte	0
 762 000c 00000000 		.4byte	0
 763              		.section	.debug_line,"",%progbits
 764              	.Ldebug_line0:
 765 0000 D4010000 		.section	.debug_str,"MS",%progbits,1
 765      0200AF01 
 765      00000201 
 765      FB0E0D00 
 765      01010101 
 766              	.LASF23:
 767 0000 56616C75 		.ascii	"Value_mV\000"
 767      655F6D56 
 767      00
 768              	.LASF49:
 769 0009 5C5C4D61 		.ascii	"\\\\Mac\\Dropbox\\Tesi\\Codice\\Tesi_Capodieci_DelP"
 769      635C4472 
 769      6F70626F 
 769      785C5465 
 769      73695C43 
 770 0036 72657465 		.ascii	"rete\\Albumin_Measurement_Pot\\Albumin_Measurement_"
 770      5C416C62 
 770      756D696E 
 770      5F4D6561 
 770      73757265 
 771 0067 506F7465 		.ascii	"Potentiostat.cydsn\000"
 771      6E74696F 
 771      73746174 
 771      2E637964 
 771      736E00
 772              	.LASF41:
 773 007a 466C6167 		.ascii	"Flag_Programmed\000"
 773      5F50726F 
 773      6772616D 
 773      6D656400 
 774              	.LASF38:
ARM GAS  C:\Users\MARCOD~1\AppData\Local\Temp\ccAg2drb.s 			page 16


 775 008a 466C6167 		.ascii	"Flag_CV\000"
 775      5F435600 
 776              	.LASF21:
 777 0092 466C6167 		.ascii	"Flag_Period\000"
 777      5F506572 
 777      696F6400 
 778              	.LASF31:
 779 009e 53746172 		.ascii	"StartCalibration\000"
 779      7443616C 
 779      69627261 
 779      74696F6E 
 779      00
 780              	.LASF25:
 781 00af 76616C75 		.ascii	"value\000"
 781      6500
 782              	.LASF9:
 783 00b5 5F5F696E 		.ascii	"__int32_t\000"
 783      7433325F 
 783      7400
 784              	.LASF4:
 785 00bf 6C6F6E67 		.ascii	"long int\000"
 785      20696E74 
 785      00
 786              	.LASF3:
 787 00c8 73686F72 		.ascii	"short unsigned int\000"
 787      7420756E 
 787      7369676E 
 787      65642069 
 787      6E7400
 788              	.LASF36:
 789 00db 43726F6E 		.ascii	"Crono_Pot\000"
 789      6F5F506F 
 789      7400
 790              	.LASF43:
 791 00e5 466C6167 		.ascii	"Flag_Fifty\000"
 791      5F466966 
 791      747900
 792              	.LASF10:
 793 00f0 696E7433 		.ascii	"int32_t\000"
 793      325F7400 
 794              	.LASF15:
 795 00f8 666C6F61 		.ascii	"float\000"
 795      7400
 796              	.LASF39:
 797 00fe 466C6167 		.ascii	"Flag_Crono\000"
 797      5F43726F 
 797      6E6F00
 798              	.LASF22:
 799 0109 466C6167 		.ascii	"Flag_Limit\000"
 799      5F4C696D 
 799      697400
 800              	.LASF32:
 801 0114 466C6167 		.ascii	"Flag_SetV\000"
 801      5F536574 
 801      5600
 802              	.LASF1:
 803 011e 756E7369 		.ascii	"unsigned char\000"
ARM GAS  C:\Users\MARCOD~1\AppData\Local\Temp\ccAg2drb.s 			page 17


 803      676E6564 
 803      20636861 
 803      7200
 804              	.LASF47:
 805 012c 474E5520 		.ascii	"GNU C11 5.4.1 20160609 (release) [ARM/embedded-5-br"
 805      43313120 
 805      352E342E 
 805      31203230 
 805      31363036 
 806 015f 616E6368 		.ascii	"anch revision 237715] -mcpu=cortex-m3 -mthumb -g -O"
 806      20726576 
 806      6973696F 
 806      6E203233 
 806      37373135 
 807 0192 67202D66 		.ascii	"g -ffunction-sections -ffat-lto-objects\000"
 807      66756E63 
 807      74696F6E 
 807      2D736563 
 807      74696F6E 
 808              	.LASF13:
 809 01ba 696E7431 		.ascii	"int16\000"
 809      3600
 810              	.LASF5:
 811 01c0 6C6F6E67 		.ascii	"long unsigned int\000"
 811      20756E73 
 811      69676E65 
 811      6420696E 
 811      7400
 812              	.LASF27:
 813 01d2 44617461 		.ascii	"DataBuffer6\000"
 813      42756666 
 813      65723600 
 814              	.LASF42:
 815 01de 466C6167 		.ascii	"Flag_Hundred\000"
 815      5F48756E 
 815      64726564 
 815      00
 816              	.LASF46:
 817 01eb 49544D5F 		.ascii	"ITM_RxBuffer\000"
 817      52784275 
 817      66666572 
 817      00
 818              	.LASF16:
 819 01f8 646F7562 		.ascii	"double\000"
 819      6C6500
 820              	.LASF34:
 821 01ff 4E65675F 		.ascii	"Neg_Pot\000"
 821      506F7400 
 822              	.LASF18:
 823 0207 6C6F6E67 		.ascii	"long double\000"
 823      20646F75 
 823      626C6500 
 824              	.LASF12:
 825 0213 75696E74 		.ascii	"uint16\000"
 825      313600
 826              	.LASF8:
 827 021a 756E7369 		.ascii	"unsigned int\000"
ARM GAS  C:\Users\MARCOD~1\AppData\Local\Temp\ccAg2drb.s 			page 18


 827      676E6564 
 827      20696E74 
 827      00
 828              	.LASF7:
 829 0227 6C6F6E67 		.ascii	"long long unsigned int\000"
 829      206C6F6E 
 829      6720756E 
 829      7369676E 
 829      65642069 
 830              	.LASF51:
 831 023e 44564441 		.ascii	"DVDAC_SetV_SetValue\000"
 831      435F5365 
 831      74565F53 
 831      65745661 
 831      6C756500 
 832              	.LASF45:
 833 0252 466C6167 		.ascii	"Flag_Two_Period\000"
 833      5F54776F 
 833      5F506572 
 833      696F6400 
 834              	.LASF44:
 835 0262 466C6167 		.ascii	"Flag_One_Period\000"
 835      5F4F6E65 
 835      5F506572 
 835      696F6400 
 836              	.LASF40:
 837 0272 466C6167 		.ascii	"Flag_DataCrono\000"
 837      5F446174 
 837      6143726F 
 837      6E6F00
 838              	.LASF30:
 839 0281 52656365 		.ascii	"Received_Ar\000"
 839      69766564 
 839      5F417200 
 840              	.LASF14:
 841 028d 696E7433 		.ascii	"int32\000"
 841      3200
 842              	.LASF19:
 843 0293 73697A65 		.ascii	"sizetype\000"
 843      74797065 
 843      00
 844              	.LASF48:
 845 029c 566F6C74 		.ascii	"VoltageControl.c\000"
 845      61676543 
 845      6F6E7472 
 845      6F6C2E63 
 845      00
 846              	.LASF6:
 847 02ad 6C6F6E67 		.ascii	"long long int\000"
 847      206C6F6E 
 847      6720696E 
 847      7400
 848              	.LASF33:
 849 02bb 53746F70 		.ascii	"Stop\000"
 849      00
 850              	.LASF24:
 851 02c0 466C6167 		.ascii	"Flag_Measure\000"
ARM GAS  C:\Users\MARCOD~1\AppData\Local\Temp\ccAg2drb.s 			page 19


 851      5F4D6561 
 851      73757265 
 851      00
 852              	.LASF17:
 853 02cd 63686172 		.ascii	"char\000"
 853      00
 854              	.LASF35:
 855 02d2 506F735F 		.ascii	"Pos_Pot\000"
 855      506F7400 
 856              	.LASF28:
 857 02da 53746172 		.ascii	"Start_Measure\000"
 857      745F4D65 
 857      61737572 
 857      6500
 858              	.LASF2:
 859 02e8 73686F72 		.ascii	"short int\000"
 859      7420696E 
 859      7400
 860              	.LASF50:
 861 02f2 43757374 		.ascii	"Custom_ISR_CV\000"
 861      6F6D5F49 
 861      53525F43 
 861      5600
 862              	.LASF11:
 863 0300 75696E74 		.ascii	"uint8\000"
 863      3800
 864              	.LASF29:
 865 0306 466C6167 		.ascii	"Flag_Hn\000"
 865      5F486E00 
 866              	.LASF26:
 867 030e 44617461 		.ascii	"DataBuffer\000"
 867      42756666 
 867      657200
 868              	.LASF37:
 869 0319 506F745F 		.ascii	"Pot_Range\000"
 869      52616E67 
 869      6500
 870              	.LASF0:
 871 0323 7369676E 		.ascii	"signed char\000"
 871      65642063 
 871      68617200 
 872              	.LASF20:
 873 032f 42756666 		.ascii	"BufferDataSend\000"
 873      65724461 
 873      74615365 
 873      6E6400
 874              		.ident	"GCC: (GNU Tools for ARM Embedded Processors) 5.4.1 20160609 (release) [ARM/embedded-5-bran
